ARM GAS  C:\Users\Midori\AppData\Local\Temp\ccfURWS6.s 			page 1


   1              		.cpu cortex-m0
   2              		.fpu softvfp
   3              		.eabi_attribute 20, 1
   4              		.eabi_attribute 21, 1
   5              		.eabi_attribute 23, 3
   6              		.eabi_attribute 24, 1
   7              		.eabi_attribute 25, 1
   8              		.eabi_attribute 26, 1
   9              		.eabi_attribute 30, 6
  10              		.eabi_attribute 34, 0
  11              		.eabi_attribute 18, 4
  12              		.code	16
  13              		.file	"BLE_custom.c"
  14              		.text
  15              	.Ltext0:
  16              		.cfi_sections	.debug_frame
  17              		.global	cyBle_customs
  18              		.section	.rodata
  19              		.align	2
  20              		.type	cyBle_customs, %object
  21              		.size	cyBle_customs, 6
  22              	cyBle_customs:
  23 0000 0C00     		.short	12
  24 0002 0E00     		.short	14
  25 0004 0F00     		.short	15
  26 0006 0000     		.section	.text.CyBle_CustomInit,"ax",%progbits
  27              		.align	2
  28              		.global	CyBle_CustomInit
  29              		.code	16
  30              		.thumb_func
  31              		.type	CyBle_CustomInit, %function
  32              	CyBle_CustomInit:
  33              	.LFB2:
  34              		.file 1 ".\\Generated_Source\\PSoC4\\BLE_custom.c"
   1:.\Generated_Source\PSoC4/BLE_custom.c **** /***************************************************************************//**
   2:.\Generated_Source\PSoC4/BLE_custom.c **** * \file CYBLE_custom.c
   3:.\Generated_Source\PSoC4/BLE_custom.c **** * \version 3.10
   4:.\Generated_Source\PSoC4/BLE_custom.c **** * 
   5:.\Generated_Source\PSoC4/BLE_custom.c **** * \brief
   6:.\Generated_Source\PSoC4/BLE_custom.c **** *  Contains the source code for the Custom Service.
   7:.\Generated_Source\PSoC4/BLE_custom.c **** * 
   8:.\Generated_Source\PSoC4/BLE_custom.c **** ********************************************************************************
   9:.\Generated_Source\PSoC4/BLE_custom.c **** * \copyright
  10:.\Generated_Source\PSoC4/BLE_custom.c **** * Copyright 2014-2016, Cypress Semiconductor Corporation.  All rights reserved.
  11:.\Generated_Source\PSoC4/BLE_custom.c **** * You may use this file only in accordance with the license, terms, conditions,
  12:.\Generated_Source\PSoC4/BLE_custom.c **** * disclaimers, and limitations in the end user license agreement accompanying
  13:.\Generated_Source\PSoC4/BLE_custom.c **** * the software package with which this file was provided.
  14:.\Generated_Source\PSoC4/BLE_custom.c **** *******************************************************************************/
  15:.\Generated_Source\PSoC4/BLE_custom.c **** 
  16:.\Generated_Source\PSoC4/BLE_custom.c **** 
  17:.\Generated_Source\PSoC4/BLE_custom.c **** #include "BLE_eventHandler.h"
  18:.\Generated_Source\PSoC4/BLE_custom.c **** 
  19:.\Generated_Source\PSoC4/BLE_custom.c **** #ifdef CYBLE_CUSTOM_SERVER
  20:.\Generated_Source\PSoC4/BLE_custom.c **** 
  21:.\Generated_Source\PSoC4/BLE_custom.c **** /* If any custom service with custom characterisctis is defined in the
  22:.\Generated_Source\PSoC4/BLE_custom.c **** * customizer's GUI their handles will be present in this array.
  23:.\Generated_Source\PSoC4/BLE_custom.c **** */
ARM GAS  C:\Users\Midori\AppData\Local\Temp\ccfURWS6.s 			page 2


  24:.\Generated_Source\PSoC4/BLE_custom.c **** /* This array contains attribute handles for the defined Custom Services and their characteristics 
  25:.\Generated_Source\PSoC4/BLE_custom.c ****    The array index definitions are located in the CYBLE_custom.h file. */
  26:.\Generated_Source\PSoC4/BLE_custom.c **** const CYBLE_CUSTOMS_T cyBle_customs[0x01u] = {
  27:.\Generated_Source\PSoC4/BLE_custom.c **** 
  28:.\Generated_Source\PSoC4/BLE_custom.c ****     /* Server_Accel service */
  29:.\Generated_Source\PSoC4/BLE_custom.c ****     {
  30:.\Generated_Source\PSoC4/BLE_custom.c ****         0x000Cu, /* Handle of the Server_Accel service */ 
  31:.\Generated_Source\PSoC4/BLE_custom.c ****         {
  32:.\Generated_Source\PSoC4/BLE_custom.c **** 
  33:.\Generated_Source\PSoC4/BLE_custom.c ****             /* Server_Accel_Tx_data characteristic */
  34:.\Generated_Source\PSoC4/BLE_custom.c ****             {
  35:.\Generated_Source\PSoC4/BLE_custom.c ****                 0x000Eu, /* Handle of the Server_Accel_Tx_data characteristic */ 
  36:.\Generated_Source\PSoC4/BLE_custom.c ****                 
  37:.\Generated_Source\PSoC4/BLE_custom.c ****                 /* Array of Descriptors handles */
  38:.\Generated_Source\PSoC4/BLE_custom.c ****                 {
  39:.\Generated_Source\PSoC4/BLE_custom.c ****                     0x000Fu, /* Handle of the Client Characteristic Configuration descriptor */ 
  40:.\Generated_Source\PSoC4/BLE_custom.c ****                 }, 
  41:.\Generated_Source\PSoC4/BLE_custom.c ****             },
  42:.\Generated_Source\PSoC4/BLE_custom.c ****         }, 
  43:.\Generated_Source\PSoC4/BLE_custom.c ****     },
  44:.\Generated_Source\PSoC4/BLE_custom.c **** };
  45:.\Generated_Source\PSoC4/BLE_custom.c **** 
  46:.\Generated_Source\PSoC4/BLE_custom.c **** 
  47:.\Generated_Source\PSoC4/BLE_custom.c **** #endif /* (CYBLE_CUSTOM_SERVER) */
  48:.\Generated_Source\PSoC4/BLE_custom.c **** 
  49:.\Generated_Source\PSoC4/BLE_custom.c **** #ifdef CYBLE_CUSTOM_CLIENT
  50:.\Generated_Source\PSoC4/BLE_custom.c ****     
  51:.\Generated_Source\PSoC4/BLE_custom.c **** 
  52:.\Generated_Source\PSoC4/BLE_custom.c **** static uint16 cyBle_customDisServIndex;
  53:.\Generated_Source\PSoC4/BLE_custom.c **** static uint16 cyBle_customDisCharIndex;
  54:.\Generated_Source\PSoC4/BLE_custom.c **** 
  55:.\Generated_Source\PSoC4/BLE_custom.c **** #endif /* (CYBLE_CUSTOM_CLIENT) */
  56:.\Generated_Source\PSoC4/BLE_custom.c **** 
  57:.\Generated_Source\PSoC4/BLE_custom.c **** 
  58:.\Generated_Source\PSoC4/BLE_custom.c **** /****************************************************************************** 
  59:.\Generated_Source\PSoC4/BLE_custom.c **** * Function Name: CyBle_CustomInit
  60:.\Generated_Source\PSoC4/BLE_custom.c **** ***************************************************************************//**
  61:.\Generated_Source\PSoC4/BLE_custom.c **** * 
  62:.\Generated_Source\PSoC4/BLE_custom.c **** *  This function initializes Custom Service.
  63:.\Generated_Source\PSoC4/BLE_custom.c **** * 
  64:.\Generated_Source\PSoC4/BLE_custom.c **** * \return
  65:.\Generated_Source\PSoC4/BLE_custom.c **** *  None
  66:.\Generated_Source\PSoC4/BLE_custom.c **** * 
  67:.\Generated_Source\PSoC4/BLE_custom.c **** ******************************************************************************/
  68:.\Generated_Source\PSoC4/BLE_custom.c **** void CyBle_CustomInit(void)
  69:.\Generated_Source\PSoC4/BLE_custom.c **** {
  35              		.loc 1 69 0
  36              		.cfi_startproc
  37 0000 80B5     		push	{r7, lr}
  38              		.cfi_def_cfa_offset 8
  39              		.cfi_offset 7, -8
  40              		.cfi_offset 14, -4
  41 0002 00AF     		add	r7, sp, #0
  42              		.cfi_def_cfa_register 7
  70:.\Generated_Source\PSoC4/BLE_custom.c ****     
  71:.\Generated_Source\PSoC4/BLE_custom.c **** #ifdef CYBLE_CUSTOM_CLIENT
  72:.\Generated_Source\PSoC4/BLE_custom.c **** 
ARM GAS  C:\Users\Midori\AppData\Local\Temp\ccfURWS6.s 			page 3


  73:.\Generated_Source\PSoC4/BLE_custom.c ****     uint16 locServIndex;
  74:.\Generated_Source\PSoC4/BLE_custom.c ****     uint16 locCharIndex;
  75:.\Generated_Source\PSoC4/BLE_custom.c ****     uint16 locDescIndex;
  76:.\Generated_Source\PSoC4/BLE_custom.c ****     
  77:.\Generated_Source\PSoC4/BLE_custom.c ****     for(locServIndex = 0u; locServIndex < CYBLE_CUSTOMC_SERVICE_COUNT; locServIndex++)
  78:.\Generated_Source\PSoC4/BLE_custom.c ****     {
  79:.\Generated_Source\PSoC4/BLE_custom.c ****         if(cyBle_serverInfo[CYBLE_SRVI_CUSTOMS + locServIndex].range.startHandle == CYBLE_GATT_INVA
  80:.\Generated_Source\PSoC4/BLE_custom.c ****         {
  81:.\Generated_Source\PSoC4/BLE_custom.c ****             for(locCharIndex = 0u; locCharIndex < cyBle_customCServ[locServIndex].charCount; locCha
  82:.\Generated_Source\PSoC4/BLE_custom.c ****             {
  83:.\Generated_Source\PSoC4/BLE_custom.c ****                 cyBle_customCServ[locServIndex].customServChar[locCharIndex].
  84:.\Generated_Source\PSoC4/BLE_custom.c ****                     customServCharHandle = 0u;
  85:.\Generated_Source\PSoC4/BLE_custom.c ****                 
  86:.\Generated_Source\PSoC4/BLE_custom.c ****                 for(locDescIndex = 0u; locDescIndex < 
  87:.\Generated_Source\PSoC4/BLE_custom.c ****                     cyBle_customCServ[locServIndex].customServChar[locCharIndex].descCount; 
  88:.\Generated_Source\PSoC4/BLE_custom.c ****                         locDescIndex++)
  89:.\Generated_Source\PSoC4/BLE_custom.c ****                 {
  90:.\Generated_Source\PSoC4/BLE_custom.c ****                     cyBle_customCServ[locServIndex].customServChar[locCharIndex].
  91:.\Generated_Source\PSoC4/BLE_custom.c ****                         customServCharDesc[locDescIndex].descHandle = 0u;
  92:.\Generated_Source\PSoC4/BLE_custom.c ****                 }
  93:.\Generated_Source\PSoC4/BLE_custom.c ****             }
  94:.\Generated_Source\PSoC4/BLE_custom.c ****         }
  95:.\Generated_Source\PSoC4/BLE_custom.c ****     }
  96:.\Generated_Source\PSoC4/BLE_custom.c **** 
  97:.\Generated_Source\PSoC4/BLE_custom.c **** #endif /* (CYBLE_CUSTOM_CLIENT) */
  98:.\Generated_Source\PSoC4/BLE_custom.c **** }
  43              		.loc 1 98 0
  44 0004 BD46     		mov	sp, r7
  45              		@ sp needed
  46 0006 80BD     		pop	{r7, pc}
  47              		.cfi_endproc
  48              	.LFE2:
  49              		.size	CyBle_CustomInit, .-CyBle_CustomInit
  50              		.text
  51              	.Letext0:
  52              		.file 2 ".\\Generated_Source\\PSoC4\\cytypes.h"
  53              		.file 3 ".\\Generated_Source\\PSoC4\\BLE_StackGatt.h"
  54              		.file 4 ".\\Generated_Source\\PSoC4\\BLE_custom.h"
  55              		.file 5 ".\\Generated_Source\\PSoC4\\BLE_Stack.h"
  56              		.section	.debug_info,"",%progbits
  57              	.Ldebug_info0:
  58 0000 08030000 		.4byte	0x308
  59 0004 0400     		.2byte	0x4
  60 0006 00000000 		.4byte	.Ldebug_abbrev0
  61 000a 04       		.byte	0x4
  62 000b 01       		.uleb128 0x1
  63 000c 8C060000 		.4byte	.LASF87
  64 0010 01       		.byte	0x1
  65 0011 54020000 		.4byte	.LASF88
  66 0015 93000000 		.4byte	.LASF89
  67 0019 00000000 		.4byte	.Ldebug_ranges0+0
  68 001d 00000000 		.4byte	0
  69 0021 00000000 		.4byte	.Ldebug_line0
  70 0025 02       		.uleb128 0x2
  71 0026 01       		.byte	0x1
  72 0027 06       		.byte	0x6
  73 0028 D4040000 		.4byte	.LASF0
ARM GAS  C:\Users\Midori\AppData\Local\Temp\ccfURWS6.s 			page 4


  74 002c 02       		.uleb128 0x2
  75 002d 01       		.byte	0x1
  76 002e 08       		.byte	0x8
  77 002f 5B040000 		.4byte	.LASF1
  78 0033 02       		.uleb128 0x2
  79 0034 02       		.byte	0x2
  80 0035 05       		.byte	0x5
  81 0036 E0000000 		.4byte	.LASF2
  82 003a 02       		.uleb128 0x2
  83 003b 02       		.byte	0x2
  84 003c 07       		.byte	0x7
  85 003d 36070000 		.4byte	.LASF3
  86 0041 02       		.uleb128 0x2
  87 0042 04       		.byte	0x4
  88 0043 05       		.byte	0x5
  89 0044 0F030000 		.4byte	.LASF4
  90 0048 02       		.uleb128 0x2
  91 0049 04       		.byte	0x4
  92 004a 07       		.byte	0x7
  93 004b 65050000 		.4byte	.LASF5
  94 004f 02       		.uleb128 0x2
  95 0050 08       		.byte	0x8
  96 0051 05       		.byte	0x5
  97 0052 2E010000 		.4byte	.LASF6
  98 0056 02       		.uleb128 0x2
  99 0057 08       		.byte	0x8
 100 0058 07       		.byte	0x7
 101 0059 E3020000 		.4byte	.LASF7
 102 005d 03       		.uleb128 0x3
 103 005e 04       		.byte	0x4
 104 005f 05       		.byte	0x5
 105 0060 696E7400 		.ascii	"int\000"
 106 0064 02       		.uleb128 0x2
 107 0065 04       		.byte	0x4
 108 0066 07       		.byte	0x7
 109 0067 3D050000 		.4byte	.LASF8
 110 006b 04       		.uleb128 0x4
 111 006c A4010000 		.4byte	.LASF79
 112 0070 02       		.byte	0x2
 113 0071 9901     		.2byte	0x199
 114 0073 3A000000 		.4byte	0x3a
 115 0077 02       		.uleb128 0x2
 116 0078 04       		.byte	0x4
 117 0079 04       		.byte	0x4
 118 007a 7A020000 		.4byte	.LASF9
 119 007e 02       		.uleb128 0x2
 120 007f 08       		.byte	0x8
 121 0080 04       		.byte	0x4
 122 0081 E6070000 		.4byte	.LASF10
 123 0085 02       		.uleb128 0x2
 124 0086 01       		.byte	0x1
 125 0087 08       		.byte	0x8
 126 0088 63060000 		.4byte	.LASF11
 127 008c 02       		.uleb128 0x2
 128 008d 04       		.byte	0x4
 129 008e 07       		.byte	0x7
 130 008f 04010000 		.4byte	.LASF12
ARM GAS  C:\Users\Midori\AppData\Local\Temp\ccfURWS6.s 			page 5


 131 0093 05       		.uleb128 0x5
 132 0094 01       		.byte	0x1
 133 0095 05       		.byte	0x5
 134 0096 4201     		.2byte	0x142
 135 0098 50020000 		.4byte	0x250
 136 009c 06       		.uleb128 0x6
 137 009d FE010000 		.4byte	.LASF13
 138 00a1 00       		.sleb128 0
 139 00a2 06       		.uleb128 0x6
 140 00a3 73010000 		.4byte	.LASF14
 141 00a7 01       		.sleb128 1
 142 00a8 06       		.uleb128 0x6
 143 00a9 4F090000 		.4byte	.LASF15
 144 00ad 02       		.sleb128 2
 145 00ae 06       		.uleb128 0x6
 146 00af 25080000 		.4byte	.LASF16
 147 00b3 03       		.sleb128 3
 148 00b4 06       		.uleb128 0x6
 149 00b5 4D010000 		.4byte	.LASF17
 150 00b9 04       		.sleb128 4
 151 00ba 06       		.uleb128 0x6
 152 00bb A1030000 		.4byte	.LASF18
 153 00bf 05       		.sleb128 5
 154 00c0 06       		.uleb128 0x6
 155 00c1 3E000000 		.4byte	.LASF19
 156 00c5 06       		.sleb128 6
 157 00c6 06       		.uleb128 0x6
 158 00c7 83080000 		.4byte	.LASF20
 159 00cb 20       		.sleb128 32
 160 00cc 06       		.uleb128 0x6
 161 00cd 77050000 		.4byte	.LASF21
 162 00d1 21       		.sleb128 33
 163 00d2 06       		.uleb128 0x6
 164 00d3 00000000 		.4byte	.LASF22
 165 00d7 22       		.sleb128 34
 166 00d8 06       		.uleb128 0x6
 167 00d9 BD030000 		.4byte	.LASF23
 168 00dd 23       		.sleb128 35
 169 00de 06       		.uleb128 0x6
 170 00df 21050000 		.4byte	.LASF24
 171 00e3 24       		.sleb128 36
 172 00e4 06       		.uleb128 0x6
 173 00e5 EA000000 		.4byte	.LASF25
 174 00e9 25       		.sleb128 37
 175 00ea 06       		.uleb128 0x6
 176 00eb 58030000 		.4byte	.LASF26
 177 00ef 26       		.sleb128 38
 178 00f0 06       		.uleb128 0x6
 179 00f1 39030000 		.4byte	.LASF27
 180 00f5 27       		.sleb128 39
 181 00f6 06       		.uleb128 0x6
 182 00f7 71000000 		.4byte	.LASF28
 183 00fb 28       		.sleb128 40
 184 00fc 06       		.uleb128 0x6
 185 00fd AF050000 		.4byte	.LASF29
 186 0101 29       		.sleb128 41
 187 0102 06       		.uleb128 0x6
ARM GAS  C:\Users\Midori\AppData\Local\Temp\ccfURWS6.s 			page 6


 188 0103 13060000 		.4byte	.LASF30
 189 0107 2A       		.sleb128 42
 190 0108 06       		.uleb128 0x6
 191 0109 86070000 		.4byte	.LASF31
 192 010d 2B       		.sleb128 43
 193 010e 06       		.uleb128 0x6
 194 010f EF050000 		.4byte	.LASF32
 195 0113 2C       		.sleb128 44
 196 0114 06       		.uleb128 0x6
 197 0115 99020000 		.4byte	.LASF33
 198 0119 2D       		.sleb128 45
 199 011a 06       		.uleb128 0x6
 200 011b 68060000 		.4byte	.LASF34
 201 011f 2E       		.sleb128 46
 202 0120 06       		.uleb128 0x6
 203 0121 450A0000 		.4byte	.LASF35
 204 0125 2F       		.sleb128 47
 205 0126 06       		.uleb128 0x6
 206 0127 0D010000 		.4byte	.LASF36
 207 012b 30       		.sleb128 48
 208 012c 06       		.uleb128 0x6
 209 012d 11040000 		.4byte	.LASF37
 210 0131 31       		.sleb128 49
 211 0132 06       		.uleb128 0x6
 212 0133 C2020000 		.4byte	.LASF38
 213 0137 32       		.sleb128 50
 214 0138 06       		.uleb128 0x6
 215 0139 3C060000 		.4byte	.LASF39
 216 013d 33       		.sleb128 51
 217 013e 06       		.uleb128 0x6
 218 013f 57000000 		.4byte	.LASF40
 219 0143 C000     		.sleb128 64
 220 0145 06       		.uleb128 0x6
 221 0146 4A050000 		.4byte	.LASF41
 222 014a C100     		.sleb128 65
 223 014c 06       		.uleb128 0x6
 224 014d 270A0000 		.4byte	.LASF42
 225 0151 C200     		.sleb128 66
 226 0153 06       		.uleb128 0x6
 227 0154 86010000 		.4byte	.LASF43
 228 0158 C300     		.sleb128 67
 229 015a 06       		.uleb128 0x6
 230 015b 0D090000 		.4byte	.LASF44
 231 015f C400     		.sleb128 68
 232 0161 06       		.uleb128 0x6
 233 0162 A7080000 		.4byte	.LASF45
 234 0166 C500     		.sleb128 69
 235 0168 06       		.uleb128 0x6
 236 0169 EC080000 		.4byte	.LASF46
 237 016d C600     		.sleb128 70
 238 016f 06       		.uleb128 0x6
 239 0170 B6040000 		.4byte	.LASF47
 240 0174 C700     		.sleb128 71
 241 0176 06       		.uleb128 0x6
 242 0177 FA040000 		.4byte	.LASF48
 243 017b C800     		.sleb128 72
 244 017d 06       		.uleb128 0x6
ARM GAS  C:\Users\Midori\AppData\Local\Temp\ccfURWS6.s 			page 7


 245 017e 80020000 		.4byte	.LASF49
 246 0182 C900     		.sleb128 73
 247 0184 06       		.uleb128 0x6
 248 0185 49070000 		.4byte	.LASF50
 249 0189 CA00     		.sleb128 74
 250 018b 06       		.uleb128 0x6
 251 018c BE010000 		.4byte	.LASF51
 252 0190 CB00     		.sleb128 75
 253 0192 06       		.uleb128 0x6
 254 0193 E0040000 		.4byte	.LASF52
 255 0197 CC00     		.sleb128 76
 256 0199 06       		.uleb128 0x6
 257 019a 24000000 		.4byte	.LASF53
 258 019e CD00     		.sleb128 77
 259 01a0 06       		.uleb128 0x6
 260 01a1 CE080000 		.4byte	.LASF54
 261 01a5 CE00     		.sleb128 78
 262 01a7 06       		.uleb128 0x6
 263 01a8 78040000 		.4byte	.LASF55
 264 01ac CF00     		.sleb128 79
 265 01ae 06       		.uleb128 0x6
 266 01af BA090000 		.4byte	.LASF56
 267 01b3 D000     		.sleb128 80
 268 01b5 06       		.uleb128 0x6
 269 01b6 67070000 		.4byte	.LASF57
 270 01ba D100     		.sleb128 81
 271 01bc 06       		.uleb128 0x6
 272 01bd 80030000 		.4byte	.LASF58
 273 01c1 D200     		.sleb128 82
 274 01c3 06       		.uleb128 0x6
 275 01c4 18030000 		.4byte	.LASF59
 276 01c8 D300     		.sleb128 83
 277 01ca 06       		.uleb128 0x6
 278 01cb DD010000 		.4byte	.LASF60
 279 01cf D400     		.sleb128 84
 280 01d1 06       		.uleb128 0x6
 281 01d2 030A0000 		.4byte	.LASF61
 282 01d6 D500     		.sleb128 85
 283 01d8 06       		.uleb128 0x6
 284 01d9 98090000 		.4byte	.LASF62
 285 01dd D600     		.sleb128 86
 286 01df 06       		.uleb128 0x6
 287 01e0 6F090000 		.4byte	.LASF63
 288 01e4 D700     		.sleb128 87
 289 01e6 06       		.uleb128 0x6
 290 01e7 CC050000 		.4byte	.LASF64
 291 01eb D800     		.sleb128 88
 292 01ed 06       		.uleb128 0x6
 293 01ee 35040000 		.4byte	.LASF65
 294 01f2 F000     		.sleb128 112
 295 01f4 06       		.uleb128 0x6
 296 01f5 5D080000 		.4byte	.LASF66
 297 01f9 F100     		.sleb128 113
 298 01fb 06       		.uleb128 0x6
 299 01fc 1A070000 		.4byte	.LASF67
 300 0200 F200     		.sleb128 114
 301 0202 06       		.uleb128 0x6
ARM GAS  C:\Users\Midori\AppData\Local\Temp\ccfURWS6.s 			page 8


 302 0203 15020000 		.4byte	.LASF68
 303 0207 F300     		.sleb128 115
 304 0209 06       		.uleb128 0x6
 305 020a F3030000 		.4byte	.LASF69
 306 020e F400     		.sleb128 116
 307 0210 06       		.uleb128 0x6
 308 0211 8E050000 		.4byte	.LASF70
 309 0215 F500     		.sleb128 117
 310 0217 06       		.uleb128 0x6
 311 0218 33020000 		.4byte	.LASF71
 312 021c F600     		.sleb128 118
 313 021e 06       		.uleb128 0x6
 314 021f 3E080000 		.4byte	.LASF72
 315 0223 F700     		.sleb128 119
 316 0225 06       		.uleb128 0x6
 317 0226 C3070000 		.4byte	.LASF73
 318 022a F800     		.sleb128 120
 319 022c 06       		.uleb128 0x6
 320 022d ED070000 		.4byte	.LASF74
 321 0231 F900     		.sleb128 121
 322 0233 06       		.uleb128 0x6
 323 0234 2B090000 		.4byte	.LASF75
 324 0238 FA00     		.sleb128 122
 325 023a 06       		.uleb128 0x6
 326 023b A5070000 		.4byte	.LASF76
 327 023f FA01     		.sleb128 250
 328 0241 06       		.uleb128 0x6
 329 0242 97040000 		.4byte	.LASF77
 330 0246 FB01     		.sleb128 251
 331 0248 06       		.uleb128 0x6
 332 0249 61090000 		.4byte	.LASF78
 333 024d FF01     		.sleb128 255
 334 024f 00       		.byte	0
 335 0250 04       		.uleb128 0x4
 336 0251 D9090000 		.4byte	.LASF80
 337 0255 03       		.byte	0x3
 338 0256 9201     		.2byte	0x192
 339 0258 6B000000 		.4byte	0x6b
 340 025c 07       		.uleb128 0x7
 341 025d 04       		.byte	0x4
 342 025e 04       		.byte	0x4
 343 025f 41       		.byte	0x41
 344 0260 7D020000 		.4byte	0x27d
 345 0264 08       		.uleb128 0x8
 346 0265 10080000 		.4byte	.LASF81
 347 0269 04       		.byte	0x4
 348 026a 44       		.byte	0x44
 349 026b 50020000 		.4byte	0x250
 350 026f 00       		.byte	0
 351 0270 08       		.uleb128 0x8
 352 0271 AB010000 		.4byte	.LASF82
 353 0275 04       		.byte	0x4
 354 0276 46       		.byte	0x46
 355 0277 7D020000 		.4byte	0x27d
 356 027b 02       		.byte	0x2
 357 027c 00       		.byte	0
 358 027d 09       		.uleb128 0x9
ARM GAS  C:\Users\Midori\AppData\Local\Temp\ccfURWS6.s 			page 9


 359 027e 50020000 		.4byte	0x250
 360 0282 8D020000 		.4byte	0x28d
 361 0286 0A       		.uleb128 0xa
 362 0287 8C000000 		.4byte	0x8c
 363 028b 00       		.byte	0
 364 028c 00       		.byte	0
 365 028d 0B       		.uleb128 0xb
 366 028e FA020000 		.4byte	.LASF83
 367 0292 04       		.byte	0x4
 368 0293 48       		.byte	0x48
 369 0294 5C020000 		.4byte	0x25c
 370 0298 07       		.uleb128 0x7
 371 0299 06       		.byte	0x6
 372 029a 04       		.byte	0x4
 373 029b 4B       		.byte	0x4b
 374 029c B9020000 		.4byte	0x2b9
 375 02a0 08       		.uleb128 0x8
 376 02a1 3C010000 		.4byte	.LASF84
 377 02a5 04       		.byte	0x4
 378 02a6 4E       		.byte	0x4e
 379 02a7 50020000 		.4byte	0x250
 380 02ab 00       		.byte	0
 381 02ac 08       		.uleb128 0x8
 382 02ad 69040000 		.4byte	.LASF85
 383 02b1 04       		.byte	0x4
 384 02b2 51       		.byte	0x51
 385 02b3 B9020000 		.4byte	0x2b9
 386 02b7 02       		.byte	0x2
 387 02b8 00       		.byte	0
 388 02b9 09       		.uleb128 0x9
 389 02ba 8D020000 		.4byte	0x28d
 390 02be C9020000 		.4byte	0x2c9
 391 02c2 0A       		.uleb128 0xa
 392 02c3 8C000000 		.4byte	0x8c
 393 02c7 00       		.byte	0
 394 02c8 00       		.byte	0
 395 02c9 0B       		.uleb128 0xb
 396 02ca E3030000 		.4byte	.LASF86
 397 02ce 04       		.byte	0x4
 398 02cf 53       		.byte	0x53
 399 02d0 98020000 		.4byte	0x298
 400 02d4 0C       		.uleb128 0xc
 401 02d5 62010000 		.4byte	.LASF90
 402 02d9 01       		.byte	0x1
 403 02da 44       		.byte	0x44
 404 02db 00000000 		.4byte	.LFB2
 405 02df 08000000 		.4byte	.LFE2-.LFB2
 406 02e3 01       		.uleb128 0x1
 407 02e4 9C       		.byte	0x9c
 408 02e5 09       		.uleb128 0x9
 409 02e6 C9020000 		.4byte	0x2c9
 410 02ea F5020000 		.4byte	0x2f5
 411 02ee 0A       		.uleb128 0xa
 412 02ef 8C000000 		.4byte	0x8c
 413 02f3 00       		.byte	0
 414 02f4 00       		.byte	0
 415 02f5 0D       		.uleb128 0xd
ARM GAS  C:\Users\Midori\AppData\Local\Temp\ccfURWS6.s 			page 10


 416 02f6 F5090000 		.4byte	.LASF91
 417 02fa 01       		.byte	0x1
 418 02fb 1A       		.byte	0x1a
 419 02fc 06030000 		.4byte	0x306
 420 0300 05       		.uleb128 0x5
 421 0301 03       		.byte	0x3
 422 0302 00000000 		.4byte	cyBle_customs
 423 0306 0E       		.uleb128 0xe
 424 0307 E5020000 		.4byte	0x2e5
 425 030b 00       		.byte	0
 426              		.section	.debug_abbrev,"",%progbits
 427              	.Ldebug_abbrev0:
 428 0000 01       		.uleb128 0x1
 429 0001 11       		.uleb128 0x11
 430 0002 01       		.byte	0x1
 431 0003 25       		.uleb128 0x25
 432 0004 0E       		.uleb128 0xe
 433 0005 13       		.uleb128 0x13
 434 0006 0B       		.uleb128 0xb
 435 0007 03       		.uleb128 0x3
 436 0008 0E       		.uleb128 0xe
 437 0009 1B       		.uleb128 0x1b
 438 000a 0E       		.uleb128 0xe
 439 000b 55       		.uleb128 0x55
 440 000c 17       		.uleb128 0x17
 441 000d 11       		.uleb128 0x11
 442 000e 01       		.uleb128 0x1
 443 000f 10       		.uleb128 0x10
 444 0010 17       		.uleb128 0x17
 445 0011 00       		.byte	0
 446 0012 00       		.byte	0
 447 0013 02       		.uleb128 0x2
 448 0014 24       		.uleb128 0x24
 449 0015 00       		.byte	0
 450 0016 0B       		.uleb128 0xb
 451 0017 0B       		.uleb128 0xb
 452 0018 3E       		.uleb128 0x3e
 453 0019 0B       		.uleb128 0xb
 454 001a 03       		.uleb128 0x3
 455 001b 0E       		.uleb128 0xe
 456 001c 00       		.byte	0
 457 001d 00       		.byte	0
 458 001e 03       		.uleb128 0x3
 459 001f 24       		.uleb128 0x24
 460 0020 00       		.byte	0
 461 0021 0B       		.uleb128 0xb
 462 0022 0B       		.uleb128 0xb
 463 0023 3E       		.uleb128 0x3e
 464 0024 0B       		.uleb128 0xb
 465 0025 03       		.uleb128 0x3
 466 0026 08       		.uleb128 0x8
 467 0027 00       		.byte	0
 468 0028 00       		.byte	0
 469 0029 04       		.uleb128 0x4
 470 002a 16       		.uleb128 0x16
 471 002b 00       		.byte	0
 472 002c 03       		.uleb128 0x3
ARM GAS  C:\Users\Midori\AppData\Local\Temp\ccfURWS6.s 			page 11


 473 002d 0E       		.uleb128 0xe
 474 002e 3A       		.uleb128 0x3a
 475 002f 0B       		.uleb128 0xb
 476 0030 3B       		.uleb128 0x3b
 477 0031 05       		.uleb128 0x5
 478 0032 49       		.uleb128 0x49
 479 0033 13       		.uleb128 0x13
 480 0034 00       		.byte	0
 481 0035 00       		.byte	0
 482 0036 05       		.uleb128 0x5
 483 0037 04       		.uleb128 0x4
 484 0038 01       		.byte	0x1
 485 0039 0B       		.uleb128 0xb
 486 003a 0B       		.uleb128 0xb
 487 003b 3A       		.uleb128 0x3a
 488 003c 0B       		.uleb128 0xb
 489 003d 3B       		.uleb128 0x3b
 490 003e 05       		.uleb128 0x5
 491 003f 01       		.uleb128 0x1
 492 0040 13       		.uleb128 0x13
 493 0041 00       		.byte	0
 494 0042 00       		.byte	0
 495 0043 06       		.uleb128 0x6
 496 0044 28       		.uleb128 0x28
 497 0045 00       		.byte	0
 498 0046 03       		.uleb128 0x3
 499 0047 0E       		.uleb128 0xe
 500 0048 1C       		.uleb128 0x1c
 501 0049 0D       		.uleb128 0xd
 502 004a 00       		.byte	0
 503 004b 00       		.byte	0
 504 004c 07       		.uleb128 0x7
 505 004d 13       		.uleb128 0x13
 506 004e 01       		.byte	0x1
 507 004f 0B       		.uleb128 0xb
 508 0050 0B       		.uleb128 0xb
 509 0051 3A       		.uleb128 0x3a
 510 0052 0B       		.uleb128 0xb
 511 0053 3B       		.uleb128 0x3b
 512 0054 0B       		.uleb128 0xb
 513 0055 01       		.uleb128 0x1
 514 0056 13       		.uleb128 0x13
 515 0057 00       		.byte	0
 516 0058 00       		.byte	0
 517 0059 08       		.uleb128 0x8
 518 005a 0D       		.uleb128 0xd
 519 005b 00       		.byte	0
 520 005c 03       		.uleb128 0x3
 521 005d 0E       		.uleb128 0xe
 522 005e 3A       		.uleb128 0x3a
 523 005f 0B       		.uleb128 0xb
 524 0060 3B       		.uleb128 0x3b
 525 0061 0B       		.uleb128 0xb
 526 0062 49       		.uleb128 0x49
 527 0063 13       		.uleb128 0x13
 528 0064 38       		.uleb128 0x38
 529 0065 0B       		.uleb128 0xb
ARM GAS  C:\Users\Midori\AppData\Local\Temp\ccfURWS6.s 			page 12


 530 0066 00       		.byte	0
 531 0067 00       		.byte	0
 532 0068 09       		.uleb128 0x9
 533 0069 01       		.uleb128 0x1
 534 006a 01       		.byte	0x1
 535 006b 49       		.uleb128 0x49
 536 006c 13       		.uleb128 0x13
 537 006d 01       		.uleb128 0x1
 538 006e 13       		.uleb128 0x13
 539 006f 00       		.byte	0
 540 0070 00       		.byte	0
 541 0071 0A       		.uleb128 0xa
 542 0072 21       		.uleb128 0x21
 543 0073 00       		.byte	0
 544 0074 49       		.uleb128 0x49
 545 0075 13       		.uleb128 0x13
 546 0076 2F       		.uleb128 0x2f
 547 0077 0B       		.uleb128 0xb
 548 0078 00       		.byte	0
 549 0079 00       		.byte	0
 550 007a 0B       		.uleb128 0xb
 551 007b 16       		.uleb128 0x16
 552 007c 00       		.byte	0
 553 007d 03       		.uleb128 0x3
 554 007e 0E       		.uleb128 0xe
 555 007f 3A       		.uleb128 0x3a
 556 0080 0B       		.uleb128 0xb
 557 0081 3B       		.uleb128 0x3b
 558 0082 0B       		.uleb128 0xb
 559 0083 49       		.uleb128 0x49
 560 0084 13       		.uleb128 0x13
 561 0085 00       		.byte	0
 562 0086 00       		.byte	0
 563 0087 0C       		.uleb128 0xc
 564 0088 2E       		.uleb128 0x2e
 565 0089 00       		.byte	0
 566 008a 3F       		.uleb128 0x3f
 567 008b 19       		.uleb128 0x19
 568 008c 03       		.uleb128 0x3
 569 008d 0E       		.uleb128 0xe
 570 008e 3A       		.uleb128 0x3a
 571 008f 0B       		.uleb128 0xb
 572 0090 3B       		.uleb128 0x3b
 573 0091 0B       		.uleb128 0xb
 574 0092 27       		.uleb128 0x27
 575 0093 19       		.uleb128 0x19
 576 0094 11       		.uleb128 0x11
 577 0095 01       		.uleb128 0x1
 578 0096 12       		.uleb128 0x12
 579 0097 06       		.uleb128 0x6
 580 0098 40       		.uleb128 0x40
 581 0099 18       		.uleb128 0x18
 582 009a 9742     		.uleb128 0x2117
 583 009c 19       		.uleb128 0x19
 584 009d 00       		.byte	0
 585 009e 00       		.byte	0
 586 009f 0D       		.uleb128 0xd
ARM GAS  C:\Users\Midori\AppData\Local\Temp\ccfURWS6.s 			page 13


 587 00a0 34       		.uleb128 0x34
 588 00a1 00       		.byte	0
 589 00a2 03       		.uleb128 0x3
 590 00a3 0E       		.uleb128 0xe
 591 00a4 3A       		.uleb128 0x3a
 592 00a5 0B       		.uleb128 0xb
 593 00a6 3B       		.uleb128 0x3b
 594 00a7 0B       		.uleb128 0xb
 595 00a8 49       		.uleb128 0x49
 596 00a9 13       		.uleb128 0x13
 597 00aa 3F       		.uleb128 0x3f
 598 00ab 19       		.uleb128 0x19
 599 00ac 02       		.uleb128 0x2
 600 00ad 18       		.uleb128 0x18
 601 00ae 00       		.byte	0
 602 00af 00       		.byte	0
 603 00b0 0E       		.uleb128 0xe
 604 00b1 26       		.uleb128 0x26
 605 00b2 00       		.byte	0
 606 00b3 49       		.uleb128 0x49
 607 00b4 13       		.uleb128 0x13
 608 00b5 00       		.byte	0
 609 00b6 00       		.byte	0
 610 00b7 00       		.byte	0
 611              		.section	.debug_aranges,"",%progbits
 612 0000 1C000000 		.4byte	0x1c
 613 0004 0200     		.2byte	0x2
 614 0006 00000000 		.4byte	.Ldebug_info0
 615 000a 04       		.byte	0x4
 616 000b 00       		.byte	0
 617 000c 0000     		.2byte	0
 618 000e 0000     		.2byte	0
 619 0010 00000000 		.4byte	.LFB2
 620 0014 08000000 		.4byte	.LFE2-.LFB2
 621 0018 00000000 		.4byte	0
 622 001c 00000000 		.4byte	0
 623              		.section	.debug_ranges,"",%progbits
 624              	.Ldebug_ranges0:
 625 0000 00000000 		.4byte	.LFB2
 626 0004 08000000 		.4byte	.LFE2
 627 0008 00000000 		.4byte	0
 628 000c 00000000 		.4byte	0
 629              		.section	.debug_line,"",%progbits
 630              	.Ldebug_line0:
 631 0000 94000000 		.section	.debug_str,"MS",%progbits,1
 631      02007B00 
 631      00000201 
 631      FB0E0D00 
 631      01010101 
 632              	.LASF22:
 633 0000 4359424C 		.ascii	"CYBLE_EVT_GAP_PASSKEY_ENTRY_REQUEST\000"
 633      455F4556 
 633      545F4741 
 633      505F5041 
 633      53534B45 
 634              	.LASF53:
 635 0024 4359424C 		.ascii	"CYBLE_EVT_GATTC_WRITE_RSP\000"
ARM GAS  C:\Users\Midori\AppData\Local\Temp\ccfURWS6.s 			page 14


 635      455F4556 
 635      545F4741 
 635      5454435F 
 635      57524954 
 636              	.LASF19:
 637 003e 4359424C 		.ascii	"CYBLE_EVT_MEMORY_REQUEST\000"
 637      455F4556 
 637      545F4D45 
 637      4D4F5259 
 637      5F524551 
 638              	.LASF40:
 639 0057 4359424C 		.ascii	"CYBLE_EVT_GATTC_ERROR_RSP\000"
 639      455F4556 
 639      545F4741 
 639      5454435F 
 639      4552524F 
 640              	.LASF28:
 641 0071 4359424C 		.ascii	"CYBLE_EVT_GAP_DEVICE_DISCONNECTED\000"
 641      455F4556 
 641      545F4741 
 641      505F4445 
 641      56494345 
 642              	.LASF89:
 643 0093 443A5C57 		.ascii	"D:\\Work\\Projects\\Accelerometer_Controlled_Car\\P"
 643      6F726B5C 
 643      50726F6A 
 643      65637473 
 643      5C416363 
 644 00c2 536F435F 		.ascii	"SoC_4_BLE_ACCELEROMETER.cydsn\000"
 644      345F424C 
 644      455F4143 
 644      43454C45 
 644      524F4D45 
 645              	.LASF2:
 646 00e0 73686F72 		.ascii	"short int\000"
 646      7420696E 
 646      7400
 647              	.LASF25:
 648 00ea 4359424C 		.ascii	"CYBLE_EVT_GAP_AUTH_FAILED\000"
 648      455F4556 
 648      545F4741 
 648      505F4155 
 648      54485F46 
 649              	.LASF12:
 650 0104 73697A65 		.ascii	"sizetype\000"
 650      74797065 
 650      00
 651              	.LASF36:
 652 010d 4359424C 		.ascii	"CYBLE_EVT_GAP_DATA_LENGTH_CHANGE\000"
 652      455F4556 
 652      545F4741 
 652      505F4441 
 652      54415F4C 
 653              	.LASF6:
 654 012e 6C6F6E67 		.ascii	"long long int\000"
 654      206C6F6E 
 654      6720696E 
ARM GAS  C:\Users\Midori\AppData\Local\Temp\ccfURWS6.s 			page 15


 654      7400
 655              	.LASF84:
 656 013c 63757374 		.ascii	"customServHandle\000"
 656      6F6D5365 
 656      72764861 
 656      6E646C65 
 656      00
 657              	.LASF17:
 658 014d 4359424C 		.ascii	"CYBLE_EVT_HCI_STATUS\000"
 658      455F4556 
 658      545F4843 
 658      495F5354 
 658      41545553 
 659              	.LASF90:
 660 0162 4379426C 		.ascii	"CyBle_CustomInit\000"
 660      655F4375 
 660      73746F6D 
 660      496E6974 
 660      00
 661              	.LASF14:
 662 0173 4359424C 		.ascii	"CYBLE_EVT_STACK_ON\000"
 662      455F4556 
 662      545F5354 
 662      41434B5F 
 662      4F4E00
 663              	.LASF43:
 664 0186 4359424C 		.ascii	"CYBLE_EVT_GATTS_XCNHG_MTU_REQ\000"
 664      455F4556 
 664      545F4741 
 664      5454535F 
 664      58434E48 
 665              	.LASF79:
 666 01a4 75696E74 		.ascii	"uint16\000"
 666      313600
 667              	.LASF82:
 668 01ab 63757374 		.ascii	"customServCharDesc\000"
 668      6F6D5365 
 668      72764368 
 668      61724465 
 668      736300
 669              	.LASF51:
 670 01be 4359424C 		.ascii	"CYBLE_EVT_GATTC_READ_MULTI_RSP\000"
 670      455F4556 
 670      545F4741 
 670      5454435F 
 670      52454144 
 671              	.LASF60:
 672 01dd 4359424C 		.ascii	"CYBLE_EVT_GATTS_HANDLE_VALUE_CNF\000"
 672      455F4556 
 672      545F4741 
 672      5454535F 
 672      48414E44 
 673              	.LASF13:
 674 01fe 4359424C 		.ascii	"CYBLE_EVT_HOST_INVALID\000"
 674      455F4556 
 674      545F484F 
 674      53545F49 
ARM GAS  C:\Users\Midori\AppData\Local\Temp\ccfURWS6.s 			page 16


 674      4E56414C 
 675              	.LASF68:
 676 0215 4359424C 		.ascii	"CYBLE_EVT_L2CAP_CBFC_CONN_IND\000"
 676      455F4556 
 676      545F4C32 
 676      4341505F 
 676      43424643 
 677              	.LASF71:
 678 0233 4359424C 		.ascii	"CYBLE_EVT_L2CAP_CBFC_DISCONN_CNF\000"
 678      455F4556 
 678      545F4C32 
 678      4341505F 
 678      43424643 
 679              	.LASF88:
 680 0254 2E5C4765 		.ascii	".\\Generated_Source\\PSoC4\\BLE_custom.c\000"
 680      6E657261 
 680      7465645F 
 680      536F7572 
 680      63655C50 
 681              	.LASF9:
 682 027a 666C6F61 		.ascii	"float\000"
 682      7400
 683              	.LASF49:
 684 0280 4359424C 		.ascii	"CYBLE_EVT_GATTC_READ_RSP\000"
 684      455F4556 
 684      545F4741 
 684      5454435F 
 684      52454144 
 685              	.LASF33:
 686 0299 4359424C 		.ascii	"CYBLE_EVT_GAP_NUMERIC_COMPARISON_REQUEST\000"
 686      455F4556 
 686      545F4741 
 686      505F4E55 
 686      4D455249 
 687              	.LASF38:
 688 02c2 4359424C 		.ascii	"CYBLE_EVT_GAPC_DIRECT_ADV_REPORT\000"
 688      455F4556 
 688      545F4741 
 688      50435F44 
 688      49524543 
 689              	.LASF7:
 690 02e3 6C6F6E67 		.ascii	"long long unsigned int\000"
 690      206C6F6E 
 690      6720756E 
 690      7369676E 
 690      65642069 
 691              	.LASF83:
 692 02fa 4359424C 		.ascii	"CYBLE_CUSTOMS_INFO_T\000"
 692      455F4355 
 692      53544F4D 
 692      535F494E 
 692      464F5F54 
 693              	.LASF4:
 694 030f 6C6F6E67 		.ascii	"long int\000"
 694      20696E74 
 694      00
 695              	.LASF59:
ARM GAS  C:\Users\Midori\AppData\Local\Temp\ccfURWS6.s 			page 17


 696 0318 4359424C 		.ascii	"CYBLE_EVT_GATTC_HANDLE_VALUE_IND\000"
 696      455F4556 
 696      545F4741 
 696      5454435F 
 696      48414E44 
 697              	.LASF27:
 698 0339 4359424C 		.ascii	"CYBLE_EVT_GAP_DEVICE_CONNECTED\000"
 698      455F4556 
 698      545F4741 
 698      505F4445 
 698      56494345 
 699              	.LASF26:
 700 0358 4359424C 		.ascii	"CYBLE_EVT_GAPP_ADVERTISEMENT_START_STOP\000"
 700      455F4556 
 700      545F4741 
 700      50505F41 
 700      44564552 
 701              	.LASF58:
 702 0380 4359424C 		.ascii	"CYBLE_EVT_GATTC_HANDLE_VALUE_NTF\000"
 702      455F4556 
 702      545F4741 
 702      5454435F 
 702      48414E44 
 703              	.LASF18:
 704 03a1 4359424C 		.ascii	"CYBLE_EVT_STACK_BUSY_STATUS\000"
 704      455F4556 
 704      545F5354 
 704      41434B5F 
 704      42555359 
 705              	.LASF23:
 706 03bd 4359424C 		.ascii	"CYBLE_EVT_GAP_PASSKEY_DISPLAY_REQUEST\000"
 706      455F4556 
 706      545F4741 
 706      505F5041 
 706      53534B45 
 707              	.LASF86:
 708 03e3 4359424C 		.ascii	"CYBLE_CUSTOMS_T\000"
 708      455F4355 
 708      53544F4D 
 708      535F5400 
 709              	.LASF69:
 710 03f3 4359424C 		.ascii	"CYBLE_EVT_L2CAP_CBFC_CONN_CNF\000"
 710      455F4556 
 710      545F4C32 
 710      4341505F 
 710      43424643 
 711              	.LASF37:
 712 0411 4359424C 		.ascii	"CYBLE_EVT_GAP_ENHANCE_CONN_COMPLETE\000"
 712      455F4556 
 712      545F4741 
 712      505F454E 
 712      48414E43 
 713              	.LASF65:
 714 0435 4359424C 		.ascii	"CYBLE_EVT_L2CAP_CONN_PARAM_UPDATE_REQ\000"
 714      455F4556 
 714      545F4C32 
 714      4341505F 
ARM GAS  C:\Users\Midori\AppData\Local\Temp\ccfURWS6.s 			page 18


 714      434F4E4E 
 715              	.LASF1:
 716 045b 756E7369 		.ascii	"unsigned char\000"
 716      676E6564 
 716      20636861 
 716      7200
 717              	.LASF85:
 718 0469 63757374 		.ascii	"customServInfo\000"
 718      6F6D5365 
 718      7276496E 
 718      666F00
 719              	.LASF55:
 720 0478 4359424C 		.ascii	"CYBLE_EVT_GATTS_PREP_WRITE_REQ\000"
 720      455F4556 
 720      545F4741 
 720      5454535F 
 720      50524550 
 721              	.LASF77:
 722 0497 4359424C 		.ascii	"CYBLE_EVT_LE_PING_AUTH_TIMEOUT\000"
 722      455F4556 
 722      545F4C45 
 722      5F50494E 
 722      475F4155 
 723              	.LASF47:
 724 04b6 4359424C 		.ascii	"CYBLE_EVT_GATTC_FIND_INFO_RSP\000"
 724      455F4556 
 724      545F4741 
 724      5454435F 
 724      46494E44 
 725              	.LASF0:
 726 04d4 7369676E 		.ascii	"signed char\000"
 726      65642063 
 726      68617200 
 727              	.LASF52:
 728 04e0 4359424C 		.ascii	"CYBLE_EVT_GATTS_WRITE_REQ\000"
 728      455F4556 
 728      545F4741 
 728      5454535F 
 728      57524954 
 729              	.LASF48:
 730 04fa 4359424C 		.ascii	"CYBLE_EVT_GATTC_FIND_BY_TYPE_VALUE_RSP\000"
 730      455F4556 
 730      545F4741 
 730      5454435F 
 730      46494E44 
 731              	.LASF24:
 732 0521 4359424C 		.ascii	"CYBLE_EVT_GAP_AUTH_COMPLETE\000"
 732      455F4556 
 732      545F4741 
 732      505F4155 
 732      54485F43 
 733              	.LASF8:
 734 053d 756E7369 		.ascii	"unsigned int\000"
 734      676E6564 
 734      20696E74 
 734      00
 735              	.LASF41:
ARM GAS  C:\Users\Midori\AppData\Local\Temp\ccfURWS6.s 			page 19


 736 054a 4359424C 		.ascii	"CYBLE_EVT_GATT_CONNECT_IND\000"
 736      455F4556 
 736      545F4741 
 736      54545F43 
 736      4F4E4E45 
 737              	.LASF5:
 738 0565 6C6F6E67 		.ascii	"long unsigned int\000"
 738      20756E73 
 738      69676E65 
 738      6420696E 
 738      7400
 739              	.LASF21:
 740 0577 4359424C 		.ascii	"CYBLE_EVT_GAP_AUTH_REQ\000"
 740      455F4556 
 740      545F4741 
 740      505F4155 
 740      54485F52 
 741              	.LASF70:
 742 058e 4359424C 		.ascii	"CYBLE_EVT_L2CAP_CBFC_DISCONN_IND\000"
 742      455F4556 
 742      545F4C32 
 742      4341505F 
 742      43424643 
 743              	.LASF29:
 744 05af 4359424C 		.ascii	"CYBLE_EVT_GAP_ENCRYPT_CHANGE\000"
 744      455F4556 
 744      545F4741 
 744      505F454E 
 744      43525950 
 745              	.LASF64:
 746 05cc 4359424C 		.ascii	"CYBLE_EVT_GATTC_LONG_PROCEDURE_END\000"
 746      455F4556 
 746      545F4741 
 746      5454435F 
 746      4C4F4E47 
 747              	.LASF32:
 748 05ef 4359424C 		.ascii	"CYBLE_EVT_GAP_KEYINFO_EXCHNGE_CMPLT\000"
 748      455F4556 
 748      545F4741 
 748      505F4B45 
 748      59494E46 
 749              	.LASF30:
 750 0613 4359424C 		.ascii	"CYBLE_EVT_GAP_CONNECTION_UPDATE_COMPLETE\000"
 750      455F4556 
 750      545F4741 
 750      505F434F 
 750      4E4E4543 
 751              	.LASF39:
 752 063c 4359424C 		.ascii	"CYBLE_EVT_GAP_SMP_NEGOTIATED_AUTH_INFO\000"
 752      455F4556 
 752      545F4741 
 752      505F534D 
 752      505F4E45 
 753              	.LASF11:
 754 0663 63686172 		.ascii	"char\000"
 754      00
 755              	.LASF34:
ARM GAS  C:\Users\Midori\AppData\Local\Temp\ccfURWS6.s 			page 20


 756 0668 4359424C 		.ascii	"CYBLE_EVT_GAP_KEYPRESS_NOTIFICATION\000"
 756      455F4556 
 756      545F4741 
 756      505F4B45 
 756      59505245 
 757              	.LASF87:
 758 068c 474E5520 		.ascii	"GNU C 4.9.3 20150303 (release) [ARM/embedded-4_9-br"
 758      4320342E 
 758      392E3320 
 758      32303135 
 758      30333033 
 759 06bf 616E6368 		.ascii	"anch revision 221220] -mcpu=cortex-m0 -mthumb -g -O"
 759      20726576 
 759      6973696F 
 759      6E203232 
 759      31323230 
 760 06f2 30202D66 		.ascii	"0 -ffunction-sections -ffat-lto-objects\000"
 760      66756E63 
 760      74696F6E 
 760      2D736563 
 760      74696F6E 
 761              	.LASF67:
 762 071a 4359424C 		.ascii	"CYBLE_EVT_L2CAP_COMMAND_REJ\000"
 762      455F4556 
 762      545F4C32 
 762      4341505F 
 762      434F4D4D 
 763              	.LASF3:
 764 0736 73686F72 		.ascii	"short unsigned int\000"
 764      7420756E 
 764      7369676E 
 764      65642069 
 764      6E7400
 765              	.LASF50:
 766 0749 4359424C 		.ascii	"CYBLE_EVT_GATTC_READ_BLOB_RSP\000"
 766      455F4556 
 766      545F4741 
 766      5454435F 
 766      52454144 
 767              	.LASF57:
 768 0767 4359424C 		.ascii	"CYBLE_EVT_GATTC_EXEC_WRITE_RSP\000"
 768      455F4556 
 768      545F4741 
 768      5454435F 
 768      45584543 
 769              	.LASF31:
 770 0786 4359424C 		.ascii	"CYBLE_EVT_GAPC_SCAN_START_STOP\000"
 770      455F4556 
 770      545F4741 
 770      50435F53 
 770      43414E5F 
 771              	.LASF76:
 772 07a5 4359424C 		.ascii	"CYBLE_EVT_PENDING_FLASH_WRITE\000"
 772      455F4556 
 772      545F5045 
 772      4E44494E 
 772      475F464C 
ARM GAS  C:\Users\Midori\AppData\Local\Temp\ccfURWS6.s 			page 21


 773              	.LASF73:
 774 07c3 4359424C 		.ascii	"CYBLE_EVT_L2CAP_CBFC_RX_CREDIT_IND\000"
 774      455F4556 
 774      545F4C32 
 774      4341505F 
 774      43424643 
 775              	.LASF10:
 776 07e6 646F7562 		.ascii	"double\000"
 776      6C6500
 777              	.LASF74:
 778 07ed 4359424C 		.ascii	"CYBLE_EVT_L2CAP_CBFC_TX_CREDIT_IND\000"
 778      455F4556 
 778      545F4C32 
 778      4341505F 
 778      43424643 
 779              	.LASF81:
 780 0810 63757374 		.ascii	"customServCharHandle\000"
 780      6F6D5365 
 780      72764368 
 780      61724861 
 780      6E646C65 
 781              	.LASF16:
 782 0825 4359424C 		.ascii	"CYBLE_EVT_HARDWARE_ERROR\000"
 782      455F4556 
 782      545F4841 
 782      52445741 
 782      52455F45 
 783              	.LASF72:
 784 083e 4359424C 		.ascii	"CYBLE_EVT_L2CAP_CBFC_DATA_READ\000"
 784      455F4556 
 784      545F4C32 
 784      4341505F 
 784      43424643 
 785              	.LASF66:
 786 085d 4359424C 		.ascii	"CYBLE_EVT_L2CAP_CONN_PARAM_UPDATE_RSP\000"
 786      455F4556 
 786      545F4C32 
 786      4341505F 
 786      434F4E4E 
 787              	.LASF20:
 788 0883 4359424C 		.ascii	"CYBLE_EVT_GAPC_SCAN_PROGRESS_RESULT\000"
 788      455F4556 
 788      545F4741 
 788      50435F53 
 788      43414E5F 
 789              	.LASF45:
 790 08a7 4359424C 		.ascii	"CYBLE_EVT_GATTC_READ_BY_GROUP_TYPE_RSP\000"
 790      455F4556 
 790      545F4741 
 790      5454435F 
 790      52454144 
 791              	.LASF54:
 792 08ce 4359424C 		.ascii	"CYBLE_EVT_GATTS_WRITE_CMD_REQ\000"
 792      455F4556 
 792      545F4741 
 792      5454535F 
 792      57524954 
ARM GAS  C:\Users\Midori\AppData\Local\Temp\ccfURWS6.s 			page 22


 793              	.LASF46:
 794 08ec 4359424C 		.ascii	"CYBLE_EVT_GATTC_READ_BY_TYPE_RSP\000"
 794      455F4556 
 794      545F4741 
 794      5454435F 
 794      52454144 
 795              	.LASF44:
 796 090d 4359424C 		.ascii	"CYBLE_EVT_GATTC_XCHNG_MTU_RSP\000"
 796      455F4556 
 796      545F4741 
 796      5454435F 
 796      5843484E 
 797              	.LASF75:
 798 092b 4359424C 		.ascii	"CYBLE_EVT_L2CAP_CBFC_DATA_WRITE_IND\000"
 798      455F4556 
 798      545F4C32 
 798      4341505F 
 798      43424643 
 799              	.LASF15:
 800 094f 4359424C 		.ascii	"CYBLE_EVT_TIMEOUT\000"
 800      455F4556 
 800      545F5449 
 800      4D454F55 
 800      5400
 801              	.LASF78:
 802 0961 4359424C 		.ascii	"CYBLE_EVT_MAX\000"
 802      455F4556 
 802      545F4D41 
 802      5800
 803              	.LASF63:
 804 096f 4359424C 		.ascii	"CYBLE_EVT_GATTS_READ_CHAR_VAL_ACCESS_REQ\000"
 804      455F4556 
 804      545F4741 
 804      5454535F 
 804      52454144 
 805              	.LASF62:
 806 0998 4359424C 		.ascii	"CYBLE_EVT_GATTC_STOP_CMD_COMPLETE\000"
 806      455F4556 
 806      545F4741 
 806      5454435F 
 806      53544F50 
 807              	.LASF56:
 808 09ba 4359424C 		.ascii	"CYBLE_EVT_GATTS_EXEC_WRITE_REQ\000"
 808      455F4556 
 808      545F4741 
 808      5454535F 
 808      45584543 
 809              	.LASF80:
 810 09d9 4359424C 		.ascii	"CYBLE_GATT_DB_ATTR_HANDLE_T\000"
 810      455F4741 
 810      54545F44 
 810      425F4154 
 810      54525F48 
 811              	.LASF91:
 812 09f5 6379426C 		.ascii	"cyBle_customs\000"
 812      655F6375 
 812      73746F6D 
ARM GAS  C:\Users\Midori\AppData\Local\Temp\ccfURWS6.s 			page 23


 812      7300
 813              	.LASF61:
 814 0a03 4359424C 		.ascii	"CYBLE_EVT_GATTS_DATA_SIGNED_CMD_REQ\000"
 814      455F4556 
 814      545F4741 
 814      5454535F 
 814      44415441 
 815              	.LASF42:
 816 0a27 4359424C 		.ascii	"CYBLE_EVT_GATT_DISCONNECT_IND\000"
 816      455F4556 
 816      545F4741 
 816      54545F44 
 816      4953434F 
 817              	.LASF35:
 818 0a45 4359424C 		.ascii	"CYBLE_EVT_GAP_OOB_GENERATED_NOTIFICATION\000"
 818      455F4556 
 818      545F4741 
 818      505F4F4F 
 818      425F4745 
 819              		.ident	"GCC: (GNU Tools for ARM Embedded Processors) 4.9.3 20150303 (release) [ARM/embedded-4_9-br
