--------------- Build Started: 03/12/2017 18:28:03 Project: PSoC_4_BLE_ACCELEROMETER, Configuration: ARM GCC 4.9-2015-q1-update Debug ---------------
cydsfit.exe -.appdatapath "C:\Users\Midori\AppData\Local\Cypress Semiconductor\PSoC Creator\3.3" -.fdsnotice -.fdswarpdepfile=warp_dependencies.txt -.fdselabdepfile=elab_dependencies.txt -.fdsbldfile=generated_files.txt -p D:\Work\Projects\Accelerometer_Controlled_Car\PSoC_4_BLE_ACCELEROMETER.cydsn\PSoC_4_BLE_ACCELEROMETER.cyprj -d CY8C4247LQI-BL483 -s D:\Work\Projects\Accelerometer_Controlled_Car\PSoC_4_BLE_ACCELEROMETER.cydsn\Generated_Source\PSoC4 -- -yv2 -q10 -ygs -o2 -v3 -.fftcfgtype=LE
Elaborating Design...
HDL Generation ...
Synthesis ...
Place and Route ...
Tech mapping ...
Analog Placement ...
Analog Routing ...
Analog Code Generation ...
Digital Placement ...
Digital Routing ...
Bitstream Generation ...
Static timing analysis ...
API Generation ...
Dependency Generation ...
Clean Temporary Files ...
arm-none-eabi-gcc.exe -mcpu=cortex-m0 -mthumb -Wno-main -I. -IGenerated_Source\PSoC4 -Wa,-alh=.\ARM_GCC_493\Debug/debug.lst -g -D DEBUG -Wall -ffunction-sections -O0 -ffat-lto-objects -c ..\..\BleWifiProject\BLE_Wireless_Power_Transmitter01.cydsn\debug.c -o .\ARM_GCC_493\Debug\debug.o
..\..\BleWifiProject\BLE_Wireless_Power_Transmitter01.cydsn\debug.c: In function '_write':
..\..\BleWifiProject\BLE_Wireless_Power_Transmitter01.cydsn\debug.c:97:9: warning: implicit declaration of function 'UART_DEB_UartPutChar' [-Wimplicit-function-declaration]
         UART_DEB_UartPutChar(*ptr++);
         ^
arm-none-eabi-ar.exe -rs .\ARM_GCC_493\Debug\PSoC_4_BLE_ACCELEROMETER.a .\ARM_GCC_493\Debug\cyfitter_cfg.o .\ARM_GCC_493\Debug\BLE.o .\ARM_GCC_493\Debug\BLE_gatt.o .\ARM_GCC_493\Debug\BLE_eventHandler.o .\ARM_GCC_493\Debug\BLE_HAL_INT.o .\ARM_GCC_493\Debug\BLE_HAL_PVT.o .\ARM_GCC_493\Debug\BLE_custom.o .\ARM_GCC_493\Debug\Accelerometer_X.o .\ARM_GCC_493\Debug\Accelerometer_X_PM.o .\ARM_GCC_493\Debug\Accelerometer_Y.o .\ARM_GCC_493\Debug\Accelerometer_Y_PM.o .\ARM_GCC_493\Debug\Accelerometer_Z.o .\ARM_GCC_493\Debug\Accelerometer_Z_PM.o .\ARM_GCC_493\Debug\BLE_bless_isr.o .\ARM_GCC_493\Debug\CyBootAsmGnu.o .\ARM_GCC_493\Debug\CyFlash.o .\ARM_GCC_493\Debug\CyLib.o .\ARM_GCC_493\Debug\cyPm.o .\ARM_GCC_493\Debug\cyutils.o .\ARM_GCC_493\Debug\CyLFClk.o
arm-none-eabi-ar.exe: creating .\ARM_GCC_493\Debug\PSoC_4_BLE_ACCELEROMETER.a
arm-none-eabi-gcc.exe -Wl,--start-group -o .\ARM_GCC_493\Debug\PSoC_4_BLE_ACCELEROMETER.elf .\ARM_GCC_493\Debug\app_Ble.o .\ARM_GCC_493\Debug\app_accel.o .\ARM_GCC_493\Debug\main.o .\ARM_GCC_493\Debug\debug.o .\ARM_GCC_493\Debug\cymetadata.o .\ARM_GCC_493\Debug\Cm0Start.o .\ARM_GCC_493\Debug\PSoC_4_BLE_ACCELEROMETER.a "D:\Program Files (x86)\Cypress\PSoC Creator\3.3\PSoC Creator\psoc\content\cycomponentlibrary\CyComponentLibrary.cylib\BLE_v3_10\Library\gccCyBLEStack_BLE_SOC_PERIPHERAL.a" "D:\Program Files (x86)\Cypress\PSoC Creator\3.3\PSoC Creator\psoc\content\cycomponentlibrary\CyComponentLibrary.cylib\CortexM0\ARM_GCC_493\Debug\CyComponentLibrary.a" -mcpu=cortex-m0 -mthumb -g -ffunction-sections -O0 -ffat-lto-objects -L Generated_Source\PSoC4 -Wl,-Map,.\ARM_GCC_493\Debug/PSoC_4_BLE_ACCELEROMETER.map -T Generated_Source\PSoC4\cm0gcc.ld -specs=nano.specs -Wl,--gc-sections -Wl,--end-group
cyelftool.exe -C D:\Work\Projects\Accelerometer_Controlled_Car\PSoC_4_BLE_ACCELEROMETER.cydsn\ARM_GCC_493\Debug\PSoC_4_BLE_ACCELEROMETER.elf --flash_row_size 128 --flash_size 131072
cyelftool.exe -S D:\Work\Projects\Accelerometer_Controlled_Car\PSoC_4_BLE_ACCELEROMETER.cydsn\ARM_GCC_493\Debug\PSoC_4_BLE_ACCELEROMETER.elf
Flash used: 81024 of 131072 bytes (61,8%).
SRAM used: 10616 of 16384 bytes (64,8%). Stack: 2048 bytes. Heap: 128 bytes.
--------------- Build Succeeded: 03/12/2017 18:28:14 ---------------
