ARM GAS  C:\Users\Midori\AppData\Local\Temp\ccohNdbb.s 			page 1


   1              		.cpu cortex-m0
   2              		.fpu softvfp
   3              		.eabi_attribute 20, 1
   4              		.eabi_attribute 21, 1
   5              		.eabi_attribute 23, 3
   6              		.eabi_attribute 24, 1
   7              		.eabi_attribute 25, 1
   8              		.eabi_attribute 26, 1
   9              		.eabi_attribute 30, 6
  10              		.eabi_attribute 34, 0
  11              		.eabi_attribute 18, 4
  12              		.code	16
  13              		.file	"cyfitter_cfg.c"
  14              		.text
  15              	.Ltext0:
  16              		.cfi_sections	.debug_frame
  17              		.section	.text.CYMEMZERO,"ax",%progbits
  18              		.align	2
  19              		.code	16
  20              		.thumb_func
  21              		.type	CYMEMZERO, %function
  22              	CYMEMZERO:
  23              	.LFB2:
  24              		.file 1 ".\\Generated_Source\\PSoC4\\cyfitter_cfg.c"
   1:.\Generated_Source\PSoC4/cyfitter_cfg.c **** /*******************************************************************************
   2:.\Generated_Source\PSoC4/cyfitter_cfg.c **** * File Name: cyfitter_cfg.c
   3:.\Generated_Source\PSoC4/cyfitter_cfg.c **** * 
   4:.\Generated_Source\PSoC4/cyfitter_cfg.c **** * PSoC Creator  3.3 SP2
   5:.\Generated_Source\PSoC4/cyfitter_cfg.c **** *
   6:.\Generated_Source\PSoC4/cyfitter_cfg.c **** * Description:
   7:.\Generated_Source\PSoC4/cyfitter_cfg.c **** * This file contains device initialization code.
   8:.\Generated_Source\PSoC4/cyfitter_cfg.c **** * Except for the user defined sections in CyClockStartupError(), this file should not be modified.
   9:.\Generated_Source\PSoC4/cyfitter_cfg.c **** * This file is automatically generated by PSoC Creator.
  10:.\Generated_Source\PSoC4/cyfitter_cfg.c **** *
  11:.\Generated_Source\PSoC4/cyfitter_cfg.c **** ********************************************************************************
  12:.\Generated_Source\PSoC4/cyfitter_cfg.c **** * Copyright (c) 2007-2016 Cypress Semiconductor.  All rights reserved.
  13:.\Generated_Source\PSoC4/cyfitter_cfg.c **** * You may use this file only in accordance with the license, terms, conditions, 
  14:.\Generated_Source\PSoC4/cyfitter_cfg.c **** * disclaimers, and limitations in the end user license agreement accompanying 
  15:.\Generated_Source\PSoC4/cyfitter_cfg.c **** * the software package with which this file was provided.
  16:.\Generated_Source\PSoC4/cyfitter_cfg.c **** ********************************************************************************/
  17:.\Generated_Source\PSoC4/cyfitter_cfg.c **** 
  18:.\Generated_Source\PSoC4/cyfitter_cfg.c **** #include <string.h>
  19:.\Generated_Source\PSoC4/cyfitter_cfg.c **** #include "cytypes.h"
  20:.\Generated_Source\PSoC4/cyfitter_cfg.c **** #include "cydevice_trm.h"
  21:.\Generated_Source\PSoC4/cyfitter_cfg.c **** #include "cyfitter.h"
  22:.\Generated_Source\PSoC4/cyfitter_cfg.c **** #include "CyLib.h"
  23:.\Generated_Source\PSoC4/cyfitter_cfg.c **** #include "cyfitter_cfg.h"
  24:.\Generated_Source\PSoC4/cyfitter_cfg.c **** 
  25:.\Generated_Source\PSoC4/cyfitter_cfg.c **** 
  26:.\Generated_Source\PSoC4/cyfitter_cfg.c **** #if defined(__GNUC__) || defined(__ARMCC_VERSION)
  27:.\Generated_Source\PSoC4/cyfitter_cfg.c ****     #define CYPACKED 
  28:.\Generated_Source\PSoC4/cyfitter_cfg.c ****     #define CYPACKED_ATTR __attribute__ ((packed))
  29:.\Generated_Source\PSoC4/cyfitter_cfg.c ****     #define CYALIGNED __attribute__ ((aligned))
  30:.\Generated_Source\PSoC4/cyfitter_cfg.c ****     #define CY_CFG_UNUSED __attribute__ ((unused))
  31:.\Generated_Source\PSoC4/cyfitter_cfg.c ****     #ifndef CY_CFG_SECTION
  32:.\Generated_Source\PSoC4/cyfitter_cfg.c ****         #define CY_CFG_SECTION __attribute__ ((section(".psocinit")))
  33:.\Generated_Source\PSoC4/cyfitter_cfg.c ****     #endif
ARM GAS  C:\Users\Midori\AppData\Local\Temp\ccohNdbb.s 			page 2


  34:.\Generated_Source\PSoC4/cyfitter_cfg.c ****     
  35:.\Generated_Source\PSoC4/cyfitter_cfg.c ****     #if defined(__ARMCC_VERSION)
  36:.\Generated_Source\PSoC4/cyfitter_cfg.c ****         #define CY_CFG_MEMORY_BARRIER() __memory_changed()
  37:.\Generated_Source\PSoC4/cyfitter_cfg.c ****     #else
  38:.\Generated_Source\PSoC4/cyfitter_cfg.c ****         #define CY_CFG_MEMORY_BARRIER() __sync_synchronize()
  39:.\Generated_Source\PSoC4/cyfitter_cfg.c ****     #endif
  40:.\Generated_Source\PSoC4/cyfitter_cfg.c ****     
  41:.\Generated_Source\PSoC4/cyfitter_cfg.c **** #elif defined(__ICCARM__)
  42:.\Generated_Source\PSoC4/cyfitter_cfg.c ****     #include <intrinsics.h>
  43:.\Generated_Source\PSoC4/cyfitter_cfg.c **** 
  44:.\Generated_Source\PSoC4/cyfitter_cfg.c ****     #define CYPACKED __packed
  45:.\Generated_Source\PSoC4/cyfitter_cfg.c ****     #define CYPACKED_ATTR 
  46:.\Generated_Source\PSoC4/cyfitter_cfg.c ****     #define CYALIGNED _Pragma("data_alignment=4")
  47:.\Generated_Source\PSoC4/cyfitter_cfg.c ****     #define CY_CFG_UNUSED _Pragma("diag_suppress=Pe177")
  48:.\Generated_Source\PSoC4/cyfitter_cfg.c ****     #define CY_CFG_SECTION _Pragma("location=\".psocinit\"")
  49:.\Generated_Source\PSoC4/cyfitter_cfg.c ****     
  50:.\Generated_Source\PSoC4/cyfitter_cfg.c ****     #define CY_CFG_MEMORY_BARRIER() __DMB()
  51:.\Generated_Source\PSoC4/cyfitter_cfg.c ****     
  52:.\Generated_Source\PSoC4/cyfitter_cfg.c **** #else
  53:.\Generated_Source\PSoC4/cyfitter_cfg.c ****     #error Unsupported toolchain
  54:.\Generated_Source\PSoC4/cyfitter_cfg.c **** #endif
  55:.\Generated_Source\PSoC4/cyfitter_cfg.c **** 
  56:.\Generated_Source\PSoC4/cyfitter_cfg.c **** 
  57:.\Generated_Source\PSoC4/cyfitter_cfg.c **** CY_CFG_UNUSED
  58:.\Generated_Source\PSoC4/cyfitter_cfg.c **** static void CYMEMZERO(void *s, size_t n);
  59:.\Generated_Source\PSoC4/cyfitter_cfg.c **** CY_CFG_UNUSED
  60:.\Generated_Source\PSoC4/cyfitter_cfg.c **** static void CYMEMZERO(void *s, size_t n)
  61:.\Generated_Source\PSoC4/cyfitter_cfg.c **** {
  25              		.loc 1 61 0
  26              		.cfi_startproc
  27 0000 80B5     		push	{r7, lr}
  28              		.cfi_def_cfa_offset 8
  29              		.cfi_offset 7, -8
  30              		.cfi_offset 14, -4
  31 0002 82B0     		sub	sp, sp, #8
  32              		.cfi_def_cfa_offset 16
  33 0004 00AF     		add	r7, sp, #0
  34              		.cfi_def_cfa_register 7
  35 0006 7860     		str	r0, [r7, #4]
  36 0008 3960     		str	r1, [r7]
  62:.\Generated_Source\PSoC4/cyfitter_cfg.c **** 	(void)memset(s, 0, n);
  37              		.loc 1 62 0
  38 000a 7A68     		ldr	r2, [r7, #4]
  39 000c 3B68     		ldr	r3, [r7]
  40 000e 101C     		mov	r0, r2
  41 0010 0021     		mov	r1, #0
  42 0012 1A1C     		mov	r2, r3
  43 0014 FFF7FEFF 		bl	memset
  63:.\Generated_Source\PSoC4/cyfitter_cfg.c **** }
  44              		.loc 1 63 0
  45 0018 BD46     		mov	sp, r7
  46 001a 02B0     		add	sp, sp, #8
  47              		@ sp needed
  48 001c 80BD     		pop	{r7, pc}
  49              		.cfi_endproc
  50              	.LFE2:
  51              		.size	CYMEMZERO, .-CYMEMZERO
ARM GAS  C:\Users\Midori\AppData\Local\Temp\ccohNdbb.s 			page 3


  52 001e C046     		.section	.text.CYCONFIGCPY,"ax",%progbits
  53              		.align	2
  54              		.code	16
  55              		.thumb_func
  56              		.type	CYCONFIGCPY, %function
  57              	CYCONFIGCPY:
  58              	.LFB3:
  64:.\Generated_Source\PSoC4/cyfitter_cfg.c **** CY_CFG_UNUSED
  65:.\Generated_Source\PSoC4/cyfitter_cfg.c **** static void CYCONFIGCPY(void *dest, const void *src, size_t n);
  66:.\Generated_Source\PSoC4/cyfitter_cfg.c **** CY_CFG_UNUSED
  67:.\Generated_Source\PSoC4/cyfitter_cfg.c **** static void CYCONFIGCPY(void *dest, const void *src, size_t n)
  68:.\Generated_Source\PSoC4/cyfitter_cfg.c **** {
  59              		.loc 1 68 0
  60              		.cfi_startproc
  61 0000 80B5     		push	{r7, lr}
  62              		.cfi_def_cfa_offset 8
  63              		.cfi_offset 7, -8
  64              		.cfi_offset 14, -4
  65 0002 84B0     		sub	sp, sp, #16
  66              		.cfi_def_cfa_offset 24
  67 0004 00AF     		add	r7, sp, #0
  68              		.cfi_def_cfa_register 7
  69 0006 F860     		str	r0, [r7, #12]
  70 0008 B960     		str	r1, [r7, #8]
  71 000a 7A60     		str	r2, [r7, #4]
  69:.\Generated_Source\PSoC4/cyfitter_cfg.c **** 	(void)memcpy(dest, src, n);
  72              		.loc 1 69 0
  73 000c F968     		ldr	r1, [r7, #12]
  74 000e BA68     		ldr	r2, [r7, #8]
  75 0010 7B68     		ldr	r3, [r7, #4]
  76 0012 081C     		mov	r0, r1
  77 0014 111C     		mov	r1, r2
  78 0016 1A1C     		mov	r2, r3
  79 0018 FFF7FEFF 		bl	memcpy
  70:.\Generated_Source\PSoC4/cyfitter_cfg.c **** }
  80              		.loc 1 70 0
  81 001c BD46     		mov	sp, r7
  82 001e 04B0     		add	sp, sp, #16
  83              		@ sp needed
  84 0020 80BD     		pop	{r7, pc}
  85              		.cfi_endproc
  86              	.LFE3:
  87              		.size	CYCONFIGCPY, .-CYCONFIGCPY
  88 0022 C046     		.section	.text.CYCONFIGCPYCODE,"ax",%progbits
  89              		.align	2
  90              		.code	16
  91              		.thumb_func
  92              		.type	CYCONFIGCPYCODE, %function
  93              	CYCONFIGCPYCODE:
  94              	.LFB4:
  71:.\Generated_Source\PSoC4/cyfitter_cfg.c **** CY_CFG_UNUSED
  72:.\Generated_Source\PSoC4/cyfitter_cfg.c **** static void CYCONFIGCPYCODE(void *dest, const void *src, size_t n);
  73:.\Generated_Source\PSoC4/cyfitter_cfg.c **** CY_CFG_UNUSED
  74:.\Generated_Source\PSoC4/cyfitter_cfg.c **** static void CYCONFIGCPYCODE(void *dest, const void *src, size_t n)
  75:.\Generated_Source\PSoC4/cyfitter_cfg.c **** {
  95              		.loc 1 75 0
  96              		.cfi_startproc
ARM GAS  C:\Users\Midori\AppData\Local\Temp\ccohNdbb.s 			page 4


  97 0000 80B5     		push	{r7, lr}
  98              		.cfi_def_cfa_offset 8
  99              		.cfi_offset 7, -8
 100              		.cfi_offset 14, -4
 101 0002 84B0     		sub	sp, sp, #16
 102              		.cfi_def_cfa_offset 24
 103 0004 00AF     		add	r7, sp, #0
 104              		.cfi_def_cfa_register 7
 105 0006 F860     		str	r0, [r7, #12]
 106 0008 B960     		str	r1, [r7, #8]
 107 000a 7A60     		str	r2, [r7, #4]
  76:.\Generated_Source\PSoC4/cyfitter_cfg.c **** 	(void)memcpy(dest, src, n);
 108              		.loc 1 76 0
 109 000c F968     		ldr	r1, [r7, #12]
 110 000e BA68     		ldr	r2, [r7, #8]
 111 0010 7B68     		ldr	r3, [r7, #4]
 112 0012 081C     		mov	r0, r1
 113 0014 111C     		mov	r1, r2
 114 0016 1A1C     		mov	r2, r3
 115 0018 FFF7FEFF 		bl	memcpy
  77:.\Generated_Source\PSoC4/cyfitter_cfg.c **** }
 116              		.loc 1 77 0
 117 001c BD46     		mov	sp, r7
 118 001e 04B0     		add	sp, sp, #16
 119              		@ sp needed
 120 0020 80BD     		pop	{r7, pc}
 121              		.cfi_endproc
 122              	.LFE4:
 123              		.size	CYCONFIGCPYCODE, .-CYCONFIGCPYCODE
 124 0022 C046     		.section	.psocinit,"ax",%progbits
 125              		.align	2
 126              		.code	16
 127              		.thumb_func
 128              		.type	ClockSetup, %function
 129              	ClockSetup:
 130              	.LFB5:
  78:.\Generated_Source\PSoC4/cyfitter_cfg.c **** 
  79:.\Generated_Source\PSoC4/cyfitter_cfg.c **** 
  80:.\Generated_Source\PSoC4/cyfitter_cfg.c **** 
  81:.\Generated_Source\PSoC4/cyfitter_cfg.c **** /* Clock startup error codes                                                   */
  82:.\Generated_Source\PSoC4/cyfitter_cfg.c **** #define CYCLOCKSTART_NO_ERROR    0u
  83:.\Generated_Source\PSoC4/cyfitter_cfg.c **** #define CYCLOCKSTART_XTAL_ERROR  1u
  84:.\Generated_Source\PSoC4/cyfitter_cfg.c **** #define CYCLOCKSTART_32KHZ_ERROR 2u
  85:.\Generated_Source\PSoC4/cyfitter_cfg.c **** #define CYCLOCKSTART_PLL_ERROR   3u
  86:.\Generated_Source\PSoC4/cyfitter_cfg.c **** 
  87:.\Generated_Source\PSoC4/cyfitter_cfg.c **** #ifdef CY_NEED_CYCLOCKSTARTUPERROR
  88:.\Generated_Source\PSoC4/cyfitter_cfg.c **** /*******************************************************************************
  89:.\Generated_Source\PSoC4/cyfitter_cfg.c **** * Function Name: CyClockStartupError
  90:.\Generated_Source\PSoC4/cyfitter_cfg.c **** ********************************************************************************
  91:.\Generated_Source\PSoC4/cyfitter_cfg.c **** * Summary:
  92:.\Generated_Source\PSoC4/cyfitter_cfg.c **** *  If an error is encountered during clock configuration (crystal startup error,
  93:.\Generated_Source\PSoC4/cyfitter_cfg.c **** *  PLL lock error, etc.), the system will end up here.  Unless reimplemented by
  94:.\Generated_Source\PSoC4/cyfitter_cfg.c **** *  the customer, this function will stop in an infinite loop.
  95:.\Generated_Source\PSoC4/cyfitter_cfg.c **** *
  96:.\Generated_Source\PSoC4/cyfitter_cfg.c **** * Parameters:
  97:.\Generated_Source\PSoC4/cyfitter_cfg.c **** *   void
  98:.\Generated_Source\PSoC4/cyfitter_cfg.c **** *
ARM GAS  C:\Users\Midori\AppData\Local\Temp\ccohNdbb.s 			page 5


  99:.\Generated_Source\PSoC4/cyfitter_cfg.c **** * Return:
 100:.\Generated_Source\PSoC4/cyfitter_cfg.c **** *   void
 101:.\Generated_Source\PSoC4/cyfitter_cfg.c **** *
 102:.\Generated_Source\PSoC4/cyfitter_cfg.c **** *******************************************************************************/
 103:.\Generated_Source\PSoC4/cyfitter_cfg.c **** CY_CFG_UNUSED
 104:.\Generated_Source\PSoC4/cyfitter_cfg.c **** static void CyClockStartupError(uint8 errorCode);
 105:.\Generated_Source\PSoC4/cyfitter_cfg.c **** CY_CFG_UNUSED
 106:.\Generated_Source\PSoC4/cyfitter_cfg.c **** static void CyClockStartupError(uint8 errorCode)
 107:.\Generated_Source\PSoC4/cyfitter_cfg.c **** {
 108:.\Generated_Source\PSoC4/cyfitter_cfg.c ****     /* To remove the compiler warning if errorCode not used.                */
 109:.\Generated_Source\PSoC4/cyfitter_cfg.c ****     errorCode = errorCode;
 110:.\Generated_Source\PSoC4/cyfitter_cfg.c **** 
 111:.\Generated_Source\PSoC4/cyfitter_cfg.c ****     /* `#START CyClockStartupError` */
 112:.\Generated_Source\PSoC4/cyfitter_cfg.c **** 
 113:.\Generated_Source\PSoC4/cyfitter_cfg.c ****     /* If we have a clock startup error (bad MHz crystal, PLL lock, etc.),  */
 114:.\Generated_Source\PSoC4/cyfitter_cfg.c ****     /* we will end up here to allow the customer to implement something to  */
 115:.\Generated_Source\PSoC4/cyfitter_cfg.c ****     /* deal with the clock condition.                                       */
 116:.\Generated_Source\PSoC4/cyfitter_cfg.c **** 
 117:.\Generated_Source\PSoC4/cyfitter_cfg.c ****     /* `#END` */
 118:.\Generated_Source\PSoC4/cyfitter_cfg.c **** 
 119:.\Generated_Source\PSoC4/cyfitter_cfg.c ****     /* If nothing else, stop here since the clocks have not started         */
 120:.\Generated_Source\PSoC4/cyfitter_cfg.c ****     /* correctly.                                                           */
 121:.\Generated_Source\PSoC4/cyfitter_cfg.c ****     while(1) {}
 122:.\Generated_Source\PSoC4/cyfitter_cfg.c **** }
 123:.\Generated_Source\PSoC4/cyfitter_cfg.c **** #endif
 124:.\Generated_Source\PSoC4/cyfitter_cfg.c **** 
 125:.\Generated_Source\PSoC4/cyfitter_cfg.c **** 
 126:.\Generated_Source\PSoC4/cyfitter_cfg.c **** 
 127:.\Generated_Source\PSoC4/cyfitter_cfg.c **** /*******************************************************************************
 128:.\Generated_Source\PSoC4/cyfitter_cfg.c **** * Function Name: ClockSetup
 129:.\Generated_Source\PSoC4/cyfitter_cfg.c **** ********************************************************************************
 130:.\Generated_Source\PSoC4/cyfitter_cfg.c **** *
 131:.\Generated_Source\PSoC4/cyfitter_cfg.c **** * Summary:
 132:.\Generated_Source\PSoC4/cyfitter_cfg.c **** *   Performs the initialization of all of the clocks in the device based on the
 133:.\Generated_Source\PSoC4/cyfitter_cfg.c **** *   settings in the Clock tab of the DWR.  This includes enabling the requested
 134:.\Generated_Source\PSoC4/cyfitter_cfg.c **** *   clocks and setting the necessary dividers to produce the desired frequency. 
 135:.\Generated_Source\PSoC4/cyfitter_cfg.c **** *
 136:.\Generated_Source\PSoC4/cyfitter_cfg.c **** * Parameters:
 137:.\Generated_Source\PSoC4/cyfitter_cfg.c **** *   void
 138:.\Generated_Source\PSoC4/cyfitter_cfg.c **** *
 139:.\Generated_Source\PSoC4/cyfitter_cfg.c **** * Return:
 140:.\Generated_Source\PSoC4/cyfitter_cfg.c **** *   void
 141:.\Generated_Source\PSoC4/cyfitter_cfg.c **** *
 142:.\Generated_Source\PSoC4/cyfitter_cfg.c **** *******************************************************************************/
 143:.\Generated_Source\PSoC4/cyfitter_cfg.c **** static void ClockSetup(void);
 144:.\Generated_Source\PSoC4/cyfitter_cfg.c **** CY_CFG_SECTION
 145:.\Generated_Source\PSoC4/cyfitter_cfg.c **** static void ClockSetup(void)
 146:.\Generated_Source\PSoC4/cyfitter_cfg.c **** {
 131              		.loc 1 146 0
 132              		.cfi_startproc
 133 0000 80B5     		push	{r7, lr}
 134              		.cfi_def_cfa_offset 8
 135              		.cfi_offset 7, -8
 136              		.cfi_offset 14, -4
 137 0002 00AF     		add	r7, sp, #0
 138              		.cfi_def_cfa_register 7
 147:.\Generated_Source\PSoC4/cyfitter_cfg.c **** 
ARM GAS  C:\Users\Midori\AppData\Local\Temp\ccohNdbb.s 			page 6


 148:.\Generated_Source\PSoC4/cyfitter_cfg.c **** 	/* Set Flash Cycles based on max possible frequency in case a glitch occurs during ClockSetup(). *
 149:.\Generated_Source\PSoC4/cyfitter_cfg.c **** 	CY_SET_REG32((void CYXDATA *)(CYREG_CPUSS_FLASH_CTL), (0x0012u));
 139              		.loc 1 149 0
 140 0004 224B     		ldr	r3, .L5
 141 0006 1222     		mov	r2, #18
 142 0008 1A60     		str	r2, [r3]
 150:.\Generated_Source\PSoC4/cyfitter_cfg.c **** 
 151:.\Generated_Source\PSoC4/cyfitter_cfg.c **** 	/* Start the WCO */
 152:.\Generated_Source\PSoC4/cyfitter_cfg.c **** 	CySysClkWcoStart();
 143              		.loc 1 152 0
 144 000a FFF7FEFF 		bl	CySysClkWcoStart
 153:.\Generated_Source\PSoC4/cyfitter_cfg.c **** 	CyDelayCycles(12000000u); /* WCO may take up to 500ms to start */
 145              		.loc 1 153 0
 146 000e 214B     		ldr	r3, .L5+4
 147 0010 181C     		mov	r0, r3
 148 0012 FFF7FEFF 		bl	CyDelayCycles
 154:.\Generated_Source\PSoC4/cyfitter_cfg.c **** 	(void)CySysClkWcoSetPowerMode(CY_SYS_CLK_WCO_LPM);    /* Switch to the low power mode */
 149              		.loc 1 154 0
 150 0016 0120     		mov	r0, #1
 151 0018 FFF7FEFF 		bl	CySysClkWcoSetPowerMode
 155:.\Generated_Source\PSoC4/cyfitter_cfg.c **** 
 156:.\Generated_Source\PSoC4/cyfitter_cfg.c **** 	/* Setup and trim IMO based on desired frequency. */
 157:.\Generated_Source\PSoC4/cyfitter_cfg.c **** 	CySysClkWriteImoFreq(48u);
 152              		.loc 1 157 0
 153 001c 3020     		mov	r0, #48
 154 001e FFF7FEFF 		bl	CySysClkWriteImoFreq
 158:.\Generated_Source\PSoC4/cyfitter_cfg.c **** 	/* CYDEV_CLK_ILO_CONFIG Starting address: CYDEV_CLK_ILO_CONFIG */
 159:.\Generated_Source\PSoC4/cyfitter_cfg.c **** 	CY_SET_XTND_REG32((void CYFAR *)(CYREG_CLK_ILO_CONFIG), 0x80000006u);
 155              		.loc 1 159 0
 156 0022 1D4B     		ldr	r3, .L5+8
 157 0024 1D4A     		ldr	r2, .L5+12
 158 0026 1A60     		str	r2, [r3]
 160:.\Generated_Source\PSoC4/cyfitter_cfg.c **** 
 161:.\Generated_Source\PSoC4/cyfitter_cfg.c **** 	/* CYDEV_WDT_CONFIG Starting address: CYDEV_WDT_CONFIG */
 162:.\Generated_Source\PSoC4/cyfitter_cfg.c **** 	CY_SET_XTND_REG32((void CYFAR *)(CYREG_WDT_CONFIG), 0x40000000u);
 159              		.loc 1 162 0
 160 0028 1D4B     		ldr	r3, .L5+16
 161 002a 8022     		mov	r2, #128
 162 002c D205     		lsl	r2, r2, #23
 163 002e 1A60     		str	r2, [r3]
 163:.\Generated_Source\PSoC4/cyfitter_cfg.c **** 
 164:.\Generated_Source\PSoC4/cyfitter_cfg.c **** 
 165:.\Generated_Source\PSoC4/cyfitter_cfg.c **** 	/* Enable fast start mode for XO */
 166:.\Generated_Source\PSoC4/cyfitter_cfg.c **** 	CY_SET_REG32((void*)CYREG_BLE_BLERD_BB_XO, CY_GET_REG32((void*)CYREG_BLE_BLERD_BB_XO) | (uint32)0x
 164              		.loc 1 166 0
 165 0030 1C4B     		ldr	r3, .L5+20
 166 0032 1C4A     		ldr	r2, .L5+20
 167 0034 1268     		ldr	r2, [r2]
 168 0036 0221     		mov	r1, #2
 169 0038 0A43     		orr	r2, r1
 170 003a 1A60     		str	r2, [r3]
 167:.\Generated_Source\PSoC4/cyfitter_cfg.c **** 	CY_SET_XTND_REG32((void CYFAR *)(CYREG_BLE_BLERD_BB_XO_CAPTRIM), 0x00002D6Au);
 171              		.loc 1 167 0
 172 003c 1A4B     		ldr	r3, .L5+24
 173 003e 1B4A     		ldr	r2, .L5+28
 174 0040 1A60     		str	r2, [r3]
 168:.\Generated_Source\PSoC4/cyfitter_cfg.c **** 	/* Disable Crystal Stable Interrupt before enabling ECO */
ARM GAS  C:\Users\Midori\AppData\Local\Temp\ccohNdbb.s 			page 7


 169:.\Generated_Source\PSoC4/cyfitter_cfg.c **** 	CY_SET_REG32((void*)CYREG_BLE_BLESS_LL_DSM_CTRL, CY_GET_REG32((void*)CYREG_BLE_BLESS_LL_DSM_CTRL) 
 175              		.loc 1 169 0
 176 0042 1B4B     		ldr	r3, .L5+32
 177 0044 1A4A     		ldr	r2, .L5+32
 178 0046 1268     		ldr	r2, [r2]
 179 0048 0821     		mov	r1, #8
 180 004a 8A43     		bic	r2, r1
 181 004c 1A60     		str	r2, [r3]
 170:.\Generated_Source\PSoC4/cyfitter_cfg.c **** 	/* Start the ECO and do not check status since it is not needed for HFCLK */
 171:.\Generated_Source\PSoC4/cyfitter_cfg.c **** 	(void)CySysClkEcoStart(2000u);
 182              		.loc 1 171 0
 183 004e FA23     		mov	r3, #250
 184 0050 DB00     		lsl	r3, r3, #3
 185 0052 181C     		mov	r0, r3
 186 0054 FFF7FEFF 		bl	CySysClkEcoStart
 172:.\Generated_Source\PSoC4/cyfitter_cfg.c **** 	CyDelayUs(1500u); /* Wait to stabalize */
 187              		.loc 1 172 0
 188 0058 164B     		ldr	r3, .L5+36
 189 005a 181C     		mov	r0, r3
 190 005c FFF7FEFF 		bl	CyDelayUs
 173:.\Generated_Source\PSoC4/cyfitter_cfg.c **** 
 174:.\Generated_Source\PSoC4/cyfitter_cfg.c **** 	/* Setup phase aligned clocks */
 175:.\Generated_Source\PSoC4/cyfitter_cfg.c **** 	CY_SET_REG32((void *)CYREG_PERI_DIV_16_CTL0, 0x0001A000u);
 191              		.loc 1 175 0
 192 0060 154B     		ldr	r3, .L5+40
 193 0062 D022     		mov	r2, #208
 194 0064 5202     		lsl	r2, r2, #9
 195 0066 1A60     		str	r2, [r3]
 176:.\Generated_Source\PSoC4/cyfitter_cfg.c **** 	CY_SET_REG32((void *)CYREG_PERI_DIV_CMD, 0x8000FF40u);
 196              		.loc 1 176 0
 197 0068 144B     		ldr	r3, .L5+44
 198 006a 154A     		ldr	r2, .L5+48
 199 006c 1A60     		str	r2, [r3]
 177:.\Generated_Source\PSoC4/cyfitter_cfg.c **** 
 178:.\Generated_Source\PSoC4/cyfitter_cfg.c **** 	/* CYDEV_CLK_IMO_CONFIG Starting address: CYDEV_CLK_IMO_CONFIG */
 179:.\Generated_Source\PSoC4/cyfitter_cfg.c **** 	CY_SET_XTND_REG32((void CYFAR *)(CYREG_CLK_IMO_CONFIG), 0x80000000u);
 200              		.loc 1 179 0
 201 006e 154B     		ldr	r3, .L5+52
 202 0070 8022     		mov	r2, #128
 203 0072 1206     		lsl	r2, r2, #24
 204 0074 1A60     		str	r2, [r3]
 180:.\Generated_Source\PSoC4/cyfitter_cfg.c **** 
 181:.\Generated_Source\PSoC4/cyfitter_cfg.c **** 	/* CYDEV_CLK_SELECT Starting address: CYDEV_CLK_SELECT */
 182:.\Generated_Source\PSoC4/cyfitter_cfg.c **** 	CY_SET_XTND_REG32((void CYFAR *)(CYREG_CLK_SELECT), 0x00040000u);
 205              		.loc 1 182 0
 206 0076 144B     		ldr	r3, .L5+56
 207 0078 8022     		mov	r2, #128
 208 007a D202     		lsl	r2, r2, #11
 209 007c 1A60     		str	r2, [r3]
 183:.\Generated_Source\PSoC4/cyfitter_cfg.c **** 
 184:.\Generated_Source\PSoC4/cyfitter_cfg.c **** 	/* CYDEV_PERI_PCLK_CTL1 Starting address: CYDEV_PERI_PCLK_CTL1 */
 185:.\Generated_Source\PSoC4/cyfitter_cfg.c **** 	CY_SET_XTND_REG32((void CYFAR *)(CYREG_PERI_PCLK_CTL1), 0x00000040u);
 210              		.loc 1 185 0
 211 007e 134B     		ldr	r3, .L5+60
 212 0080 4022     		mov	r2, #64
 213 0082 1A60     		str	r2, [r3]
 186:.\Generated_Source\PSoC4/cyfitter_cfg.c **** 
ARM GAS  C:\Users\Midori\AppData\Local\Temp\ccohNdbb.s 			page 8


 187:.\Generated_Source\PSoC4/cyfitter_cfg.c **** 	CY_SET_XTND_REG32((void CYFAR *)(CYREG_WDT_CONFIG), 0x40000000u);
 214              		.loc 1 187 0
 215 0084 064B     		ldr	r3, .L5+16
 216 0086 8022     		mov	r2, #128
 217 0088 D205     		lsl	r2, r2, #23
 218 008a 1A60     		str	r2, [r3]
 188:.\Generated_Source\PSoC4/cyfitter_cfg.c **** }
 219              		.loc 1 188 0
 220 008c BD46     		mov	sp, r7
 221              		@ sp needed
 222 008e 80BD     		pop	{r7, pc}
 223              	.L6:
 224              		.align	2
 225              	.L5:
 226 0090 30001040 		.word	1074790448
 227 0094 001BB700 		.word	12000000
 228 0098 04010B40 		.word	1074462980
 229 009c 06000080 		.word	-2147483642
 230 00a0 0C020B40 		.word	1074463244
 231 00a4 78002E40 		.word	1076756600
 232 00a8 7C002E40 		.word	1076756604
 233 00ac 6A2D0000 		.word	11626
 234 00b0 6CF02E40 		.word	1076818028
 235 00b4 DC050000 		.word	1500
 236 00b8 00030140 		.word	1073808128
 237 00bc 00000140 		.word	1073807360
 238 00c0 40FF0080 		.word	-2147418304
 239 00c4 08010B40 		.word	1074462984
 240 00c8 00010B40 		.word	1074462976
 241 00cc 04010140 		.word	1073807620
 242              		.cfi_endproc
 243              	.LFE5:
 244              		.size	ClockSetup, .-ClockSetup
 245              		.section	.text.AnalogSetDefault,"ax",%progbits
 246              		.align	2
 247              		.code	16
 248              		.thumb_func
 249              		.type	AnalogSetDefault, %function
 250              	AnalogSetDefault:
 251              	.LFB6:
 189:.\Generated_Source\PSoC4/cyfitter_cfg.c **** 
 190:.\Generated_Source\PSoC4/cyfitter_cfg.c **** 
 191:.\Generated_Source\PSoC4/cyfitter_cfg.c **** /* Analog API Functions */
 192:.\Generated_Source\PSoC4/cyfitter_cfg.c **** 
 193:.\Generated_Source\PSoC4/cyfitter_cfg.c **** 
 194:.\Generated_Source\PSoC4/cyfitter_cfg.c **** /*******************************************************************************
 195:.\Generated_Source\PSoC4/cyfitter_cfg.c **** * Function Name: AnalogSetDefault
 196:.\Generated_Source\PSoC4/cyfitter_cfg.c **** ********************************************************************************
 197:.\Generated_Source\PSoC4/cyfitter_cfg.c **** *
 198:.\Generated_Source\PSoC4/cyfitter_cfg.c **** * Summary:
 199:.\Generated_Source\PSoC4/cyfitter_cfg.c **** *  Sets up the analog portions of the chip to default values based on chip
 200:.\Generated_Source\PSoC4/cyfitter_cfg.c **** *  configuration options from the project.
 201:.\Generated_Source\PSoC4/cyfitter_cfg.c **** *
 202:.\Generated_Source\PSoC4/cyfitter_cfg.c **** * Parameters:
 203:.\Generated_Source\PSoC4/cyfitter_cfg.c **** *  void
 204:.\Generated_Source\PSoC4/cyfitter_cfg.c **** *
 205:.\Generated_Source\PSoC4/cyfitter_cfg.c **** * Return:
ARM GAS  C:\Users\Midori\AppData\Local\Temp\ccohNdbb.s 			page 9


 206:.\Generated_Source\PSoC4/cyfitter_cfg.c **** *  void
 207:.\Generated_Source\PSoC4/cyfitter_cfg.c **** *
 208:.\Generated_Source\PSoC4/cyfitter_cfg.c **** *******************************************************************************/
 209:.\Generated_Source\PSoC4/cyfitter_cfg.c **** static void AnalogSetDefault(void);
 210:.\Generated_Source\PSoC4/cyfitter_cfg.c **** static void AnalogSetDefault(void)
 211:.\Generated_Source\PSoC4/cyfitter_cfg.c **** {
 252              		.loc 1 211 0
 253              		.cfi_startproc
 254 0000 80B5     		push	{r7, lr}
 255              		.cfi_def_cfa_offset 8
 256              		.cfi_offset 7, -8
 257              		.cfi_offset 14, -4
 258 0002 00AF     		add	r7, sp, #0
 259              		.cfi_def_cfa_register 7
 212:.\Generated_Source\PSoC4/cyfitter_cfg.c **** 	CY_SET_XTND_REG32((void CYFAR *)CYREG_CTBM0_DFT_CTRL, 0x00000003u);
 260              		.loc 1 212 0
 261 0004 054B     		ldr	r3, .L8
 262 0006 0322     		mov	r2, #3
 263 0008 1A60     		str	r2, [r3]
 213:.\Generated_Source\PSoC4/cyfitter_cfg.c **** 	CY_SET_XTND_REG32((void CYFAR *)CYREG_CTBM1_DFT_CTRL, 0x00000003u);
 264              		.loc 1 213 0
 265 000a 054B     		ldr	r3, .L8+4
 266 000c 0322     		mov	r2, #3
 267 000e 1A60     		str	r2, [r3]
 214:.\Generated_Source\PSoC4/cyfitter_cfg.c **** 	CY_SET_XTND_REG32((void CYFAR *)CYREG_PASS_DSAB_DSAB_CTRL, 0x00000000u);
 268              		.loc 1 214 0
 269 0010 044B     		ldr	r3, .L8+8
 270 0012 0022     		mov	r2, #0
 271 0014 1A60     		str	r2, [r3]
 215:.\Generated_Source\PSoC4/cyfitter_cfg.c **** }
 272              		.loc 1 215 0
 273 0016 BD46     		mov	sp, r7
 274              		@ sp needed
 275 0018 80BD     		pop	{r7, pc}
 276              	.L9:
 277 001a C046     		.align	2
 278              	.L8:
 279 001c 30003040 		.word	1076887600
 280 0020 30003140 		.word	1076953136
 281 0024 000E3F40 		.word	1077874176
 282              		.cfi_endproc
 283              	.LFE6:
 284              		.size	AnalogSetDefault, .-AnalogSetDefault
 285              		.section	.psocinit
 286              		.align	2
 287              		.global	cyfitter_cfg
 288              		.code	16
 289              		.thumb_func
 290              		.type	cyfitter_cfg, %function
 291              	cyfitter_cfg:
 292              	.LFB7:
 216:.\Generated_Source\PSoC4/cyfitter_cfg.c **** 
 217:.\Generated_Source\PSoC4/cyfitter_cfg.c **** #define CY_AMUX_UNUSED CYREG_CM0_ROM_DWT
 218:.\Generated_Source\PSoC4/cyfitter_cfg.c **** 
 219:.\Generated_Source\PSoC4/cyfitter_cfg.c **** 
 220:.\Generated_Source\PSoC4/cyfitter_cfg.c **** /*******************************************************************************
 221:.\Generated_Source\PSoC4/cyfitter_cfg.c **** * Function Name: cyfitter_cfg
ARM GAS  C:\Users\Midori\AppData\Local\Temp\ccohNdbb.s 			page 10


 222:.\Generated_Source\PSoC4/cyfitter_cfg.c **** ********************************************************************************
 223:.\Generated_Source\PSoC4/cyfitter_cfg.c **** * Summary:
 224:.\Generated_Source\PSoC4/cyfitter_cfg.c **** *  This function is called by the start-up code for the selected device. It
 225:.\Generated_Source\PSoC4/cyfitter_cfg.c **** *  performs all of the necessary device configuration based on the design
 226:.\Generated_Source\PSoC4/cyfitter_cfg.c **** *  settings.  This includes settings from the Design Wide Resources (DWR) such
 227:.\Generated_Source\PSoC4/cyfitter_cfg.c **** *  as Clocks and Pins as well as any component configuration that is necessary.
 228:.\Generated_Source\PSoC4/cyfitter_cfg.c **** *
 229:.\Generated_Source\PSoC4/cyfitter_cfg.c **** * Parameters:  
 230:.\Generated_Source\PSoC4/cyfitter_cfg.c **** *   void
 231:.\Generated_Source\PSoC4/cyfitter_cfg.c **** *
 232:.\Generated_Source\PSoC4/cyfitter_cfg.c **** * Return:
 233:.\Generated_Source\PSoC4/cyfitter_cfg.c **** *   void
 234:.\Generated_Source\PSoC4/cyfitter_cfg.c **** *
 235:.\Generated_Source\PSoC4/cyfitter_cfg.c **** *******************************************************************************/
 236:.\Generated_Source\PSoC4/cyfitter_cfg.c **** CY_CFG_SECTION
 237:.\Generated_Source\PSoC4/cyfitter_cfg.c **** void cyfitter_cfg(void)
 238:.\Generated_Source\PSoC4/cyfitter_cfg.c **** {
 293              		.loc 1 238 0
 294              		.cfi_startproc
 295 00d0 80B5     		push	{r7, lr}
 296              		.cfi_def_cfa_offset 8
 297              		.cfi_offset 7, -8
 298              		.cfi_offset 14, -4
 299 00d2 82B0     		sub	sp, sp, #8
 300              		.cfi_def_cfa_offset 16
 301 00d4 00AF     		add	r7, sp, #0
 302              		.cfi_def_cfa_register 7
 239:.\Generated_Source\PSoC4/cyfitter_cfg.c **** 	/* Disable interrupts by default. Let user enable if/when they want. */
 240:.\Generated_Source\PSoC4/cyfitter_cfg.c **** 	CyGlobalIntDisable;
 303              		.loc 1 240 0
 304              	@ 240 ".\Generated_Source\PSoC4\cyfitter_cfg.c" 1
 305 00d6 72B6     		CPSID   i
 306              	@ 0 "" 2
 241:.\Generated_Source\PSoC4/cyfitter_cfg.c **** 
 242:.\Generated_Source\PSoC4/cyfitter_cfg.c **** 	CY_SET_XTND_REG32((void CYFAR *)(CYREG_BLE_BLESS_LL_DSM_CTRL), 0x00000000u);
 307              		.loc 1 242 0
 308              		.code	16
 309 00d8 424B     		ldr	r3, .L13
 310 00da 0022     		mov	r2, #0
 311 00dc 1A60     		str	r2, [r3]
 312              	.LBB2:
 243:.\Generated_Source\PSoC4/cyfitter_cfg.c **** 
 244:.\Generated_Source\PSoC4/cyfitter_cfg.c **** 	{
 245:.\Generated_Source\PSoC4/cyfitter_cfg.c **** 
 246:.\Generated_Source\PSoC4/cyfitter_cfg.c **** 		CYPACKED typedef struct {
 247:.\Generated_Source\PSoC4/cyfitter_cfg.c **** 			void CYFAR *address;
 248:.\Generated_Source\PSoC4/cyfitter_cfg.c **** 			uint16 size;
 249:.\Generated_Source\PSoC4/cyfitter_cfg.c **** 		} CYPACKED_ATTR cfg_memset_t;
 250:.\Generated_Source\PSoC4/cyfitter_cfg.c **** 
 251:.\Generated_Source\PSoC4/cyfitter_cfg.c **** 		static const cfg_memset_t CYCODE cfg_memset_list [] = {
 252:.\Generated_Source\PSoC4/cyfitter_cfg.c **** 			/* address, size */
 253:.\Generated_Source\PSoC4/cyfitter_cfg.c **** 			{(void CYFAR *)(CYDEV_UDB_P0_U0_BASE), 1024u},
 254:.\Generated_Source\PSoC4/cyfitter_cfg.c **** 			{(void CYFAR *)(CYDEV_UDB_DSI0_BASE), 1024u},
 255:.\Generated_Source\PSoC4/cyfitter_cfg.c **** 		};
 256:.\Generated_Source\PSoC4/cyfitter_cfg.c **** 
 257:.\Generated_Source\PSoC4/cyfitter_cfg.c **** 		uint8 CYDATA i;
 258:.\Generated_Source\PSoC4/cyfitter_cfg.c **** 
ARM GAS  C:\Users\Midori\AppData\Local\Temp\ccohNdbb.s 			page 11


 259:.\Generated_Source\PSoC4/cyfitter_cfg.c **** 		/* Zero out critical memory blocks before beginning configuration */
 260:.\Generated_Source\PSoC4/cyfitter_cfg.c **** 		for (i = 0u; i < (sizeof(cfg_memset_list)/sizeof(cfg_memset_list[0])); i++)
 313              		.loc 1 260 0
 314 00de FB1D     		add	r3, r7, #7
 315 00e0 0022     		mov	r2, #0
 316 00e2 1A70     		strb	r2, [r3]
 317 00e4 23E0     		b	.L11
 318              	.L12:
 319              	.LBB3:
 261:.\Generated_Source\PSoC4/cyfitter_cfg.c **** 		{
 262:.\Generated_Source\PSoC4/cyfitter_cfg.c **** 			const cfg_memset_t CYCODE * CYDATA ms = &cfg_memset_list[i];
 320              		.loc 1 262 0 discriminator 3
 321 00e6 FB1D     		add	r3, r7, #7
 322 00e8 1A78     		ldrb	r2, [r3]
 323 00ea 131C     		mov	r3, r2
 324 00ec 5B00     		lsl	r3, r3, #1
 325 00ee 9B18     		add	r3, r3, r2
 326 00f0 5B00     		lsl	r3, r3, #1
 327 00f2 3D4A     		ldr	r2, .L13+4
 328 00f4 9B18     		add	r3, r3, r2
 329 00f6 3B60     		str	r3, [r7]
 263:.\Generated_Source\PSoC4/cyfitter_cfg.c **** 			CYMEMZERO(ms->address, (size_t)(uint32)(ms->size));
 330              		.loc 1 263 0 discriminator 3
 331 00f8 3B68     		ldr	r3, [r7]
 332 00fa 1A78     		ldrb	r2, [r3]
 333 00fc 5978     		ldrb	r1, [r3, #1]
 334 00fe 0902     		lsl	r1, r1, #8
 335 0100 0A43     		orr	r2, r1
 336 0102 9978     		ldrb	r1, [r3, #2]
 337 0104 0904     		lsl	r1, r1, #16
 338 0106 0A43     		orr	r2, r1
 339 0108 DB78     		ldrb	r3, [r3, #3]
 340 010a 1B06     		lsl	r3, r3, #24
 341 010c 1343     		orr	r3, r2
 342 010e 191C     		mov	r1, r3
 343 0110 3B68     		ldr	r3, [r7]
 344 0112 1A79     		ldrb	r2, [r3, #4]
 345 0114 5B79     		ldrb	r3, [r3, #5]
 346 0116 1B02     		lsl	r3, r3, #8
 347 0118 1343     		orr	r3, r2
 348 011a 9BB2     		uxth	r3, r3
 349 011c 081C     		mov	r0, r1
 350 011e 191C     		mov	r1, r3
 351 0120 FFF7FEFF 		bl	CYMEMZERO
 352              	.LBE3:
 260:.\Generated_Source\PSoC4/cyfitter_cfg.c **** 		{
 353              		.loc 1 260 0 discriminator 3
 354 0124 FB1D     		add	r3, r7, #7
 355 0126 1A78     		ldrb	r2, [r3]
 356 0128 FB1D     		add	r3, r7, #7
 357 012a 0132     		add	r2, r2, #1
 358 012c 1A70     		strb	r2, [r3]
 359              	.L11:
 260:.\Generated_Source\PSoC4/cyfitter_cfg.c **** 		{
 360              		.loc 1 260 0 is_stmt 0 discriminator 1
 361 012e FB1D     		add	r3, r7, #7
 362 0130 1B78     		ldrb	r3, [r3]
ARM GAS  C:\Users\Midori\AppData\Local\Temp\ccohNdbb.s 			page 12


 363 0132 012B     		cmp	r3, #1
 364 0134 D7D9     		bls	.L12
 264:.\Generated_Source\PSoC4/cyfitter_cfg.c **** 		}
 265:.\Generated_Source\PSoC4/cyfitter_cfg.c **** 
 266:.\Generated_Source\PSoC4/cyfitter_cfg.c **** 		/* HSIOM Starting address: CYDEV_HSIOM_BASE */
 267:.\Generated_Source\PSoC4/cyfitter_cfg.c **** 		CY_SET_XTND_REG32((void CYFAR *)(CYDEV_HSIOM_BASE), 0xEE000000u);
 365              		.loc 1 267 0 is_stmt 1
 366 0136 2D4B     		ldr	r3, .L13+8
 367 0138 EE22     		mov	r2, #238
 368 013a 1206     		lsl	r2, r2, #24
 369 013c 1A60     		str	r2, [r3]
 268:.\Generated_Source\PSoC4/cyfitter_cfg.c **** 		CY_SET_XTND_REG32((void CYFAR *)(CYREG_HSIOM_PORT_SEL1), 0x00990000u);
 370              		.loc 1 268 0
 371 013e 2C4B     		ldr	r3, .L13+12
 372 0140 9922     		mov	r2, #153
 373 0142 1204     		lsl	r2, r2, #16
 374 0144 1A60     		str	r2, [r3]
 269:.\Generated_Source\PSoC4/cyfitter_cfg.c **** 
 270:.\Generated_Source\PSoC4/cyfitter_cfg.c **** 		/* UDB_PA_0 Starting address: CYDEV_UDB_PA0_BASE */
 271:.\Generated_Source\PSoC4/cyfitter_cfg.c **** 		CY_SET_XTND_REG32((void CYFAR *)(CYDEV_UDB_PA0_BASE), 0x00990000u);
 375              		.loc 1 271 0
 376 0146 2B4B     		ldr	r3, .L13+16
 377 0148 9922     		mov	r2, #153
 378 014a 1204     		lsl	r2, r2, #16
 379 014c 1A60     		str	r2, [r3]
 272:.\Generated_Source\PSoC4/cyfitter_cfg.c **** 
 273:.\Generated_Source\PSoC4/cyfitter_cfg.c **** 		/* UDB_PA_1 Starting address: CYDEV_UDB_PA1_BASE */
 274:.\Generated_Source\PSoC4/cyfitter_cfg.c **** 		CY_SET_XTND_REG32((void CYFAR *)(CYDEV_UDB_PA1_BASE), 0x00990000u);
 380              		.loc 1 274 0
 381 014e 2A4B     		ldr	r3, .L13+20
 382 0150 9922     		mov	r2, #153
 383 0152 1204     		lsl	r2, r2, #16
 384 0154 1A60     		str	r2, [r3]
 275:.\Generated_Source\PSoC4/cyfitter_cfg.c **** 
 276:.\Generated_Source\PSoC4/cyfitter_cfg.c **** 		/* UDB_PA_2 Starting address: CYDEV_UDB_PA2_BASE */
 277:.\Generated_Source\PSoC4/cyfitter_cfg.c **** 		CY_SET_XTND_REG32((void CYFAR *)(CYDEV_UDB_PA2_BASE), 0x00990000u);
 385              		.loc 1 277 0
 386 0156 294B     		ldr	r3, .L13+24
 387 0158 9922     		mov	r2, #153
 388 015a 1204     		lsl	r2, r2, #16
 389 015c 1A60     		str	r2, [r3]
 278:.\Generated_Source\PSoC4/cyfitter_cfg.c **** 
 279:.\Generated_Source\PSoC4/cyfitter_cfg.c **** 		/* UDB_PA_3 Starting address: CYDEV_UDB_PA3_BASE */
 280:.\Generated_Source\PSoC4/cyfitter_cfg.c **** 		CY_SET_XTND_REG32((void CYFAR *)(CYDEV_UDB_PA3_BASE), 0x00990000u);
 390              		.loc 1 280 0
 391 015e 284B     		ldr	r3, .L13+28
 392 0160 9922     		mov	r2, #153
 393 0162 1204     		lsl	r2, r2, #16
 394 0164 1A60     		str	r2, [r3]
 281:.\Generated_Source\PSoC4/cyfitter_cfg.c **** 
 282:.\Generated_Source\PSoC4/cyfitter_cfg.c **** 		/* Enable digital routing */
 283:.\Generated_Source\PSoC4/cyfitter_cfg.c **** 		CY_SET_XTND_REG8((void *)CYREG_UDB_UDBIF_BANK_CTL, CY_GET_XTND_REG8((void *)CYREG_UDB_UDBIF_BANK_
 395              		.loc 1 283 0
 396 0166 274A     		ldr	r2, .L13+32
 397 0168 264B     		ldr	r3, .L13+32
 398 016a 1B78     		ldrb	r3, [r3]
 399 016c DBB2     		uxtb	r3, r3
ARM GAS  C:\Users\Midori\AppData\Local\Temp\ccohNdbb.s 			page 13


 400 016e 0221     		mov	r1, #2
 401 0170 0B43     		orr	r3, r1
 402 0172 DBB2     		uxtb	r3, r3
 403 0174 1370     		strb	r3, [r2]
 284:.\Generated_Source\PSoC4/cyfitter_cfg.c **** 
 285:.\Generated_Source\PSoC4/cyfitter_cfg.c **** 		/* Enable UDB array */
 286:.\Generated_Source\PSoC4/cyfitter_cfg.c **** 		CY_SET_XTND_REG8((void *)CYREG_UDB_UDBIF_WAIT_CFG, (uint8)((CY_GET_XTND_REG8((void *)CYREG_UDB_UD
 404              		.loc 1 286 0
 405 0176 244A     		ldr	r2, .L13+36
 406 0178 234B     		ldr	r3, .L13+36
 407 017a 1B78     		ldrb	r3, [r3]
 408 017c DBB2     		uxtb	r3, r3
 409 017e 3C21     		mov	r1, #60
 410 0180 8B43     		bic	r3, r1
 411 0182 DBB2     		uxtb	r3, r3
 412 0184 1421     		mov	r1, #20
 413 0186 0B43     		orr	r3, r1
 414 0188 DBB2     		uxtb	r3, r3
 415 018a 1370     		strb	r3, [r2]
 287:.\Generated_Source\PSoC4/cyfitter_cfg.c **** 		CY_SET_XTND_REG8((void *)CYREG_UDB_UDBIF_BANK_CTL, (uint8)(CY_GET_XTND_REG8((void *)CYREG_UDB_UDB
 416              		.loc 1 287 0
 417 018c 1D4A     		ldr	r2, .L13+32
 418 018e 1D4B     		ldr	r3, .L13+32
 419 0190 1B78     		ldrb	r3, [r3]
 420 0192 DBB2     		uxtb	r3, r3
 421 0194 1621     		mov	r1, #22
 422 0196 0B43     		orr	r3, r1
 423 0198 DBB2     		uxtb	r3, r3
 424 019a 1370     		strb	r3, [r2]
 425              	.LBE2:
 288:.\Generated_Source\PSoC4/cyfitter_cfg.c **** 	}
 289:.\Generated_Source\PSoC4/cyfitter_cfg.c **** 
 290:.\Generated_Source\PSoC4/cyfitter_cfg.c **** 	/* Perform second pass device configuration. These items must be configured in specific order afte
 291:.\Generated_Source\PSoC4/cyfitter_cfg.c **** 	/* IOPINS0_0 Starting address: CYDEV_GPIO_PRT0_BASE */
 292:.\Generated_Source\PSoC4/cyfitter_cfg.c **** 	CY_SET_XTND_REG32((void CYFAR *)(CYREG_GPIO_PRT0_PC), 0x00D80000u);
 426              		.loc 1 292 0
 427 019c 1B4B     		ldr	r3, .L13+40
 428 019e D822     		mov	r2, #216
 429 01a0 1204     		lsl	r2, r2, #16
 430 01a2 1A60     		str	r2, [r3]
 293:.\Generated_Source\PSoC4/cyfitter_cfg.c **** 
 294:.\Generated_Source\PSoC4/cyfitter_cfg.c **** 	/* IOPINS0_1 Starting address: CYDEV_GPIO_PRT1_BASE */
 295:.\Generated_Source\PSoC4/cyfitter_cfg.c **** 	CY_SET_XTND_REG32((void CYFAR *)(CYDEV_GPIO_PRT1_BASE), 0x00000020u);
 431              		.loc 1 295 0
 432 01a4 1A4B     		ldr	r3, .L13+44
 433 01a6 2022     		mov	r2, #32
 434 01a8 1A60     		str	r2, [r3]
 296:.\Generated_Source\PSoC4/cyfitter_cfg.c **** 	CY_SET_XTND_REG32((void CYFAR *)(CYREG_GPIO_PRT1_PC), 0x00031000u);
 435              		.loc 1 296 0
 436 01aa 1A4B     		ldr	r3, .L13+48
 437 01ac C422     		mov	r2, #196
 438 01ae 9202     		lsl	r2, r2, #10
 439 01b0 1A60     		str	r2, [r3]
 297:.\Generated_Source\PSoC4/cyfitter_cfg.c **** 	CY_SET_XTND_REG32((void CYFAR *)(CYREG_GPIO_PRT1_PC2), 0x00000020u);
 440              		.loc 1 297 0
 441 01b2 194B     		ldr	r3, .L13+52
 442 01b4 2022     		mov	r2, #32
ARM GAS  C:\Users\Midori\AppData\Local\Temp\ccohNdbb.s 			page 14


 443 01b6 1A60     		str	r2, [r3]
 298:.\Generated_Source\PSoC4/cyfitter_cfg.c **** 
 299:.\Generated_Source\PSoC4/cyfitter_cfg.c **** 	/* IOPINS0_2 Starting address: CYDEV_GPIO_PRT2_BASE */
 300:.\Generated_Source\PSoC4/cyfitter_cfg.c **** 	CY_SET_XTND_REG32((void CYFAR *)(CYDEV_GPIO_PRT2_BASE), 0x00000040u);
 444              		.loc 1 300 0
 445 01b8 184B     		ldr	r3, .L13+56
 446 01ba 4022     		mov	r2, #64
 447 01bc 1A60     		str	r2, [r3]
 301:.\Generated_Source\PSoC4/cyfitter_cfg.c **** 	CY_SET_XTND_REG32((void CYFAR *)(CYREG_GPIO_PRT2_PC), 0x00180000u);
 448              		.loc 1 301 0
 449 01be 184B     		ldr	r3, .L13+60
 450 01c0 C022     		mov	r2, #192
 451 01c2 5203     		lsl	r2, r2, #13
 452 01c4 1A60     		str	r2, [r3]
 302:.\Generated_Source\PSoC4/cyfitter_cfg.c **** 
 303:.\Generated_Source\PSoC4/cyfitter_cfg.c **** 	/* IOPINS0_3 Starting address: CYDEV_GPIO_PRT3_BASE */
 304:.\Generated_Source\PSoC4/cyfitter_cfg.c **** 	CY_SET_XTND_REG32((void CYFAR *)(CYDEV_GPIO_PRT3_BASE), 0x000000C0u);
 453              		.loc 1 304 0
 454 01c6 174B     		ldr	r3, .L13+64
 455 01c8 C022     		mov	r2, #192
 456 01ca 1A60     		str	r2, [r3]
 305:.\Generated_Source\PSoC4/cyfitter_cfg.c **** 	CY_SET_XTND_REG32((void CYFAR *)(CYREG_GPIO_PRT3_PC), 0x00D80000u);
 457              		.loc 1 305 0
 458 01cc 164B     		ldr	r3, .L13+68
 459 01ce D822     		mov	r2, #216
 460 01d0 1204     		lsl	r2, r2, #16
 461 01d2 1A60     		str	r2, [r3]
 306:.\Generated_Source\PSoC4/cyfitter_cfg.c **** 
 307:.\Generated_Source\PSoC4/cyfitter_cfg.c **** 
 308:.\Generated_Source\PSoC4/cyfitter_cfg.c **** 	/* Setup clocks based on selections from Clock DWR */
 309:.\Generated_Source\PSoC4/cyfitter_cfg.c **** 	ClockSetup();
 462              		.loc 1 309 0
 463 01d4 FFF714FF 		bl	ClockSetup
 310:.\Generated_Source\PSoC4/cyfitter_cfg.c **** 
 311:.\Generated_Source\PSoC4/cyfitter_cfg.c **** 	/* Perform basic analog initialization to defaults */
 312:.\Generated_Source\PSoC4/cyfitter_cfg.c **** 	AnalogSetDefault();
 464              		.loc 1 312 0
 465 01d8 FFF7FEFF 		bl	AnalogSetDefault
 313:.\Generated_Source\PSoC4/cyfitter_cfg.c **** 
 314:.\Generated_Source\PSoC4/cyfitter_cfg.c **** }
 466              		.loc 1 314 0
 467 01dc BD46     		mov	sp, r7
 468 01de 02B0     		add	sp, sp, #8
 469              		@ sp needed
 470 01e0 80BD     		pop	{r7, pc}
 471              	.L14:
 472 01e2 C046     		.align	2
 473              	.L13:
 474 01e4 6CF02E40 		.word	1076818028
 475 01e8 00000000 		.word	cfg_memset_list.4758
 476 01ec 00000240 		.word	1073872896
 477 01f0 00010240 		.word	1073873152
 478 01f4 00500F40 		.word	1074745344
 479 01f8 10500F40 		.word	1074745360
 480 01fc 20500F40 		.word	1074745376
 481 0200 30500F40 		.word	1074745392
 482 0204 00700F40 		.word	1074753536
ARM GAS  C:\Users\Midori\AppData\Local\Temp\ccohNdbb.s 			page 15


 483 0208 01700F40 		.word	1074753537
 484 020c 08000440 		.word	1074003976
 485 0210 00010440 		.word	1074004224
 486 0214 08010440 		.word	1074004232
 487 0218 18010440 		.word	1074004248
 488 021c 00020440 		.word	1074004480
 489 0220 08020440 		.word	1074004488
 490 0224 00030440 		.word	1074004736
 491 0228 08030440 		.word	1074004744
 492              		.cfi_endproc
 493              	.LFE7:
 494              		.size	cyfitter_cfg, .-cyfitter_cfg
 495              		.section	.rodata
 496              		.align	2
 497              		.type	cfg_memset_list.4758, %object
 498              		.size	cfg_memset_list.4758, 12
 499              	cfg_memset_list.4758:
 500 0000 00300F40 		.word	1074737152
 501 0004 0004     		.short	1024
 502 0006 00400F40 		.4byte	1074741248
 503 000a 0004     		.short	1024
 504              		.text
 505              	.Letext0:
 506              		.file 2 "d:\\program files (x86)\\cypress\\psoc creator\\3.3\\psoc creator\\import\\gnu\\arm\\4.9.
 507              		.file 3 ".\\Generated_Source\\PSoC4\\cytypes.h"
 508              		.section	.debug_info,"",%progbits
 509              	.Ldebug_info0:
 510 0000 48020000 		.4byte	0x248
 511 0004 0400     		.2byte	0x4
 512 0006 00000000 		.4byte	.Ldebug_abbrev0
 513 000a 04       		.byte	0x4
 514 000b 01       		.uleb128 0x1
 515 000c A5000000 		.4byte	.LASF29
 516 0010 01       		.byte	0x1
 517 0011 C6010000 		.4byte	.LASF30
 518 0015 7A010000 		.4byte	.LASF31
 519 0019 00000000 		.4byte	.Ldebug_ranges0+0
 520 001d 00000000 		.4byte	0
 521 0021 00000000 		.4byte	.Ldebug_line0
 522 0025 02       		.uleb128 0x2
 523 0026 04       		.byte	0x4
 524 0027 05       		.byte	0x5
 525 0028 696E7400 		.ascii	"int\000"
 526 002c 03       		.uleb128 0x3
 527 002d 06000000 		.4byte	.LASF11
 528 0031 02       		.byte	0x2
 529 0032 D4       		.byte	0xd4
 530 0033 37000000 		.4byte	0x37
 531 0037 04       		.uleb128 0x4
 532 0038 04       		.byte	0x4
 533 0039 07       		.byte	0x7
 534 003a 41010000 		.4byte	.LASF0
 535 003e 04       		.uleb128 0x4
 536 003f 01       		.byte	0x1
 537 0040 06       		.byte	0x6
 538 0041 14020000 		.4byte	.LASF1
 539 0045 04       		.uleb128 0x4
ARM GAS  C:\Users\Midori\AppData\Local\Temp\ccohNdbb.s 			page 16


 540 0046 01       		.byte	0x1
 541 0047 08       		.byte	0x8
 542 0048 83000000 		.4byte	.LASF2
 543 004c 04       		.uleb128 0x4
 544 004d 02       		.byte	0x2
 545 004e 05       		.byte	0x5
 546 004f 01020000 		.4byte	.LASF3
 547 0053 04       		.uleb128 0x4
 548 0054 02       		.byte	0x2
 549 0055 07       		.byte	0x7
 550 0056 39000000 		.4byte	.LASF4
 551 005a 04       		.uleb128 0x4
 552 005b 04       		.byte	0x4
 553 005c 05       		.byte	0x5
 554 005d 0B020000 		.4byte	.LASF5
 555 0061 04       		.uleb128 0x4
 556 0062 04       		.byte	0x4
 557 0063 07       		.byte	0x7
 558 0064 61000000 		.4byte	.LASF6
 559 0068 04       		.uleb128 0x4
 560 0069 08       		.byte	0x8
 561 006a 05       		.byte	0x5
 562 006b EE010000 		.4byte	.LASF7
 563 006f 04       		.uleb128 0x4
 564 0070 08       		.byte	0x8
 565 0071 07       		.byte	0x7
 566 0072 56010000 		.4byte	.LASF8
 567 0076 04       		.uleb128 0x4
 568 0077 04       		.byte	0x4
 569 0078 07       		.byte	0x7
 570 0079 BD010000 		.4byte	.LASF9
 571 007d 05       		.uleb128 0x5
 572 007e 04       		.byte	0x4
 573 007f 04       		.uleb128 0x4
 574 0080 01       		.byte	0x1
 575 0081 08       		.byte	0x8
 576 0082 FC010000 		.4byte	.LASF10
 577 0086 06       		.uleb128 0x6
 578 0087 73000000 		.4byte	.LASF12
 579 008b 03       		.byte	0x3
 580 008c 9801     		.2byte	0x198
 581 008e 45000000 		.4byte	0x45
 582 0092 06       		.uleb128 0x6
 583 0093 33010000 		.4byte	.LASF13
 584 0097 03       		.byte	0x3
 585 0098 9901     		.2byte	0x199
 586 009a 53000000 		.4byte	0x53
 587 009e 06       		.uleb128 0x6
 588 009f 3A010000 		.4byte	.LASF14
 589 00a3 03       		.byte	0x3
 590 00a4 9A01     		.2byte	0x19a
 591 00a6 61000000 		.4byte	0x61
 592 00aa 04       		.uleb128 0x4
 593 00ab 04       		.byte	0x4
 594 00ac 04       		.byte	0x4
 595 00ad 4C000000 		.4byte	.LASF15
 596 00b1 04       		.uleb128 0x4
ARM GAS  C:\Users\Midori\AppData\Local\Temp\ccohNdbb.s 			page 17


 597 00b2 08       		.byte	0x8
 598 00b3 04       		.byte	0x4
 599 00b4 91000000 		.4byte	.LASF16
 600 00b8 06       		.uleb128 0x6
 601 00b9 5C000000 		.4byte	.LASF17
 602 00bd 03       		.byte	0x3
 603 00be 4202     		.2byte	0x242
 604 00c0 C4000000 		.4byte	0xc4
 605 00c4 07       		.uleb128 0x7
 606 00c5 86000000 		.4byte	0x86
 607 00c9 06       		.uleb128 0x6
 608 00ca 00000000 		.4byte	.LASF18
 609 00ce 03       		.byte	0x3
 610 00cf 4402     		.2byte	0x244
 611 00d1 D5000000 		.4byte	0xd5
 612 00d5 07       		.uleb128 0x7
 613 00d6 9E000000 		.4byte	0x9e
 614 00da 08       		.uleb128 0x8
 615 00db 79000000 		.4byte	.LASF19
 616 00df 01       		.byte	0x1
 617 00e0 3C       		.byte	0x3c
 618 00e1 00000000 		.4byte	.LFB2
 619 00e5 1E000000 		.4byte	.LFE2-.LFB2
 620 00e9 01       		.uleb128 0x1
 621 00ea 9C       		.byte	0x9c
 622 00eb 08010000 		.4byte	0x108
 623 00ef 09       		.uleb128 0x9
 624 00f0 7300     		.ascii	"s\000"
 625 00f2 01       		.byte	0x1
 626 00f3 3C       		.byte	0x3c
 627 00f4 7D000000 		.4byte	0x7d
 628 00f8 02       		.uleb128 0x2
 629 00f9 91       		.byte	0x91
 630 00fa 74       		.sleb128 -12
 631 00fb 09       		.uleb128 0x9
 632 00fc 6E00     		.ascii	"n\000"
 633 00fe 01       		.byte	0x1
 634 00ff 3C       		.byte	0x3c
 635 0100 2C000000 		.4byte	0x2c
 636 0104 02       		.uleb128 0x2
 637 0105 91       		.byte	0x91
 638 0106 70       		.sleb128 -16
 639 0107 00       		.byte	0
 640 0108 08       		.uleb128 0x8
 641 0109 30020000 		.4byte	.LASF20
 642 010d 01       		.byte	0x1
 643 010e 43       		.byte	0x43
 644 010f 00000000 		.4byte	.LFB3
 645 0113 22000000 		.4byte	.LFE3-.LFB3
 646 0117 01       		.uleb128 0x1
 647 0118 9C       		.byte	0x9c
 648 0119 46010000 		.4byte	0x146
 649 011d 0A       		.uleb128 0xa
 650 011e 52000000 		.4byte	.LASF21
 651 0122 01       		.byte	0x1
 652 0123 43       		.byte	0x43
 653 0124 7D000000 		.4byte	0x7d
ARM GAS  C:\Users\Midori\AppData\Local\Temp\ccohNdbb.s 			page 18


 654 0128 02       		.uleb128 0x2
 655 0129 91       		.byte	0x91
 656 012a 74       		.sleb128 -12
 657 012b 09       		.uleb128 0x9
 658 012c 73726300 		.ascii	"src\000"
 659 0130 01       		.byte	0x1
 660 0131 43       		.byte	0x43
 661 0132 46010000 		.4byte	0x146
 662 0136 02       		.uleb128 0x2
 663 0137 91       		.byte	0x91
 664 0138 70       		.sleb128 -16
 665 0139 09       		.uleb128 0x9
 666 013a 6E00     		.ascii	"n\000"
 667 013c 01       		.byte	0x1
 668 013d 43       		.byte	0x43
 669 013e 2C000000 		.4byte	0x2c
 670 0142 02       		.uleb128 0x2
 671 0143 91       		.byte	0x91
 672 0144 6C       		.sleb128 -20
 673 0145 00       		.byte	0
 674 0146 0B       		.uleb128 0xb
 675 0147 04       		.byte	0x4
 676 0148 4C010000 		.4byte	0x14c
 677 014c 0C       		.uleb128 0xc
 678 014d 08       		.uleb128 0x8
 679 014e 20020000 		.4byte	.LASF22
 680 0152 01       		.byte	0x1
 681 0153 4A       		.byte	0x4a
 682 0154 00000000 		.4byte	.LFB4
 683 0158 22000000 		.4byte	.LFE4-.LFB4
 684 015c 01       		.uleb128 0x1
 685 015d 9C       		.byte	0x9c
 686 015e 8B010000 		.4byte	0x18b
 687 0162 0A       		.uleb128 0xa
 688 0163 52000000 		.4byte	.LASF21
 689 0167 01       		.byte	0x1
 690 0168 4A       		.byte	0x4a
 691 0169 7D000000 		.4byte	0x7d
 692 016d 02       		.uleb128 0x2
 693 016e 91       		.byte	0x91
 694 016f 74       		.sleb128 -12
 695 0170 09       		.uleb128 0x9
 696 0171 73726300 		.ascii	"src\000"
 697 0175 01       		.byte	0x1
 698 0176 4A       		.byte	0x4a
 699 0177 46010000 		.4byte	0x146
 700 017b 02       		.uleb128 0x2
 701 017c 91       		.byte	0x91
 702 017d 70       		.sleb128 -16
 703 017e 09       		.uleb128 0x9
 704 017f 6E00     		.ascii	"n\000"
 705 0181 01       		.byte	0x1
 706 0182 4A       		.byte	0x4a
 707 0183 2C000000 		.4byte	0x2c
 708 0187 02       		.uleb128 0x2
 709 0188 91       		.byte	0x91
 710 0189 6C       		.sleb128 -20
ARM GAS  C:\Users\Midori\AppData\Local\Temp\ccohNdbb.s 			page 19


 711 018a 00       		.byte	0
 712 018b 0D       		.uleb128 0xd
 713 018c 2E000000 		.4byte	.LASF23
 714 0190 01       		.byte	0x1
 715 0191 91       		.byte	0x91
 716 0192 00000000 		.4byte	.LFB5
 717 0196 D0000000 		.4byte	.LFE5-.LFB5
 718 019a 01       		.uleb128 0x1
 719 019b 9C       		.byte	0x9c
 720 019c 0E       		.uleb128 0xe
 721 019d 0D000000 		.4byte	.LASF24
 722 01a1 01       		.byte	0x1
 723 01a2 D2       		.byte	0xd2
 724 01a3 00000000 		.4byte	.LFB6
 725 01a7 28000000 		.4byte	.LFE6-.LFB6
 726 01ab 01       		.uleb128 0x1
 727 01ac 9C       		.byte	0x9c
 728 01ad 0F       		.uleb128 0xf
 729 01ae 98000000 		.4byte	.LASF32
 730 01b2 01       		.byte	0x1
 731 01b3 ED       		.byte	0xed
 732 01b4 D0000000 		.4byte	.LFB7
 733 01b8 5C010000 		.4byte	.LFE7-.LFB7
 734 01bc 01       		.uleb128 0x1
 735 01bd 9C       		.byte	0x9c
 736 01be 10       		.uleb128 0x10
 737 01bf DE000000 		.4byte	.LBB2
 738 01c3 BE000000 		.4byte	.LBE2-.LBB2
 739 01c7 11       		.uleb128 0x11
 740 01c8 06       		.byte	0x6
 741 01c9 01       		.byte	0x1
 742 01ca F6       		.byte	0xf6
 743 01cb E8010000 		.4byte	0x1e8
 744 01cf 12       		.uleb128 0x12
 745 01d0 4E010000 		.4byte	.LASF25
 746 01d4 01       		.byte	0x1
 747 01d5 F7       		.byte	0xf7
 748 01d6 7D000000 		.4byte	0x7d
 749 01da 00       		.byte	0
 750 01db 12       		.uleb128 0x12
 751 01dc 57000000 		.4byte	.LASF26
 752 01e0 01       		.byte	0x1
 753 01e1 F8       		.byte	0xf8
 754 01e2 92000000 		.4byte	0x92
 755 01e6 04       		.byte	0x4
 756 01e7 00       		.byte	0
 757 01e8 03       		.uleb128 0x3
 758 01e9 6D010000 		.4byte	.LASF27
 759 01ed 01       		.byte	0x1
 760 01ee F9       		.byte	0xf9
 761 01ef C7010000 		.4byte	0x1c7
 762 01f3 13       		.uleb128 0x13
 763 01f4 E8010000 		.4byte	0x1e8
 764 01f8 03020000 		.4byte	0x203
 765 01fc 14       		.uleb128 0x14
 766 01fd 76000000 		.4byte	0x76
 767 0201 01       		.byte	0x1
ARM GAS  C:\Users\Midori\AppData\Local\Temp\ccohNdbb.s 			page 20


 768 0202 00       		.byte	0
 769 0203 15       		.uleb128 0x15
 770 0204 1E000000 		.4byte	.LASF28
 771 0208 01       		.byte	0x1
 772 0209 FB       		.byte	0xfb
 773 020a 14020000 		.4byte	0x214
 774 020e 05       		.uleb128 0x5
 775 020f 03       		.byte	0x3
 776 0210 00000000 		.4byte	cfg_memset_list.4758
 777 0214 16       		.uleb128 0x16
 778 0215 F3010000 		.4byte	0x1f3
 779 0219 17       		.uleb128 0x17
 780 021a 6900     		.ascii	"i\000"
 781 021c 01       		.byte	0x1
 782 021d 0101     		.2byte	0x101
 783 021f 86000000 		.4byte	0x86
 784 0223 02       		.uleb128 0x2
 785 0224 91       		.byte	0x91
 786 0225 77       		.sleb128 -9
 787 0226 10       		.uleb128 0x10
 788 0227 E6000000 		.4byte	.LBB3
 789 022b 3E000000 		.4byte	.LBE3-.LBB3
 790 022f 17       		.uleb128 0x17
 791 0230 6D7300   		.ascii	"ms\000"
 792 0233 01       		.byte	0x1
 793 0234 0601     		.2byte	0x106
 794 0236 3D020000 		.4byte	0x23d
 795 023a 02       		.uleb128 0x2
 796 023b 91       		.byte	0x91
 797 023c 70       		.sleb128 -16
 798 023d 0B       		.uleb128 0xb
 799 023e 04       		.byte	0x4
 800 023f 43020000 		.4byte	0x243
 801 0243 16       		.uleb128 0x16
 802 0244 E8010000 		.4byte	0x1e8
 803 0248 00       		.byte	0
 804 0249 00       		.byte	0
 805 024a 00       		.byte	0
 806 024b 00       		.byte	0
 807              		.section	.debug_abbrev,"",%progbits
 808              	.Ldebug_abbrev0:
 809 0000 01       		.uleb128 0x1
 810 0001 11       		.uleb128 0x11
 811 0002 01       		.byte	0x1
 812 0003 25       		.uleb128 0x25
 813 0004 0E       		.uleb128 0xe
 814 0005 13       		.uleb128 0x13
 815 0006 0B       		.uleb128 0xb
 816 0007 03       		.uleb128 0x3
 817 0008 0E       		.uleb128 0xe
 818 0009 1B       		.uleb128 0x1b
 819 000a 0E       		.uleb128 0xe
 820 000b 55       		.uleb128 0x55
 821 000c 17       		.uleb128 0x17
 822 000d 11       		.uleb128 0x11
 823 000e 01       		.uleb128 0x1
 824 000f 10       		.uleb128 0x10
ARM GAS  C:\Users\Midori\AppData\Local\Temp\ccohNdbb.s 			page 21


 825 0010 17       		.uleb128 0x17
 826 0011 00       		.byte	0
 827 0012 00       		.byte	0
 828 0013 02       		.uleb128 0x2
 829 0014 24       		.uleb128 0x24
 830 0015 00       		.byte	0
 831 0016 0B       		.uleb128 0xb
 832 0017 0B       		.uleb128 0xb
 833 0018 3E       		.uleb128 0x3e
 834 0019 0B       		.uleb128 0xb
 835 001a 03       		.uleb128 0x3
 836 001b 08       		.uleb128 0x8
 837 001c 00       		.byte	0
 838 001d 00       		.byte	0
 839 001e 03       		.uleb128 0x3
 840 001f 16       		.uleb128 0x16
 841 0020 00       		.byte	0
 842 0021 03       		.uleb128 0x3
 843 0022 0E       		.uleb128 0xe
 844 0023 3A       		.uleb128 0x3a
 845 0024 0B       		.uleb128 0xb
 846 0025 3B       		.uleb128 0x3b
 847 0026 0B       		.uleb128 0xb
 848 0027 49       		.uleb128 0x49
 849 0028 13       		.uleb128 0x13
 850 0029 00       		.byte	0
 851 002a 00       		.byte	0
 852 002b 04       		.uleb128 0x4
 853 002c 24       		.uleb128 0x24
 854 002d 00       		.byte	0
 855 002e 0B       		.uleb128 0xb
 856 002f 0B       		.uleb128 0xb
 857 0030 3E       		.uleb128 0x3e
 858 0031 0B       		.uleb128 0xb
 859 0032 03       		.uleb128 0x3
 860 0033 0E       		.uleb128 0xe
 861 0034 00       		.byte	0
 862 0035 00       		.byte	0
 863 0036 05       		.uleb128 0x5
 864 0037 0F       		.uleb128 0xf
 865 0038 00       		.byte	0
 866 0039 0B       		.uleb128 0xb
 867 003a 0B       		.uleb128 0xb
 868 003b 00       		.byte	0
 869 003c 00       		.byte	0
 870 003d 06       		.uleb128 0x6
 871 003e 16       		.uleb128 0x16
 872 003f 00       		.byte	0
 873 0040 03       		.uleb128 0x3
 874 0041 0E       		.uleb128 0xe
 875 0042 3A       		.uleb128 0x3a
 876 0043 0B       		.uleb128 0xb
 877 0044 3B       		.uleb128 0x3b
 878 0045 05       		.uleb128 0x5
 879 0046 49       		.uleb128 0x49
 880 0047 13       		.uleb128 0x13
 881 0048 00       		.byte	0
ARM GAS  C:\Users\Midori\AppData\Local\Temp\ccohNdbb.s 			page 22


 882 0049 00       		.byte	0
 883 004a 07       		.uleb128 0x7
 884 004b 35       		.uleb128 0x35
 885 004c 00       		.byte	0
 886 004d 49       		.uleb128 0x49
 887 004e 13       		.uleb128 0x13
 888 004f 00       		.byte	0
 889 0050 00       		.byte	0
 890 0051 08       		.uleb128 0x8
 891 0052 2E       		.uleb128 0x2e
 892 0053 01       		.byte	0x1
 893 0054 03       		.uleb128 0x3
 894 0055 0E       		.uleb128 0xe
 895 0056 3A       		.uleb128 0x3a
 896 0057 0B       		.uleb128 0xb
 897 0058 3B       		.uleb128 0x3b
 898 0059 0B       		.uleb128 0xb
 899 005a 27       		.uleb128 0x27
 900 005b 19       		.uleb128 0x19
 901 005c 11       		.uleb128 0x11
 902 005d 01       		.uleb128 0x1
 903 005e 12       		.uleb128 0x12
 904 005f 06       		.uleb128 0x6
 905 0060 40       		.uleb128 0x40
 906 0061 18       		.uleb128 0x18
 907 0062 9642     		.uleb128 0x2116
 908 0064 19       		.uleb128 0x19
 909 0065 01       		.uleb128 0x1
 910 0066 13       		.uleb128 0x13
 911 0067 00       		.byte	0
 912 0068 00       		.byte	0
 913 0069 09       		.uleb128 0x9
 914 006a 05       		.uleb128 0x5
 915 006b 00       		.byte	0
 916 006c 03       		.uleb128 0x3
 917 006d 08       		.uleb128 0x8
 918 006e 3A       		.uleb128 0x3a
 919 006f 0B       		.uleb128 0xb
 920 0070 3B       		.uleb128 0x3b
 921 0071 0B       		.uleb128 0xb
 922 0072 49       		.uleb128 0x49
 923 0073 13       		.uleb128 0x13
 924 0074 02       		.uleb128 0x2
 925 0075 18       		.uleb128 0x18
 926 0076 00       		.byte	0
 927 0077 00       		.byte	0
 928 0078 0A       		.uleb128 0xa
 929 0079 05       		.uleb128 0x5
 930 007a 00       		.byte	0
 931 007b 03       		.uleb128 0x3
 932 007c 0E       		.uleb128 0xe
 933 007d 3A       		.uleb128 0x3a
 934 007e 0B       		.uleb128 0xb
 935 007f 3B       		.uleb128 0x3b
 936 0080 0B       		.uleb128 0xb
 937 0081 49       		.uleb128 0x49
 938 0082 13       		.uleb128 0x13
ARM GAS  C:\Users\Midori\AppData\Local\Temp\ccohNdbb.s 			page 23


 939 0083 02       		.uleb128 0x2
 940 0084 18       		.uleb128 0x18
 941 0085 00       		.byte	0
 942 0086 00       		.byte	0
 943 0087 0B       		.uleb128 0xb
 944 0088 0F       		.uleb128 0xf
 945 0089 00       		.byte	0
 946 008a 0B       		.uleb128 0xb
 947 008b 0B       		.uleb128 0xb
 948 008c 49       		.uleb128 0x49
 949 008d 13       		.uleb128 0x13
 950 008e 00       		.byte	0
 951 008f 00       		.byte	0
 952 0090 0C       		.uleb128 0xc
 953 0091 26       		.uleb128 0x26
 954 0092 00       		.byte	0
 955 0093 00       		.byte	0
 956 0094 00       		.byte	0
 957 0095 0D       		.uleb128 0xd
 958 0096 2E       		.uleb128 0x2e
 959 0097 00       		.byte	0
 960 0098 03       		.uleb128 0x3
 961 0099 0E       		.uleb128 0xe
 962 009a 3A       		.uleb128 0x3a
 963 009b 0B       		.uleb128 0xb
 964 009c 3B       		.uleb128 0x3b
 965 009d 0B       		.uleb128 0xb
 966 009e 27       		.uleb128 0x27
 967 009f 19       		.uleb128 0x19
 968 00a0 11       		.uleb128 0x11
 969 00a1 01       		.uleb128 0x1
 970 00a2 12       		.uleb128 0x12
 971 00a3 06       		.uleb128 0x6
 972 00a4 40       		.uleb128 0x40
 973 00a5 18       		.uleb128 0x18
 974 00a6 9642     		.uleb128 0x2116
 975 00a8 19       		.uleb128 0x19
 976 00a9 00       		.byte	0
 977 00aa 00       		.byte	0
 978 00ab 0E       		.uleb128 0xe
 979 00ac 2E       		.uleb128 0x2e
 980 00ad 00       		.byte	0
 981 00ae 03       		.uleb128 0x3
 982 00af 0E       		.uleb128 0xe
 983 00b0 3A       		.uleb128 0x3a
 984 00b1 0B       		.uleb128 0xb
 985 00b2 3B       		.uleb128 0x3b
 986 00b3 0B       		.uleb128 0xb
 987 00b4 27       		.uleb128 0x27
 988 00b5 19       		.uleb128 0x19
 989 00b6 11       		.uleb128 0x11
 990 00b7 01       		.uleb128 0x1
 991 00b8 12       		.uleb128 0x12
 992 00b9 06       		.uleb128 0x6
 993 00ba 40       		.uleb128 0x40
 994 00bb 18       		.uleb128 0x18
 995 00bc 9742     		.uleb128 0x2117
ARM GAS  C:\Users\Midori\AppData\Local\Temp\ccohNdbb.s 			page 24


 996 00be 19       		.uleb128 0x19
 997 00bf 00       		.byte	0
 998 00c0 00       		.byte	0
 999 00c1 0F       		.uleb128 0xf
 1000 00c2 2E       		.uleb128 0x2e
 1001 00c3 01       		.byte	0x1
 1002 00c4 3F       		.uleb128 0x3f
 1003 00c5 19       		.uleb128 0x19
 1004 00c6 03       		.uleb128 0x3
 1005 00c7 0E       		.uleb128 0xe
 1006 00c8 3A       		.uleb128 0x3a
 1007 00c9 0B       		.uleb128 0xb
 1008 00ca 3B       		.uleb128 0x3b
 1009 00cb 0B       		.uleb128 0xb
 1010 00cc 27       		.uleb128 0x27
 1011 00cd 19       		.uleb128 0x19
 1012 00ce 11       		.uleb128 0x11
 1013 00cf 01       		.uleb128 0x1
 1014 00d0 12       		.uleb128 0x12
 1015 00d1 06       		.uleb128 0x6
 1016 00d2 40       		.uleb128 0x40
 1017 00d3 18       		.uleb128 0x18
 1018 00d4 9642     		.uleb128 0x2116
 1019 00d6 19       		.uleb128 0x19
 1020 00d7 00       		.byte	0
 1021 00d8 00       		.byte	0
 1022 00d9 10       		.uleb128 0x10
 1023 00da 0B       		.uleb128 0xb
 1024 00db 01       		.byte	0x1
 1025 00dc 11       		.uleb128 0x11
 1026 00dd 01       		.uleb128 0x1
 1027 00de 12       		.uleb128 0x12
 1028 00df 06       		.uleb128 0x6
 1029 00e0 00       		.byte	0
 1030 00e1 00       		.byte	0
 1031 00e2 11       		.uleb128 0x11
 1032 00e3 13       		.uleb128 0x13
 1033 00e4 01       		.byte	0x1
 1034 00e5 0B       		.uleb128 0xb
 1035 00e6 0B       		.uleb128 0xb
 1036 00e7 3A       		.uleb128 0x3a
 1037 00e8 0B       		.uleb128 0xb
 1038 00e9 3B       		.uleb128 0x3b
 1039 00ea 0B       		.uleb128 0xb
 1040 00eb 01       		.uleb128 0x1
 1041 00ec 13       		.uleb128 0x13
 1042 00ed 00       		.byte	0
 1043 00ee 00       		.byte	0
 1044 00ef 12       		.uleb128 0x12
 1045 00f0 0D       		.uleb128 0xd
 1046 00f1 00       		.byte	0
 1047 00f2 03       		.uleb128 0x3
 1048 00f3 0E       		.uleb128 0xe
 1049 00f4 3A       		.uleb128 0x3a
 1050 00f5 0B       		.uleb128 0xb
 1051 00f6 3B       		.uleb128 0x3b
 1052 00f7 0B       		.uleb128 0xb
ARM GAS  C:\Users\Midori\AppData\Local\Temp\ccohNdbb.s 			page 25


 1053 00f8 49       		.uleb128 0x49
 1054 00f9 13       		.uleb128 0x13
 1055 00fa 38       		.uleb128 0x38
 1056 00fb 0B       		.uleb128 0xb
 1057 00fc 00       		.byte	0
 1058 00fd 00       		.byte	0
 1059 00fe 13       		.uleb128 0x13
 1060 00ff 01       		.uleb128 0x1
 1061 0100 01       		.byte	0x1
 1062 0101 49       		.uleb128 0x49
 1063 0102 13       		.uleb128 0x13
 1064 0103 01       		.uleb128 0x1
 1065 0104 13       		.uleb128 0x13
 1066 0105 00       		.byte	0
 1067 0106 00       		.byte	0
 1068 0107 14       		.uleb128 0x14
 1069 0108 21       		.uleb128 0x21
 1070 0109 00       		.byte	0
 1071 010a 49       		.uleb128 0x49
 1072 010b 13       		.uleb128 0x13
 1073 010c 2F       		.uleb128 0x2f
 1074 010d 0B       		.uleb128 0xb
 1075 010e 00       		.byte	0
 1076 010f 00       		.byte	0
 1077 0110 15       		.uleb128 0x15
 1078 0111 34       		.uleb128 0x34
 1079 0112 00       		.byte	0
 1080 0113 03       		.uleb128 0x3
 1081 0114 0E       		.uleb128 0xe
 1082 0115 3A       		.uleb128 0x3a
 1083 0116 0B       		.uleb128 0xb
 1084 0117 3B       		.uleb128 0x3b
 1085 0118 0B       		.uleb128 0xb
 1086 0119 49       		.uleb128 0x49
 1087 011a 13       		.uleb128 0x13
 1088 011b 02       		.uleb128 0x2
 1089 011c 18       		.uleb128 0x18
 1090 011d 00       		.byte	0
 1091 011e 00       		.byte	0
 1092 011f 16       		.uleb128 0x16
 1093 0120 26       		.uleb128 0x26
 1094 0121 00       		.byte	0
 1095 0122 49       		.uleb128 0x49
 1096 0123 13       		.uleb128 0x13
 1097 0124 00       		.byte	0
 1098 0125 00       		.byte	0
 1099 0126 17       		.uleb128 0x17
 1100 0127 34       		.uleb128 0x34
 1101 0128 00       		.byte	0
 1102 0129 03       		.uleb128 0x3
 1103 012a 08       		.uleb128 0x8
 1104 012b 3A       		.uleb128 0x3a
 1105 012c 0B       		.uleb128 0xb
 1106 012d 3B       		.uleb128 0x3b
 1107 012e 05       		.uleb128 0x5
 1108 012f 49       		.uleb128 0x49
 1109 0130 13       		.uleb128 0x13
ARM GAS  C:\Users\Midori\AppData\Local\Temp\ccohNdbb.s 			page 26


 1110 0131 02       		.uleb128 0x2
 1111 0132 18       		.uleb128 0x18
 1112 0133 00       		.byte	0
 1113 0134 00       		.byte	0
 1114 0135 00       		.byte	0
 1115              		.section	.debug_aranges,"",%progbits
 1116 0000 44000000 		.4byte	0x44
 1117 0004 0200     		.2byte	0x2
 1118 0006 00000000 		.4byte	.Ldebug_info0
 1119 000a 04       		.byte	0x4
 1120 000b 00       		.byte	0
 1121 000c 0000     		.2byte	0
 1122 000e 0000     		.2byte	0
 1123 0010 00000000 		.4byte	.LFB2
 1124 0014 1E000000 		.4byte	.LFE2-.LFB2
 1125 0018 00000000 		.4byte	.LFB3
 1126 001c 22000000 		.4byte	.LFE3-.LFB3
 1127 0020 00000000 		.4byte	.LFB4
 1128 0024 22000000 		.4byte	.LFE4-.LFB4
 1129 0028 00000000 		.4byte	.LFB5
 1130 002c D0000000 		.4byte	.LFE5-.LFB5
 1131 0030 00000000 		.4byte	.LFB6
 1132 0034 28000000 		.4byte	.LFE6-.LFB6
 1133 0038 D0000000 		.4byte	.LFB7
 1134 003c 5C010000 		.4byte	.LFE7-.LFB7
 1135 0040 00000000 		.4byte	0
 1136 0044 00000000 		.4byte	0
 1137              		.section	.debug_ranges,"",%progbits
 1138              	.Ldebug_ranges0:
 1139 0000 00000000 		.4byte	.LFB2
 1140 0004 1E000000 		.4byte	.LFE2
 1141 0008 00000000 		.4byte	.LFB3
 1142 000c 22000000 		.4byte	.LFE3
 1143 0010 00000000 		.4byte	.LFB4
 1144 0014 22000000 		.4byte	.LFE4
 1145 0018 00000000 		.4byte	.LFB5
 1146 001c D0000000 		.4byte	.LFE5
 1147 0020 00000000 		.4byte	.LFB6
 1148 0024 28000000 		.4byte	.LFE6
 1149 0028 D0000000 		.4byte	.LFB7
 1150 002c 2C020000 		.4byte	.LFE7
 1151 0030 00000000 		.4byte	0
 1152 0034 00000000 		.4byte	0
 1153              		.section	.debug_line,"",%progbits
 1154              	.Ldebug_line0:
 1155 0000 74010000 		.section	.debug_str,"MS",%progbits,1
 1155      0200CD00 
 1155      00000201 
 1155      FB0E0D00 
 1155      01010101 
 1156              	.LASF18:
 1157 0000 72656733 		.ascii	"reg32\000"
 1157      3200
 1158              	.LASF11:
 1159 0006 73697A65 		.ascii	"size_t\000"
 1159      5F7400
 1160              	.LASF24:
ARM GAS  C:\Users\Midori\AppData\Local\Temp\ccohNdbb.s 			page 27


 1161 000d 416E616C 		.ascii	"AnalogSetDefault\000"
 1161      6F675365 
 1161      74446566 
 1161      61756C74 
 1161      00
 1162              	.LASF28:
 1163 001e 6366675F 		.ascii	"cfg_memset_list\000"
 1163      6D656D73 
 1163      65745F6C 
 1163      69737400 
 1164              	.LASF23:
 1165 002e 436C6F63 		.ascii	"ClockSetup\000"
 1165      6B536574 
 1165      757000
 1166              	.LASF4:
 1167 0039 73686F72 		.ascii	"short unsigned int\000"
 1167      7420756E 
 1167      7369676E 
 1167      65642069 
 1167      6E7400
 1168              	.LASF15:
 1169 004c 666C6F61 		.ascii	"float\000"
 1169      7400
 1170              	.LASF21:
 1171 0052 64657374 		.ascii	"dest\000"
 1171      00
 1172              	.LASF26:
 1173 0057 73697A65 		.ascii	"size\000"
 1173      00
 1174              	.LASF17:
 1175 005c 72656738 		.ascii	"reg8\000"
 1175      00
 1176              	.LASF6:
 1177 0061 6C6F6E67 		.ascii	"long unsigned int\000"
 1177      20756E73 
 1177      69676E65 
 1177      6420696E 
 1177      7400
 1178              	.LASF12:
 1179 0073 75696E74 		.ascii	"uint8\000"
 1179      3800
 1180              	.LASF19:
 1181 0079 43594D45 		.ascii	"CYMEMZERO\000"
 1181      4D5A4552 
 1181      4F00
 1182              	.LASF2:
 1183 0083 756E7369 		.ascii	"unsigned char\000"
 1183      676E6564 
 1183      20636861 
 1183      7200
 1184              	.LASF16:
 1185 0091 646F7562 		.ascii	"double\000"
 1185      6C6500
 1186              	.LASF32:
 1187 0098 63796669 		.ascii	"cyfitter_cfg\000"
 1187      74746572 
 1187      5F636667 
ARM GAS  C:\Users\Midori\AppData\Local\Temp\ccohNdbb.s 			page 28


 1187      00
 1188              	.LASF29:
 1189 00a5 474E5520 		.ascii	"GNU C 4.9.3 20150303 (release) [ARM/embedded-4_9-br"
 1189      4320342E 
 1189      392E3320 
 1189      32303135 
 1189      30333033 
 1190 00d8 616E6368 		.ascii	"anch revision 221220] -mcpu=cortex-m0 -mthumb -g -O"
 1190      20726576 
 1190      6973696F 
 1190      6E203232 
 1190      31323230 
 1191 010b 30202D66 		.ascii	"0 -ffunction-sections -ffat-lto-objects\000"
 1191      66756E63 
 1191      74696F6E 
 1191      2D736563 
 1191      74696F6E 
 1192              	.LASF13:
 1193 0133 75696E74 		.ascii	"uint16\000"
 1193      313600
 1194              	.LASF14:
 1195 013a 75696E74 		.ascii	"uint32\000"
 1195      333200
 1196              	.LASF0:
 1197 0141 756E7369 		.ascii	"unsigned int\000"
 1197      676E6564 
 1197      20696E74 
 1197      00
 1198              	.LASF25:
 1199 014e 61646472 		.ascii	"address\000"
 1199      65737300 
 1200              	.LASF8:
 1201 0156 6C6F6E67 		.ascii	"long long unsigned int\000"
 1201      206C6F6E 
 1201      6720756E 
 1201      7369676E 
 1201      65642069 
 1202              	.LASF27:
 1203 016d 6366675F 		.ascii	"cfg_memset_t\000"
 1203      6D656D73 
 1203      65745F74 
 1203      00
 1204              	.LASF31:
 1205 017a 443A5C57 		.ascii	"D:\\Work\\Projects\\Accelerometer_Controlled_Car\\P"
 1205      6F726B5C 
 1205      50726F6A 
 1205      65637473 
 1205      5C416363 
 1206 01a9 536F435F 		.ascii	"SoC_4_BLE_CAR.cydsn\000"
 1206      345F424C 
 1206      455F4341 
 1206      522E6379 
 1206      64736E00 
 1207              	.LASF9:
 1208 01bd 73697A65 		.ascii	"sizetype\000"
 1208      74797065 
 1208      00
ARM GAS  C:\Users\Midori\AppData\Local\Temp\ccohNdbb.s 			page 29


 1209              	.LASF30:
 1210 01c6 2E5C4765 		.ascii	".\\Generated_Source\\PSoC4\\cyfitter_cfg.c\000"
 1210      6E657261 
 1210      7465645F 
 1210      536F7572 
 1210      63655C50 
 1211              	.LASF7:
 1212 01ee 6C6F6E67 		.ascii	"long long int\000"
 1212      206C6F6E 
 1212      6720696E 
 1212      7400
 1213              	.LASF10:
 1214 01fc 63686172 		.ascii	"char\000"
 1214      00
 1215              	.LASF3:
 1216 0201 73686F72 		.ascii	"short int\000"
 1216      7420696E 
 1216      7400
 1217              	.LASF5:
 1218 020b 6C6F6E67 		.ascii	"long int\000"
 1218      20696E74 
 1218      00
 1219              	.LASF1:
 1220 0214 7369676E 		.ascii	"signed char\000"
 1220      65642063 
 1220      68617200 
 1221              	.LASF22:
 1222 0220 4359434F 		.ascii	"CYCONFIGCPYCODE\000"
 1222      4E464947 
 1222      43505943 
 1222      4F444500 
 1223              	.LASF20:
 1224 0230 4359434F 		.ascii	"CYCONFIGCPY\000"
 1224      4E464947 
 1224      43505900 
 1225              		.ident	"GCC: (GNU Tools for ARM Embedded Processors) 4.9.3 20150303 (release) [ARM/embedded-4_9-br
