ARM GAS  C:\Users\Midori\AppData\Local\Temp\cclTnShk.s 			page 1


   1              		.cpu cortex-m0
   2              		.fpu softvfp
   3              		.eabi_attribute 20, 1
   4              		.eabi_attribute 21, 1
   5              		.eabi_attribute 23, 3
   6              		.eabi_attribute 24, 1
   7              		.eabi_attribute 25, 1
   8              		.eabi_attribute 26, 1
   9              		.eabi_attribute 30, 6
  10              		.eabi_attribute 34, 0
  11              		.eabi_attribute 18, 4
  12              		.code	16
  13              		.file	"main.c"
  14              		.text
  15              	.Ltext0:
  16              		.cfi_sections	.debug_frame
  17              		.comm	ble_CAR_Server_found,1,1
  18              		.comm	Motor_Command,1,1
  19              		.comm	ble_CAR_Client_State,1,1
  20              		.section	.rodata
  21              		.align	2
  22              	.LC0:
  23 0000 31323300 		.ascii	"123\000"
  24              		.section	.text.main,"ax",%progbits
  25              		.align	2
  26              		.global	main
  27              		.code	16
  28              		.thumb_func
  29              		.type	main, %function
  30              	main:
  31              	.LFB37:
  32              		.file 1 ".\\main.c"
   1:.\main.c      **** /*******************************************************************************
   2:.\main.c      **** * File Name: main.c
   3:.\main.c      **** *
   4:.\main.c      **** * Description:
   5:.\main.c      **** *  This is the source code for the BLE Client Project to control an X-Y Car.
   6:.\main.c      **** *
   7:.\main.c      **** ********************************************************************************
   8:.\main.c      **** * Copyright 2015, Cypress Semiconductor Corporation. All rights reserved.
   9:.\main.c      **** * This software is owned by Cypress Semiconductor Corporation and is protected
  10:.\main.c      **** * by and subject to worldwide patent and copyright laws and treaties.
  11:.\main.c      **** * Therefore, you may use this software only as provided in the license agreement
  12:.\main.c      **** * accompanying the software package from which you obtained this software.
  13:.\main.c      **** * CYPRESS AND ITS SUPPLIERS MAKE NO WARRANTY OF ANY KIND, EXPRESS OR IMPLIED,
  14:.\main.c      **** * WITH REGARD TO THIS SOFTWARE, INCLUDING, BUT NOT LIMITED TO, NONINFRINGEMENT,
  15:.\main.c      **** * IMPLIED WARRANTIES OF MERCHANTABILITY AND FITNESS FOR A PARTICULAR PURPOSE.
  16:.\main.c      **** *******************************************************************************/
  17:.\main.c      **** 
  18:.\main.c      **** #include <project.h>
  19:.\main.c      **** #include "BLE_CAR_Client.h"
  20:.\main.c      **** #include "LED.h"
  21:.\main.c      **** 
  22:.\main.c      **** 
  23:.\main.c      **** 
  24:.\main.c      **** /*******************************************************************************
  25:.\main.c      **** * Function Name:   main
ARM GAS  C:\Users\Midori\AppData\Local\Temp\cclTnShk.s 			page 2


  26:.\main.c      **** ********************************************************************************
  27:.\main.c      **** *
  28:.\main.c      **** * Summary:
  29:.\main.c      **** *  This function initialises the BLE and handles the functions for controlling the
  30:.\main.c      **** *  motor states based on the commands received from the accelerometer server.
  31:.\main.c      **** *
  32:.\main.c      **** * Parameters:
  33:.\main.c      **** * None
  34:.\main.c      **** 
  35:.\main.c      **** * Return:
  36:.\main.c      **** * None
  37:.\main.c      **** *
  38:.\main.c      **** *******************************************************************************/
  39:.\main.c      **** 
  40:.\main.c      **** int main()
  41:.\main.c      **** {
  33              		.loc 1 41 0
  34              		.cfi_startproc
  35 0000 80B5     		push	{r7, lr}
  36              		.cfi_def_cfa_offset 8
  37              		.cfi_offset 7, -8
  38              		.cfi_offset 14, -4
  39 0002 82B0     		sub	sp, sp, #8
  40              		.cfi_def_cfa_offset 16
  41 0004 00AF     		add	r7, sp, #0
  42              		.cfi_def_cfa_register 7
  42:.\main.c      **** 	/* Enabling Global interrupts */
  43:.\main.c      **** 	CyGlobalIntEnable; 
  43              		.loc 1 43 0
  44              	@ 43 ".\main.c" 1
  45 0006 62B6     		CPSIE   i
  46              	@ 0 "" 2
  44:.\main.c      ****     UART_Start();
  47              		.loc 1 44 0
  48              		.code	16
  49 0008 FFF7FEFF 		bl	UART_Start
  45:.\main.c      **** 	UART_UartPutChar("123");
  50              		.loc 1 45 0
  51 000c 0B4B     		ldr	r3, .L3
  52 000e 181C     		mov	r0, r3
  53 0010 FFF7FEFF 		bl	UART_SpiUartWriteTxData
  46:.\main.c      ****     int cd =5;
  54              		.loc 1 46 0
  55 0014 0523     		mov	r3, #5
  56 0016 7B60     		str	r3, [r7, #4]
  47:.\main.c      **** 	/* Start BLE component with appropriate Event handler function */
  48:.\main.c      **** 	CyBle_Start(ApplicationEventHandler);	
  57              		.loc 1 48 0
  58 0018 094B     		ldr	r3, .L3+4
  59 001a 181C     		mov	r0, r3
  60 001c FFF7FEFF 		bl	CyBle_Start
  49:.\main.c      **** 	
  50:.\main.c      **** 	/* Turn OFF All the LEDs */
  51:.\main.c      **** 	ALL_LED_OFF();
  61              		.loc 1 51 0
  62 0020 0120     		mov	r0, #1
  63 0022 FFF7FEFF 		bl	RED_LED_Write
ARM GAS  C:\Users\Midori\AppData\Local\Temp\cclTnShk.s 			page 3


  64 0026 0120     		mov	r0, #1
  65 0028 FFF7FEFF 		bl	GREEN_LED_Write
  66 002c 0120     		mov	r0, #1
  67 002e FFF7FEFF 		bl	BLUE_LED_Write
  68              	.L2:
  52:.\main.c      **** 	
  53:.\main.c      **** 	/* Loop For Ever */
  54:.\main.c      ****     for(;;)
  55:.\main.c      ****     {
  56:.\main.c      ****         //UART_UartPutChar(cd+'0'); //int to char
  57:.\main.c      ****         //DBG_PRINTF("HrssSendHeartRateNtf API Error: ");
  58:.\main.c      ****         
  59:.\main.c      **** 		/* Function to handle the state of the Client */
  60:.\main.c      **** 		handle_ble_CAR_Client_State();		
  69              		.loc 1 60 0 discriminator 1
  70 0032 FFF7FEFF 		bl	handle_ble_CAR_Client_State
  61:.\main.c      **** 		
  62:.\main.c      **** 		/* This function checks the internal task queue in the BLE Stack, 
  63:.\main.c      **** 		and pending operation of the BLE Stack, if any */
  64:.\main.c      **** 		CyBle_ProcessEvents();
  71              		.loc 1 64 0 discriminator 1
  72 0036 FFF7FEFF 		bl	CyBle_ProcessEvents
  65:.\main.c      ****         //CyDelay(500);
  66:.\main.c      ****     }
  73              		.loc 1 66 0 discriminator 1
  74 003a FAE7     		b	.L2
  75              	.L4:
  76              		.align	2
  77              	.L3:
  78 003c 00000000 		.word	.LC0
  79 0040 00000000 		.word	ApplicationEventHandler
  80              		.cfi_endproc
  81              	.LFE37:
  82              		.size	main, .-main
  83              		.section	.text.UART_WifiPrintString,"ax",%progbits
  84              		.align	2
  85              		.global	UART_WifiPrintString
  86              		.code	16
  87              		.thumb_func
  88              		.type	UART_WifiPrintString, %function
  89              	UART_WifiPrintString:
  90              	.LFB38:
  67:.\main.c      **** }
  68:.\main.c      **** 
  69:.\main.c      **** void UART_WifiPrintString(char8 const string[])
  70:.\main.c      **** {
  91              		.loc 1 70 0
  92              		.cfi_startproc
  93 0000 80B5     		push	{r7, lr}
  94              		.cfi_def_cfa_offset 8
  95              		.cfi_offset 7, -8
  96              		.cfi_offset 14, -4
  97 0002 84B0     		sub	sp, sp, #16
  98              		.cfi_def_cfa_offset 24
  99 0004 00AF     		add	r7, sp, #0
 100              		.cfi_def_cfa_register 7
 101 0006 7860     		str	r0, [r7, #4]
ARM GAS  C:\Users\Midori\AppData\Local\Temp\cclTnShk.s 			page 4


  71:.\main.c      ****     uint8 indexU8 = 1u;
 102              		.loc 1 71 0
 103 0008 0F23     		mov	r3, #15
 104 000a FB18     		add	r3, r7, r3
 105 000c 0122     		mov	r2, #1
 106 000e 1A70     		strb	r2, [r3]
  72:.\main.c      ****     char8 current = *string;
 107              		.loc 1 72 0
 108 0010 0E23     		mov	r3, #14
 109 0012 FB18     		add	r3, r7, r3
 110 0014 7A68     		ldr	r2, [r7, #4]
 111 0016 1278     		ldrb	r2, [r2]
 112 0018 1A70     		strb	r2, [r3]
  73:.\main.c      ****     
  74:.\main.c      ****     while((char8) '\0' != current)
 113              		.loc 1 74 0
 114 001a 15E0     		b	.L6
 115              	.L7:
  75:.\main.c      ****     {
  76:.\main.c      ****         UART_UartPutChar((uint8)current);
 116              		.loc 1 76 0
 117 001c 0E23     		mov	r3, #14
 118 001e FB18     		add	r3, r7, r3
 119 0020 1B78     		ldrb	r3, [r3]
 120 0022 181C     		mov	r0, r3
 121 0024 FFF7FEFF 		bl	UART_SpiUartWriteTxData
  77:.\main.c      ****         current = string[indexU8];
 122              		.loc 1 77 0
 123 0028 0F23     		mov	r3, #15
 124 002a FB18     		add	r3, r7, r3
 125 002c 1B78     		ldrb	r3, [r3]
 126 002e 7A68     		ldr	r2, [r7, #4]
 127 0030 D218     		add	r2, r2, r3
 128 0032 0E23     		mov	r3, #14
 129 0034 FB18     		add	r3, r7, r3
 130 0036 1278     		ldrb	r2, [r2]
 131 0038 1A70     		strb	r2, [r3]
  78:.\main.c      ****         indexU8++;
 132              		.loc 1 78 0
 133 003a 0F23     		mov	r3, #15
 134 003c FB18     		add	r3, r7, r3
 135 003e 1A78     		ldrb	r2, [r3]
 136 0040 0F23     		mov	r3, #15
 137 0042 FB18     		add	r3, r7, r3
 138 0044 0132     		add	r2, r2, #1
 139 0046 1A70     		strb	r2, [r3]
 140              	.L6:
  74:.\main.c      ****     {
 141              		.loc 1 74 0
 142 0048 0E23     		mov	r3, #14
 143 004a FB18     		add	r3, r7, r3
 144 004c 1B78     		ldrb	r3, [r3]
 145 004e 002B     		cmp	r3, #0
 146 0050 E4D1     		bne	.L7
  79:.\main.c      ****     }
  80:.\main.c      ****     //UART_UartPutChar(0x0D);
  81:.\main.c      ****     //UART_UartPutChar(0x0A);
ARM GAS  C:\Users\Midori\AppData\Local\Temp\cclTnShk.s 			page 5


  82:.\main.c      **** }
 147              		.loc 1 82 0
 148 0052 BD46     		mov	sp, r7
 149 0054 04B0     		add	sp, sp, #16
 150              		@ sp needed
 151 0056 80BD     		pop	{r7, pc}
 152              		.cfi_endproc
 153              	.LFE38:
 154              		.size	UART_WifiPrintString, .-UART_WifiPrintString
 155              		.text
 156              	.Letext0:
 157              		.file 2 "Generated_Source\\PSoC4/cytypes.h"
 158              		.file 3 "Generated_Source\\PSoC4/BLE_Stack.h"
 159              		.file 4 "Generated_Source\\PSoC4/BLE_eventHandler.h"
 160              		.file 5 ".\\BLE_CAR_Client.h"
 161              		.section	.debug_info,"",%progbits
 162              	.Ldebug_info0:
 163 0000 52030000 		.4byte	0x352
 164 0004 0400     		.2byte	0x4
 165 0006 00000000 		.4byte	.Ldebug_abbrev0
 166 000a 04       		.byte	0x4
 167 000b 01       		.uleb128 0x1
 168 000c 60060000 		.4byte	.LASF97
 169 0010 01       		.byte	0x1
 170 0011 9B080000 		.4byte	.LASF98
 171 0015 1B080000 		.4byte	.LASF99
 172 0019 00000000 		.4byte	.Ldebug_ranges0+0
 173 001d 00000000 		.4byte	0
 174 0021 00000000 		.4byte	.Ldebug_line0
 175 0025 02       		.uleb128 0x2
 176 0026 01       		.byte	0x1
 177 0027 06       		.byte	0x6
 178 0028 D2040000 		.4byte	.LASF0
 179 002c 02       		.uleb128 0x2
 180 002d 01       		.byte	0x1
 181 002e 08       		.byte	0x8
 182 002f 68040000 		.4byte	.LASF1
 183 0033 02       		.uleb128 0x2
 184 0034 02       		.byte	0x2
 185 0035 05       		.byte	0x5
 186 0036 B9000000 		.4byte	.LASF2
 187 003a 02       		.uleb128 0x2
 188 003b 02       		.byte	0x2
 189 003c 07       		.byte	0x7
 190 003d F8050000 		.4byte	.LASF3
 191 0041 02       		.uleb128 0x2
 192 0042 04       		.byte	0x4
 193 0043 05       		.byte	0x5
 194 0044 F7020000 		.4byte	.LASF4
 195 0048 02       		.uleb128 0x2
 196 0049 04       		.byte	0x4
 197 004a 07       		.byte	0x7
 198 004b 77010000 		.4byte	.LASF5
 199 004f 02       		.uleb128 0x2
 200 0050 08       		.byte	0x8
 201 0051 05       		.byte	0x5
 202 0052 780A0000 		.4byte	.LASF6
ARM GAS  C:\Users\Midori\AppData\Local\Temp\cclTnShk.s 			page 6


 203 0056 02       		.uleb128 0x2
 204 0057 08       		.byte	0x8
 205 0058 07       		.byte	0x7
 206 0059 E0020000 		.4byte	.LASF7
 207 005d 03       		.uleb128 0x3
 208 005e 04       		.byte	0x4
 209 005f 05       		.byte	0x5
 210 0060 696E7400 		.ascii	"int\000"
 211 0064 02       		.uleb128 0x2
 212 0065 04       		.byte	0x4
 213 0066 07       		.byte	0x7
 214 0067 3B050000 		.4byte	.LASF8
 215 006b 04       		.uleb128 0x4
 216 006c 24040000 		.4byte	.LASF9
 217 0070 02       		.byte	0x2
 218 0071 9801     		.2byte	0x198
 219 0073 2C000000 		.4byte	0x2c
 220 0077 04       		.uleb128 0x4
 221 0078 94070000 		.4byte	.LASF10
 222 007c 02       		.byte	0x2
 223 007d 9A01     		.2byte	0x19a
 224 007f 48000000 		.4byte	0x48
 225 0083 02       		.uleb128 0x2
 226 0084 04       		.byte	0x4
 227 0085 04       		.byte	0x4
 228 0086 77020000 		.4byte	.LASF11
 229 008a 02       		.uleb128 0x2
 230 008b 08       		.byte	0x8
 231 008c 04       		.byte	0x4
 232 008d DC070000 		.4byte	.LASF12
 233 0091 04       		.uleb128 0x4
 234 0092 23010000 		.4byte	.LASF13
 235 0096 02       		.byte	0x2
 236 0097 A901     		.2byte	0x1a9
 237 0099 9D000000 		.4byte	0x9d
 238 009d 02       		.uleb128 0x2
 239 009e 01       		.byte	0x1
 240 009f 08       		.byte	0x8
 241 00a0 5B060000 		.4byte	.LASF14
 242 00a4 02       		.uleb128 0x2
 243 00a5 04       		.byte	0x4
 244 00a6 07       		.byte	0x7
 245 00a7 DD000000 		.4byte	.LASF15
 246 00ab 05       		.uleb128 0x5
 247 00ac 01       		.byte	0x1
 248 00ad 03       		.byte	0x3
 249 00ae 4201     		.2byte	0x142
 250 00b0 68020000 		.4byte	0x268
 251 00b4 06       		.uleb128 0x6
 252 00b5 19020000 		.4byte	.LASF16
 253 00b9 00       		.sleb128 0
 254 00ba 06       		.uleb128 0x6
 255 00bb 64010000 		.4byte	.LASF17
 256 00bf 01       		.sleb128 1
 257 00c0 06       		.uleb128 0x6
 258 00c1 89090000 		.4byte	.LASF18
 259 00c5 02       		.sleb128 2
ARM GAS  C:\Users\Midori\AppData\Local\Temp\cclTnShk.s 			page 7


 260 00c6 06       		.uleb128 0x6
 261 00c7 A4080000 		.4byte	.LASF19
 262 00cb 03       		.sleb128 3
 263 00cc 06       		.uleb128 0x6
 264 00cd 2E010000 		.4byte	.LASF20
 265 00d1 04       		.sleb128 4
 266 00d2 06       		.uleb128 0x6
 267 00d3 7F030000 		.4byte	.LASF21
 268 00d7 05       		.sleb128 5
 269 00d8 06       		.uleb128 0x6
 270 00d9 46000000 		.4byte	.LASF22
 271 00dd 06       		.sleb128 6
 272 00de 06       		.uleb128 0x6
 273 00df 02090000 		.4byte	.LASF23
 274 00e3 20       		.sleb128 32
 275 00e4 06       		.uleb128 0x6
 276 00e5 78050000 		.4byte	.LASF24
 277 00e9 21       		.sleb128 33
 278 00ea 06       		.uleb128 0x6
 279 00eb 08000000 		.4byte	.LASF25
 280 00ef 22       		.sleb128 34
 281 00f0 06       		.uleb128 0x6
 282 00f1 9B030000 		.4byte	.LASF26
 283 00f5 23       		.sleb128 35
 284 00f6 06       		.uleb128 0x6
 285 00f7 1F050000 		.4byte	.LASF27
 286 00fb 24       		.sleb128 36
 287 00fc 06       		.uleb128 0x6
 288 00fd C3000000 		.4byte	.LASF28
 289 0101 25       		.sleb128 37
 290 0102 06       		.uleb128 0x6
 291 0103 36030000 		.4byte	.LASF29
 292 0107 26       		.sleb128 38
 293 0108 06       		.uleb128 0x6
 294 0109 17030000 		.4byte	.LASF30
 295 010d 27       		.sleb128 39
 296 010e 06       		.uleb128 0x6
 297 010f 560A0000 		.4byte	.LASF31
 298 0113 28       		.sleb128 40
 299 0114 06       		.uleb128 0x6
 300 0115 B8050000 		.4byte	.LASF32
 301 0119 29       		.sleb128 41
 302 011a 06       		.uleb128 0x6
 303 011b 0B060000 		.4byte	.LASF33
 304 011f 2A       		.sleb128 42
 305 0120 06       		.uleb128 0x6
 306 0121 BF090000 		.4byte	.LASF34
 307 0125 2B       		.sleb128 43
 308 0126 06       		.uleb128 0x6
 309 0127 B5010000 		.4byte	.LASF35
 310 012b 2C       		.sleb128 44
 311 012c 06       		.uleb128 0x6
 312 012d 96020000 		.4byte	.LASF36
 313 0131 2D       		.sleb128 45
 314 0132 06       		.uleb128 0x6
 315 0133 95000000 		.4byte	.LASF37
 316 0137 2E       		.sleb128 46
ARM GAS  C:\Users\Midori\AppData\Local\Temp\cclTnShk.s 			page 8


 317 0138 06       		.uleb128 0x6
 318 0139 A40A0000 		.4byte	.LASF38
 319 013d 2F       		.sleb128 47
 320 013e 06       		.uleb128 0x6
 321 013f 02010000 		.4byte	.LASF39
 322 0143 30       		.sleb128 48
 323 0144 06       		.uleb128 0x6
 324 0145 00040000 		.4byte	.LASF40
 325 0149 31       		.sleb128 49
 326 014a 06       		.uleb128 0x6
 327 014b BF020000 		.4byte	.LASF41
 328 014f 32       		.sleb128 50
 329 0150 06       		.uleb128 0x6
 330 0151 34060000 		.4byte	.LASF42
 331 0155 33       		.sleb128 51
 332 0156 06       		.uleb128 0x6
 333 0157 5F000000 		.4byte	.LASF43
 334 015b C000     		.sleb128 64
 335 015d 06       		.uleb128 0x6
 336 015e 48050000 		.4byte	.LASF44
 337 0162 C100     		.sleb128 65
 338 0164 06       		.uleb128 0x6
 339 0165 860A0000 		.4byte	.LASF45
 340 0169 C200     		.sleb128 66
 341 016b 06       		.uleb128 0x6
 342 016c 89010000 		.4byte	.LASF46
 343 0170 C300     		.sleb128 67
 344 0172 06       		.uleb128 0x6
 345 0173 6B090000 		.4byte	.LASF47
 346 0177 C400     		.sleb128 68
 347 0179 06       		.uleb128 0x6
 348 017a 26090000 		.4byte	.LASF48
 349 017e C500     		.sleb128 69
 350 0180 06       		.uleb128 0x6
 351 0181 43010000 		.4byte	.LASF49
 352 0185 C600     		.sleb128 70
 353 0187 06       		.uleb128 0x6
 354 0188 B4040000 		.4byte	.LASF50
 355 018c C700     		.sleb128 71
 356 018e 06       		.uleb128 0x6
 357 018f F8040000 		.4byte	.LASF51
 358 0193 C800     		.sleb128 72
 359 0195 06       		.uleb128 0x6
 360 0196 7D020000 		.4byte	.LASF52
 361 019a C900     		.sleb128 73
 362 019c 06       		.uleb128 0x6
 363 019d 48070000 		.4byte	.LASF53
 364 01a1 CA00     		.sleb128 74
 365 01a3 06       		.uleb128 0x6
 366 01a4 D9010000 		.4byte	.LASF54
 367 01a8 CB00     		.sleb128 75
 368 01aa 06       		.uleb128 0x6
 369 01ab DE040000 		.4byte	.LASF55
 370 01af CC00     		.sleb128 76
 371 01b1 06       		.uleb128 0x6
 372 01b2 2C000000 		.4byte	.LASF56
 373 01b6 CD00     		.sleb128 77
ARM GAS  C:\Users\Midori\AppData\Local\Temp\cclTnShk.s 			page 9


 374 01b8 06       		.uleb128 0x6
 375 01b9 4D090000 		.4byte	.LASF57
 376 01bd CE00     		.sleb128 78
 377 01bf 06       		.uleb128 0x6
 378 01c0 76040000 		.4byte	.LASF58
 379 01c4 CF00     		.sleb128 79
 380 01c6 06       		.uleb128 0x6
 381 01c7 370A0000 		.4byte	.LASF59
 382 01cb D000     		.sleb128 80
 383 01cd 06       		.uleb128 0x6
 384 01ce 75070000 		.4byte	.LASF60
 385 01d2 D100     		.sleb128 81
 386 01d4 06       		.uleb128 0x6
 387 01d5 5E030000 		.4byte	.LASF61
 388 01d9 D200     		.sleb128 82
 389 01db 06       		.uleb128 0x6
 390 01dc C1030000 		.4byte	.LASF62
 391 01e0 D300     		.sleb128 83
 392 01e2 06       		.uleb128 0x6
 393 01e3 F8010000 		.4byte	.LASF63
 394 01e7 D400     		.sleb128 84
 395 01e9 06       		.uleb128 0x6
 396 01ea 24070000 		.4byte	.LASF64
 397 01ee D500     		.sleb128 85
 398 01f0 06       		.uleb128 0x6
 399 01f1 150A0000 		.4byte	.LASF65
 400 01f5 D600     		.sleb128 86
 401 01f7 06       		.uleb128 0x6
 402 01f8 EC090000 		.4byte	.LASF66
 403 01fc D700     		.sleb128 87
 404 01fe 06       		.uleb128 0x6
 405 01ff D5050000 		.4byte	.LASF67
 406 0203 D800     		.sleb128 88
 407 0205 06       		.uleb128 0x6
 408 0206 42040000 		.4byte	.LASF68
 409 020a F000     		.sleb128 112
 410 020c 06       		.uleb128 0x6
 411 020d DC080000 		.4byte	.LASF69
 412 0211 F100     		.sleb128 113
 413 0213 06       		.uleb128 0x6
 414 0214 08070000 		.4byte	.LASF70
 415 0218 F200     		.sleb128 114
 416 021a 06       		.uleb128 0x6
 417 021b 5E080000 		.4byte	.LASF71
 418 021f F300     		.sleb128 115
 419 0221 06       		.uleb128 0x6
 420 0222 E2030000 		.4byte	.LASF72
 421 0226 F400     		.sleb128 116
 422 0228 06       		.uleb128 0x6
 423 0229 97050000 		.4byte	.LASF73
 424 022d F500     		.sleb128 117
 425 022f 06       		.uleb128 0x6
 426 0230 56020000 		.4byte	.LASF74
 427 0234 F600     		.sleb128 118
 428 0236 06       		.uleb128 0x6
 429 0237 BD080000 		.4byte	.LASF75
 430 023b F700     		.sleb128 119
ARM GAS  C:\Users\Midori\AppData\Local\Temp\cclTnShk.s 			page 10


 431 023d 06       		.uleb128 0x6
 432 023e B9070000 		.4byte	.LASF76
 433 0242 F800     		.sleb128 120
 434 0244 06       		.uleb128 0x6
 435 0245 F8070000 		.4byte	.LASF77
 436 0249 F900     		.sleb128 121
 437 024b 06       		.uleb128 0x6
 438 024c 9B090000 		.4byte	.LASF78
 439 0250 FA00     		.sleb128 122
 440 0252 06       		.uleb128 0x6
 441 0253 9B070000 		.4byte	.LASF79
 442 0257 FA01     		.sleb128 250
 443 0259 06       		.uleb128 0x6
 444 025a 95040000 		.4byte	.LASF80
 445 025e FB01     		.sleb128 251
 446 0260 06       		.uleb128 0x6
 447 0261 DE090000 		.4byte	.LASF81
 448 0265 FF01     		.sleb128 255
 449 0267 00       		.byte	0
 450 0268 05       		.uleb128 0x5
 451 0269 01       		.byte	0x1
 452 026a 04       		.byte	0x4
 453 026b 0108     		.2byte	0x801
 454 026d 84020000 		.4byte	0x284
 455 0271 06       		.uleb128 0x6
 456 0272 66070000 		.4byte	.LASF82
 457 0276 00       		.sleb128 0
 458 0277 06       		.uleb128 0x6
 459 0278 07030000 		.4byte	.LASF83
 460 027c 01       		.sleb128 1
 461 027d 06       		.uleb128 0x6
 462 027e 30020000 		.4byte	.LASF84
 463 0282 02       		.sleb128 2
 464 0283 00       		.byte	0
 465 0284 07       		.uleb128 0x7
 466 0285 01       		.byte	0x1
 467 0286 05       		.byte	0x5
 468 0287 27       		.byte	0x27
 469 0288 A5020000 		.4byte	0x2a5
 470 028c 06       		.uleb128 0x6
 471 028d 7C080000 		.4byte	.LASF85
 472 0291 00       		.sleb128 0
 473 0292 06       		.uleb128 0x6
 474 0293 E6000000 		.4byte	.LASF86
 475 0297 01       		.sleb128 1
 476 0298 06       		.uleb128 0x6
 477 0299 79000000 		.4byte	.LASF87
 478 029d 02       		.sleb128 2
 479 029e 06       		.uleb128 0x6
 480 029f EE060000 		.4byte	.LASF88
 481 02a3 03       		.sleb128 3
 482 02a4 00       		.byte	0
 483 02a5 08       		.uleb128 0x8
 484 02a6 2A040000 		.4byte	.LASF89
 485 02aa 05       		.byte	0x5
 486 02ab 2C       		.byte	0x2c
 487 02ac 84020000 		.4byte	0x284
ARM GAS  C:\Users\Midori\AppData\Local\Temp\cclTnShk.s 			page 11


 488 02b0 09       		.uleb128 0x9
 489 02b1 29010000 		.4byte	.LASF90
 490 02b5 01       		.byte	0x1
 491 02b6 28       		.byte	0x28
 492 02b7 5D000000 		.4byte	0x5d
 493 02bb 00000000 		.4byte	.LFB37
 494 02bf 44000000 		.4byte	.LFE37-.LFB37
 495 02c3 01       		.uleb128 0x1
 496 02c4 9C       		.byte	0x9c
 497 02c5 D7020000 		.4byte	0x2d7
 498 02c9 0A       		.uleb128 0xa
 499 02ca 636400   		.ascii	"cd\000"
 500 02cd 01       		.byte	0x1
 501 02ce 2E       		.byte	0x2e
 502 02cf 5D000000 		.4byte	0x5d
 503 02d3 02       		.uleb128 0x2
 504 02d4 91       		.byte	0x91
 505 02d5 74       		.sleb128 -12
 506 02d6 00       		.byte	0
 507 02d7 0B       		.uleb128 0xb
 508 02d8 E3070000 		.4byte	.LASF91
 509 02dc 01       		.byte	0x1
 510 02dd 45       		.byte	0x45
 511 02de 00000000 		.4byte	.LFB38
 512 02e2 58000000 		.4byte	.LFE38-.LFB38
 513 02e6 01       		.uleb128 0x1
 514 02e7 9C       		.byte	0x9c
 515 02e8 17030000 		.4byte	0x317
 516 02ec 0C       		.uleb128 0xc
 517 02ed 00030000 		.4byte	.LASF100
 518 02f1 01       		.byte	0x1
 519 02f2 45       		.byte	0x45
 520 02f3 17030000 		.4byte	0x317
 521 02f7 02       		.uleb128 0x2
 522 02f8 91       		.byte	0x91
 523 02f9 6C       		.sleb128 -20
 524 02fa 0D       		.uleb128 0xd
 525 02fb 00000000 		.4byte	.LASF92
 526 02ff 01       		.byte	0x1
 527 0300 47       		.byte	0x47
 528 0301 6B000000 		.4byte	0x6b
 529 0305 02       		.uleb128 0x2
 530 0306 91       		.byte	0x91
 531 0307 77       		.sleb128 -9
 532 0308 0D       		.uleb128 0xd
 533 0309 8F050000 		.4byte	.LASF93
 534 030d 01       		.byte	0x1
 535 030e 48       		.byte	0x48
 536 030f 91000000 		.4byte	0x91
 537 0313 02       		.uleb128 0x2
 538 0314 91       		.byte	0x91
 539 0315 76       		.sleb128 -10
 540 0316 00       		.byte	0
 541 0317 0E       		.uleb128 0xe
 542 0318 04       		.byte	0x4
 543 0319 1D030000 		.4byte	0x31d
 544 031d 0F       		.uleb128 0xf
ARM GAS  C:\Users\Midori\AppData\Local\Temp\cclTnShk.s 			page 12


 545 031e 91000000 		.4byte	0x91
 546 0322 10       		.uleb128 0x10
 547 0323 41020000 		.4byte	.LASF94
 548 0327 05       		.byte	0x5
 549 0328 23       		.byte	0x23
 550 0329 6B000000 		.4byte	0x6b
 551 032d 05       		.uleb128 0x5
 552 032e 03       		.byte	0x3
 553 032f 00000000 		.4byte	ble_CAR_Server_found
 554 0333 10       		.uleb128 0x10
 555 0334 A7010000 		.4byte	.LASF95
 556 0338 05       		.byte	0x5
 557 0339 24       		.byte	0x24
 558 033a 6B000000 		.4byte	0x6b
 559 033e 05       		.uleb128 0x5
 560 033f 03       		.byte	0x3
 561 0340 00000000 		.4byte	Motor_Command
 562 0344 10       		.uleb128 0x10
 563 0345 63050000 		.4byte	.LASF96
 564 0349 05       		.byte	0x5
 565 034a 2E       		.byte	0x2e
 566 034b A5020000 		.4byte	0x2a5
 567 034f 05       		.uleb128 0x5
 568 0350 03       		.byte	0x3
 569 0351 00000000 		.4byte	ble_CAR_Client_State
 570 0355 00       		.byte	0
 571              		.section	.debug_abbrev,"",%progbits
 572              	.Ldebug_abbrev0:
 573 0000 01       		.uleb128 0x1
 574 0001 11       		.uleb128 0x11
 575 0002 01       		.byte	0x1
 576 0003 25       		.uleb128 0x25
 577 0004 0E       		.uleb128 0xe
 578 0005 13       		.uleb128 0x13
 579 0006 0B       		.uleb128 0xb
 580 0007 03       		.uleb128 0x3
 581 0008 0E       		.uleb128 0xe
 582 0009 1B       		.uleb128 0x1b
 583 000a 0E       		.uleb128 0xe
 584 000b 55       		.uleb128 0x55
 585 000c 17       		.uleb128 0x17
 586 000d 11       		.uleb128 0x11
 587 000e 01       		.uleb128 0x1
 588 000f 10       		.uleb128 0x10
 589 0010 17       		.uleb128 0x17
 590 0011 00       		.byte	0
 591 0012 00       		.byte	0
 592 0013 02       		.uleb128 0x2
 593 0014 24       		.uleb128 0x24
 594 0015 00       		.byte	0
 595 0016 0B       		.uleb128 0xb
 596 0017 0B       		.uleb128 0xb
 597 0018 3E       		.uleb128 0x3e
 598 0019 0B       		.uleb128 0xb
 599 001a 03       		.uleb128 0x3
 600 001b 0E       		.uleb128 0xe
 601 001c 00       		.byte	0
ARM GAS  C:\Users\Midori\AppData\Local\Temp\cclTnShk.s 			page 13


 602 001d 00       		.byte	0
 603 001e 03       		.uleb128 0x3
 604 001f 24       		.uleb128 0x24
 605 0020 00       		.byte	0
 606 0021 0B       		.uleb128 0xb
 607 0022 0B       		.uleb128 0xb
 608 0023 3E       		.uleb128 0x3e
 609 0024 0B       		.uleb128 0xb
 610 0025 03       		.uleb128 0x3
 611 0026 08       		.uleb128 0x8
 612 0027 00       		.byte	0
 613 0028 00       		.byte	0
 614 0029 04       		.uleb128 0x4
 615 002a 16       		.uleb128 0x16
 616 002b 00       		.byte	0
 617 002c 03       		.uleb128 0x3
 618 002d 0E       		.uleb128 0xe
 619 002e 3A       		.uleb128 0x3a
 620 002f 0B       		.uleb128 0xb
 621 0030 3B       		.uleb128 0x3b
 622 0031 05       		.uleb128 0x5
 623 0032 49       		.uleb128 0x49
 624 0033 13       		.uleb128 0x13
 625 0034 00       		.byte	0
 626 0035 00       		.byte	0
 627 0036 05       		.uleb128 0x5
 628 0037 04       		.uleb128 0x4
 629 0038 01       		.byte	0x1
 630 0039 0B       		.uleb128 0xb
 631 003a 0B       		.uleb128 0xb
 632 003b 3A       		.uleb128 0x3a
 633 003c 0B       		.uleb128 0xb
 634 003d 3B       		.uleb128 0x3b
 635 003e 05       		.uleb128 0x5
 636 003f 01       		.uleb128 0x1
 637 0040 13       		.uleb128 0x13
 638 0041 00       		.byte	0
 639 0042 00       		.byte	0
 640 0043 06       		.uleb128 0x6
 641 0044 28       		.uleb128 0x28
 642 0045 00       		.byte	0
 643 0046 03       		.uleb128 0x3
 644 0047 0E       		.uleb128 0xe
 645 0048 1C       		.uleb128 0x1c
 646 0049 0D       		.uleb128 0xd
 647 004a 00       		.byte	0
 648 004b 00       		.byte	0
 649 004c 07       		.uleb128 0x7
 650 004d 04       		.uleb128 0x4
 651 004e 01       		.byte	0x1
 652 004f 0B       		.uleb128 0xb
 653 0050 0B       		.uleb128 0xb
 654 0051 3A       		.uleb128 0x3a
 655 0052 0B       		.uleb128 0xb
 656 0053 3B       		.uleb128 0x3b
 657 0054 0B       		.uleb128 0xb
 658 0055 01       		.uleb128 0x1
ARM GAS  C:\Users\Midori\AppData\Local\Temp\cclTnShk.s 			page 14


 659 0056 13       		.uleb128 0x13
 660 0057 00       		.byte	0
 661 0058 00       		.byte	0
 662 0059 08       		.uleb128 0x8
 663 005a 16       		.uleb128 0x16
 664 005b 00       		.byte	0
 665 005c 03       		.uleb128 0x3
 666 005d 0E       		.uleb128 0xe
 667 005e 3A       		.uleb128 0x3a
 668 005f 0B       		.uleb128 0xb
 669 0060 3B       		.uleb128 0x3b
 670 0061 0B       		.uleb128 0xb
 671 0062 49       		.uleb128 0x49
 672 0063 13       		.uleb128 0x13
 673 0064 00       		.byte	0
 674 0065 00       		.byte	0
 675 0066 09       		.uleb128 0x9
 676 0067 2E       		.uleb128 0x2e
 677 0068 01       		.byte	0x1
 678 0069 3F       		.uleb128 0x3f
 679 006a 19       		.uleb128 0x19
 680 006b 03       		.uleb128 0x3
 681 006c 0E       		.uleb128 0xe
 682 006d 3A       		.uleb128 0x3a
 683 006e 0B       		.uleb128 0xb
 684 006f 3B       		.uleb128 0x3b
 685 0070 0B       		.uleb128 0xb
 686 0071 49       		.uleb128 0x49
 687 0072 13       		.uleb128 0x13
 688 0073 11       		.uleb128 0x11
 689 0074 01       		.uleb128 0x1
 690 0075 12       		.uleb128 0x12
 691 0076 06       		.uleb128 0x6
 692 0077 40       		.uleb128 0x40
 693 0078 18       		.uleb128 0x18
 694 0079 9642     		.uleb128 0x2116
 695 007b 19       		.uleb128 0x19
 696 007c 01       		.uleb128 0x1
 697 007d 13       		.uleb128 0x13
 698 007e 00       		.byte	0
 699 007f 00       		.byte	0
 700 0080 0A       		.uleb128 0xa
 701 0081 34       		.uleb128 0x34
 702 0082 00       		.byte	0
 703 0083 03       		.uleb128 0x3
 704 0084 08       		.uleb128 0x8
 705 0085 3A       		.uleb128 0x3a
 706 0086 0B       		.uleb128 0xb
 707 0087 3B       		.uleb128 0x3b
 708 0088 0B       		.uleb128 0xb
 709 0089 49       		.uleb128 0x49
 710 008a 13       		.uleb128 0x13
 711 008b 02       		.uleb128 0x2
 712 008c 18       		.uleb128 0x18
 713 008d 00       		.byte	0
 714 008e 00       		.byte	0
 715 008f 0B       		.uleb128 0xb
ARM GAS  C:\Users\Midori\AppData\Local\Temp\cclTnShk.s 			page 15


 716 0090 2E       		.uleb128 0x2e
 717 0091 01       		.byte	0x1
 718 0092 3F       		.uleb128 0x3f
 719 0093 19       		.uleb128 0x19
 720 0094 03       		.uleb128 0x3
 721 0095 0E       		.uleb128 0xe
 722 0096 3A       		.uleb128 0x3a
 723 0097 0B       		.uleb128 0xb
 724 0098 3B       		.uleb128 0x3b
 725 0099 0B       		.uleb128 0xb
 726 009a 27       		.uleb128 0x27
 727 009b 19       		.uleb128 0x19
 728 009c 11       		.uleb128 0x11
 729 009d 01       		.uleb128 0x1
 730 009e 12       		.uleb128 0x12
 731 009f 06       		.uleb128 0x6
 732 00a0 40       		.uleb128 0x40
 733 00a1 18       		.uleb128 0x18
 734 00a2 9642     		.uleb128 0x2116
 735 00a4 19       		.uleb128 0x19
 736 00a5 01       		.uleb128 0x1
 737 00a6 13       		.uleb128 0x13
 738 00a7 00       		.byte	0
 739 00a8 00       		.byte	0
 740 00a9 0C       		.uleb128 0xc
 741 00aa 05       		.uleb128 0x5
 742 00ab 00       		.byte	0
 743 00ac 03       		.uleb128 0x3
 744 00ad 0E       		.uleb128 0xe
 745 00ae 3A       		.uleb128 0x3a
 746 00af 0B       		.uleb128 0xb
 747 00b0 3B       		.uleb128 0x3b
 748 00b1 0B       		.uleb128 0xb
 749 00b2 49       		.uleb128 0x49
 750 00b3 13       		.uleb128 0x13
 751 00b4 02       		.uleb128 0x2
 752 00b5 18       		.uleb128 0x18
 753 00b6 00       		.byte	0
 754 00b7 00       		.byte	0
 755 00b8 0D       		.uleb128 0xd
 756 00b9 34       		.uleb128 0x34
 757 00ba 00       		.byte	0
 758 00bb 03       		.uleb128 0x3
 759 00bc 0E       		.uleb128 0xe
 760 00bd 3A       		.uleb128 0x3a
 761 00be 0B       		.uleb128 0xb
 762 00bf 3B       		.uleb128 0x3b
 763 00c0 0B       		.uleb128 0xb
 764 00c1 49       		.uleb128 0x49
 765 00c2 13       		.uleb128 0x13
 766 00c3 02       		.uleb128 0x2
 767 00c4 18       		.uleb128 0x18
 768 00c5 00       		.byte	0
 769 00c6 00       		.byte	0
 770 00c7 0E       		.uleb128 0xe
 771 00c8 0F       		.uleb128 0xf
 772 00c9 00       		.byte	0
ARM GAS  C:\Users\Midori\AppData\Local\Temp\cclTnShk.s 			page 16


 773 00ca 0B       		.uleb128 0xb
 774 00cb 0B       		.uleb128 0xb
 775 00cc 49       		.uleb128 0x49
 776 00cd 13       		.uleb128 0x13
 777 00ce 00       		.byte	0
 778 00cf 00       		.byte	0
 779 00d0 0F       		.uleb128 0xf
 780 00d1 26       		.uleb128 0x26
 781 00d2 00       		.byte	0
 782 00d3 49       		.uleb128 0x49
 783 00d4 13       		.uleb128 0x13
 784 00d5 00       		.byte	0
 785 00d6 00       		.byte	0
 786 00d7 10       		.uleb128 0x10
 787 00d8 34       		.uleb128 0x34
 788 00d9 00       		.byte	0
 789 00da 03       		.uleb128 0x3
 790 00db 0E       		.uleb128 0xe
 791 00dc 3A       		.uleb128 0x3a
 792 00dd 0B       		.uleb128 0xb
 793 00de 3B       		.uleb128 0x3b
 794 00df 0B       		.uleb128 0xb
 795 00e0 49       		.uleb128 0x49
 796 00e1 13       		.uleb128 0x13
 797 00e2 3F       		.uleb128 0x3f
 798 00e3 19       		.uleb128 0x19
 799 00e4 02       		.uleb128 0x2
 800 00e5 18       		.uleb128 0x18
 801 00e6 00       		.byte	0
 802 00e7 00       		.byte	0
 803 00e8 00       		.byte	0
 804              		.section	.debug_aranges,"",%progbits
 805 0000 24000000 		.4byte	0x24
 806 0004 0200     		.2byte	0x2
 807 0006 00000000 		.4byte	.Ldebug_info0
 808 000a 04       		.byte	0x4
 809 000b 00       		.byte	0
 810 000c 0000     		.2byte	0
 811 000e 0000     		.2byte	0
 812 0010 00000000 		.4byte	.LFB37
 813 0014 44000000 		.4byte	.LFE37-.LFB37
 814 0018 00000000 		.4byte	.LFB38
 815 001c 58000000 		.4byte	.LFE38-.LFB38
 816 0020 00000000 		.4byte	0
 817 0024 00000000 		.4byte	0
 818              		.section	.debug_ranges,"",%progbits
 819              	.Ldebug_ranges0:
 820 0000 00000000 		.4byte	.LFB37
 821 0004 44000000 		.4byte	.LFE37
 822 0008 00000000 		.4byte	.LFB38
 823 000c 58000000 		.4byte	.LFE38
 824 0010 00000000 		.4byte	0
 825 0014 00000000 		.4byte	0
 826              		.section	.debug_line,"",%progbits
 827              	.Ldebug_line0:
 828 0000 C2000000 		.section	.debug_str,"MS",%progbits,1
 828      02007E00 
ARM GAS  C:\Users\Midori\AppData\Local\Temp\cclTnShk.s 			page 17


 828      00000201 
 828      FB0E0D00 
 828      01010101 
 829              	.LASF92:
 830 0000 696E6465 		.ascii	"indexU8\000"
 830      78553800 
 831              	.LASF25:
 832 0008 4359424C 		.ascii	"CYBLE_EVT_GAP_PASSKEY_ENTRY_REQUEST\000"
 832      455F4556 
 832      545F4741 
 832      505F5041 
 832      53534B45 
 833              	.LASF56:
 834 002c 4359424C 		.ascii	"CYBLE_EVT_GATTC_WRITE_RSP\000"
 834      455F4556 
 834      545F4741 
 834      5454435F 
 834      57524954 
 835              	.LASF22:
 836 0046 4359424C 		.ascii	"CYBLE_EVT_MEMORY_REQUEST\000"
 836      455F4556 
 836      545F4D45 
 836      4D4F5259 
 836      5F524551 
 837              	.LASF43:
 838 005f 4359424C 		.ascii	"CYBLE_EVT_GATTC_ERROR_RSP\000"
 838      455F4556 
 838      545F4741 
 838      5454435F 
 838      4552524F 
 839              	.LASF87:
 840 0079 424C455F 		.ascii	"BLE_CAR_CLIENT_STATE_ACTIVE\000"
 840      4341525F 
 840      434C4945 
 840      4E545F53 
 840      54415445 
 841              	.LASF37:
 842 0095 4359424C 		.ascii	"CYBLE_EVT_GAP_KEYPRESS_NOTIFICATION\000"
 842      455F4556 
 842      545F4741 
 842      505F4B45 
 842      59505245 
 843              	.LASF2:
 844 00b9 73686F72 		.ascii	"short int\000"
 844      7420696E 
 844      7400
 845              	.LASF28:
 846 00c3 4359424C 		.ascii	"CYBLE_EVT_GAP_AUTH_FAILED\000"
 846      455F4556 
 846      545F4741 
 846      505F4155 
 846      54485F46 
 847              	.LASF15:
 848 00dd 73697A65 		.ascii	"sizetype\000"
 848      74797065 
 848      00
 849              	.LASF86:
ARM GAS  C:\Users\Midori\AppData\Local\Temp\cclTnShk.s 			page 18


 850 00e6 424C455F 		.ascii	"BLE_CAR_CLIENT_STATE_CONFIG\000"
 850      4341525F 
 850      434C4945 
 850      4E545F53 
 850      54415445 
 851              	.LASF39:
 852 0102 4359424C 		.ascii	"CYBLE_EVT_GAP_DATA_LENGTH_CHANGE\000"
 852      455F4556 
 852      545F4741 
 852      505F4441 
 852      54415F4C 
 853              	.LASF13:
 854 0123 63686172 		.ascii	"char8\000"
 854      3800
 855              	.LASF90:
 856 0129 6D61696E 		.ascii	"main\000"
 856      00
 857              	.LASF20:
 858 012e 4359424C 		.ascii	"CYBLE_EVT_HCI_STATUS\000"
 858      455F4556 
 858      545F4843 
 858      495F5354 
 858      41545553 
 859              	.LASF49:
 860 0143 4359424C 		.ascii	"CYBLE_EVT_GATTC_READ_BY_TYPE_RSP\000"
 860      455F4556 
 860      545F4741 
 860      5454435F 
 860      52454144 
 861              	.LASF17:
 862 0164 4359424C 		.ascii	"CYBLE_EVT_STACK_ON\000"
 862      455F4556 
 862      545F5354 
 862      41434B5F 
 862      4F4E00
 863              	.LASF5:
 864 0177 6C6F6E67 		.ascii	"long unsigned int\000"
 864      20756E73 
 864      69676E65 
 864      6420696E 
 864      7400
 865              	.LASF46:
 866 0189 4359424C 		.ascii	"CYBLE_EVT_GATTS_XCNHG_MTU_REQ\000"
 866      455F4556 
 866      545F4741 
 866      5454535F 
 866      58434E48 
 867              	.LASF95:
 868 01a7 4D6F746F 		.ascii	"Motor_Command\000"
 868      725F436F 
 868      6D6D616E 
 868      6400
 869              	.LASF35:
 870 01b5 4359424C 		.ascii	"CYBLE_EVT_GAP_KEYINFO_EXCHNGE_CMPLT\000"
 870      455F4556 
 870      545F4741 
 870      505F4B45 
ARM GAS  C:\Users\Midori\AppData\Local\Temp\cclTnShk.s 			page 19


 870      59494E46 
 871              	.LASF54:
 872 01d9 4359424C 		.ascii	"CYBLE_EVT_GATTC_READ_MULTI_RSP\000"
 872      455F4556 
 872      545F4741 
 872      5454435F 
 872      52454144 
 873              	.LASF63:
 874 01f8 4359424C 		.ascii	"CYBLE_EVT_GATTS_HANDLE_VALUE_CNF\000"
 874      455F4556 
 874      545F4741 
 874      5454535F 
 874      48414E44 
 875              	.LASF16:
 876 0219 4359424C 		.ascii	"CYBLE_EVT_HOST_INVALID\000"
 876      455F4556 
 876      545F484F 
 876      53545F49 
 876      4E56414C 
 877              	.LASF84:
 878 0230 4359424C 		.ascii	"CYBLE_SRVI_COUNT\000"
 878      455F5352 
 878      56495F43 
 878      4F554E54 
 878      00
 879              	.LASF94:
 880 0241 626C655F 		.ascii	"ble_CAR_Server_found\000"
 880      4341525F 
 880      53657276 
 880      65725F66 
 880      6F756E64 
 881              	.LASF74:
 882 0256 4359424C 		.ascii	"CYBLE_EVT_L2CAP_CBFC_DISCONN_CNF\000"
 882      455F4556 
 882      545F4C32 
 882      4341505F 
 882      43424643 
 883              	.LASF11:
 884 0277 666C6F61 		.ascii	"float\000"
 884      7400
 885              	.LASF52:
 886 027d 4359424C 		.ascii	"CYBLE_EVT_GATTC_READ_RSP\000"
 886      455F4556 
 886      545F4741 
 886      5454435F 
 886      52454144 
 887              	.LASF36:
 888 0296 4359424C 		.ascii	"CYBLE_EVT_GAP_NUMERIC_COMPARISON_REQUEST\000"
 888      455F4556 
 888      545F4741 
 888      505F4E55 
 888      4D455249 
 889              	.LASF41:
 890 02bf 4359424C 		.ascii	"CYBLE_EVT_GAPC_DIRECT_ADV_REPORT\000"
 890      455F4556 
 890      545F4741 
 890      50435F44 
ARM GAS  C:\Users\Midori\AppData\Local\Temp\cclTnShk.s 			page 20


 890      49524543 
 891              	.LASF7:
 892 02e0 6C6F6E67 		.ascii	"long long unsigned int\000"
 892      206C6F6E 
 892      6720756E 
 892      7369676E 
 892      65642069 
 893              	.LASF4:
 894 02f7 6C6F6E67 		.ascii	"long int\000"
 894      20696E74 
 894      00
 895              	.LASF100:
 896 0300 73747269 		.ascii	"string\000"
 896      6E6700
 897              	.LASF83:
 898 0307 4359424C 		.ascii	"CYBLE_SRVI_GATT\000"
 898      455F5352 
 898      56495F47 
 898      41545400 
 899              	.LASF30:
 900 0317 4359424C 		.ascii	"CYBLE_EVT_GAP_DEVICE_CONNECTED\000"
 900      455F4556 
 900      545F4741 
 900      505F4445 
 900      56494345 
 901              	.LASF29:
 902 0336 4359424C 		.ascii	"CYBLE_EVT_GAPP_ADVERTISEMENT_START_STOP\000"
 902      455F4556 
 902      545F4741 
 902      50505F41 
 902      44564552 
 903              	.LASF61:
 904 035e 4359424C 		.ascii	"CYBLE_EVT_GATTC_HANDLE_VALUE_NTF\000"
 904      455F4556 
 904      545F4741 
 904      5454435F 
 904      48414E44 
 905              	.LASF21:
 906 037f 4359424C 		.ascii	"CYBLE_EVT_STACK_BUSY_STATUS\000"
 906      455F4556 
 906      545F5354 
 906      41434B5F 
 906      42555359 
 907              	.LASF26:
 908 039b 4359424C 		.ascii	"CYBLE_EVT_GAP_PASSKEY_DISPLAY_REQUEST\000"
 908      455F4556 
 908      545F4741 
 908      505F5041 
 908      53534B45 
 909              	.LASF62:
 910 03c1 4359424C 		.ascii	"CYBLE_EVT_GATTC_HANDLE_VALUE_IND\000"
 910      455F4556 
 910      545F4741 
 910      5454435F 
 910      48414E44 
 911              	.LASF72:
 912 03e2 4359424C 		.ascii	"CYBLE_EVT_L2CAP_CBFC_CONN_CNF\000"
ARM GAS  C:\Users\Midori\AppData\Local\Temp\cclTnShk.s 			page 21


 912      455F4556 
 912      545F4C32 
 912      4341505F 
 912      43424643 
 913              	.LASF40:
 914 0400 4359424C 		.ascii	"CYBLE_EVT_GAP_ENHANCE_CONN_COMPLETE\000"
 914      455F4556 
 914      545F4741 
 914      505F454E 
 914      48414E43 
 915              	.LASF9:
 916 0424 75696E74 		.ascii	"uint8\000"
 916      3800
 917              	.LASF89:
 918 042a 424C455F 		.ascii	"BLE_CAR_CLIENT_STATES_T\000"
 918      4341525F 
 918      434C4945 
 918      4E545F53 
 918      54415445 
 919              	.LASF68:
 920 0442 4359424C 		.ascii	"CYBLE_EVT_L2CAP_CONN_PARAM_UPDATE_REQ\000"
 920      455F4556 
 920      545F4C32 
 920      4341505F 
 920      434F4E4E 
 921              	.LASF1:
 922 0468 756E7369 		.ascii	"unsigned char\000"
 922      676E6564 
 922      20636861 
 922      7200
 923              	.LASF58:
 924 0476 4359424C 		.ascii	"CYBLE_EVT_GATTS_PREP_WRITE_REQ\000"
 924      455F4556 
 924      545F4741 
 924      5454535F 
 924      50524550 
 925              	.LASF80:
 926 0495 4359424C 		.ascii	"CYBLE_EVT_LE_PING_AUTH_TIMEOUT\000"
 926      455F4556 
 926      545F4C45 
 926      5F50494E 
 926      475F4155 
 927              	.LASF50:
 928 04b4 4359424C 		.ascii	"CYBLE_EVT_GATTC_FIND_INFO_RSP\000"
 928      455F4556 
 928      545F4741 
 928      5454435F 
 928      46494E44 
 929              	.LASF0:
 930 04d2 7369676E 		.ascii	"signed char\000"
 930      65642063 
 930      68617200 
 931              	.LASF55:
 932 04de 4359424C 		.ascii	"CYBLE_EVT_GATTS_WRITE_REQ\000"
 932      455F4556 
 932      545F4741 
 932      5454535F 
ARM GAS  C:\Users\Midori\AppData\Local\Temp\cclTnShk.s 			page 22


 932      57524954 
 933              	.LASF51:
 934 04f8 4359424C 		.ascii	"CYBLE_EVT_GATTC_FIND_BY_TYPE_VALUE_RSP\000"
 934      455F4556 
 934      545F4741 
 934      5454435F 
 934      46494E44 
 935              	.LASF27:
 936 051f 4359424C 		.ascii	"CYBLE_EVT_GAP_AUTH_COMPLETE\000"
 936      455F4556 
 936      545F4741 
 936      505F4155 
 936      54485F43 
 937              	.LASF8:
 938 053b 756E7369 		.ascii	"unsigned int\000"
 938      676E6564 
 938      20696E74 
 938      00
 939              	.LASF44:
 940 0548 4359424C 		.ascii	"CYBLE_EVT_GATT_CONNECT_IND\000"
 940      455F4556 
 940      545F4741 
 940      54545F43 
 940      4F4E4E45 
 941              	.LASF96:
 942 0563 626C655F 		.ascii	"ble_CAR_Client_State\000"
 942      4341525F 
 942      436C6965 
 942      6E745F53 
 942      74617465 
 943              	.LASF24:
 944 0578 4359424C 		.ascii	"CYBLE_EVT_GAP_AUTH_REQ\000"
 944      455F4556 
 944      545F4741 
 944      505F4155 
 944      54485F52 
 945              	.LASF93:
 946 058f 63757272 		.ascii	"current\000"
 946      656E7400 
 947              	.LASF73:
 948 0597 4359424C 		.ascii	"CYBLE_EVT_L2CAP_CBFC_DISCONN_IND\000"
 948      455F4556 
 948      545F4C32 
 948      4341505F 
 948      43424643 
 949              	.LASF32:
 950 05b8 4359424C 		.ascii	"CYBLE_EVT_GAP_ENCRYPT_CHANGE\000"
 950      455F4556 
 950      545F4741 
 950      505F454E 
 950      43525950 
 951              	.LASF67:
 952 05d5 4359424C 		.ascii	"CYBLE_EVT_GATTC_LONG_PROCEDURE_END\000"
 952      455F4556 
 952      545F4741 
 952      5454435F 
 952      4C4F4E47 
ARM GAS  C:\Users\Midori\AppData\Local\Temp\cclTnShk.s 			page 23


 953              	.LASF3:
 954 05f8 73686F72 		.ascii	"short unsigned int\000"
 954      7420756E 
 954      7369676E 
 954      65642069 
 954      6E7400
 955              	.LASF33:
 956 060b 4359424C 		.ascii	"CYBLE_EVT_GAP_CONNECTION_UPDATE_COMPLETE\000"
 956      455F4556 
 956      545F4741 
 956      505F434F 
 956      4E4E4543 
 957              	.LASF42:
 958 0634 4359424C 		.ascii	"CYBLE_EVT_GAP_SMP_NEGOTIATED_AUTH_INFO\000"
 958      455F4556 
 958      545F4741 
 958      505F534D 
 958      505F4E45 
 959              	.LASF14:
 960 065b 63686172 		.ascii	"char\000"
 960      00
 961              	.LASF97:
 962 0660 474E5520 		.ascii	"GNU C 4.9.3 20150303 (release) [ARM/embedded-4_9-br"
 962      4320342E 
 962      392E3320 
 962      32303135 
 962      30333033 
 963 0693 616E6368 		.ascii	"anch revision 221220] -mcpu=cortex-m0 -mthumb -g -O"
 963      20726576 
 963      6973696F 
 963      6E203232 
 963      31323230 
 964 06c6 30202D66 		.ascii	"0 -ffunction-sections -ffat-lto-objects\000"
 964      66756E63 
 964      74696F6E 
 964      2D736563 
 964      74696F6E 
 965              	.LASF88:
 966 06ee 424C455F 		.ascii	"BLE_CAR_CLIENT_STATE_BUSY\000"
 966      4341525F 
 966      434C4945 
 966      4E545F53 
 966      54415445 
 967              	.LASF70:
 968 0708 4359424C 		.ascii	"CYBLE_EVT_L2CAP_COMMAND_REJ\000"
 968      455F4556 
 968      545F4C32 
 968      4341505F 
 968      434F4D4D 
 969              	.LASF64:
 970 0724 4359424C 		.ascii	"CYBLE_EVT_GATTS_DATA_SIGNED_CMD_REQ\000"
 970      455F4556 
 970      545F4741 
 970      5454535F 
 970      44415441 
 971              	.LASF53:
 972 0748 4359424C 		.ascii	"CYBLE_EVT_GATTC_READ_BLOB_RSP\000"
ARM GAS  C:\Users\Midori\AppData\Local\Temp\cclTnShk.s 			page 24


 972      455F4556 
 972      545F4741 
 972      5454435F 
 972      52454144 
 973              	.LASF82:
 974 0766 4359424C 		.ascii	"CYBLE_SRVI_GAP\000"
 974      455F5352 
 974      56495F47 
 974      415000
 975              	.LASF60:
 976 0775 4359424C 		.ascii	"CYBLE_EVT_GATTC_EXEC_WRITE_RSP\000"
 976      455F4556 
 976      545F4741 
 976      5454435F 
 976      45584543 
 977              	.LASF10:
 978 0794 75696E74 		.ascii	"uint32\000"
 978      333200
 979              	.LASF79:
 980 079b 4359424C 		.ascii	"CYBLE_EVT_PENDING_FLASH_WRITE\000"
 980      455F4556 
 980      545F5045 
 980      4E44494E 
 980      475F464C 
 981              	.LASF76:
 982 07b9 4359424C 		.ascii	"CYBLE_EVT_L2CAP_CBFC_RX_CREDIT_IND\000"
 982      455F4556 
 982      545F4C32 
 982      4341505F 
 982      43424643 
 983              	.LASF12:
 984 07dc 646F7562 		.ascii	"double\000"
 984      6C6500
 985              	.LASF91:
 986 07e3 55415254 		.ascii	"UART_WifiPrintString\000"
 986      5F576966 
 986      69507269 
 986      6E745374 
 986      72696E67 
 987              	.LASF77:
 988 07f8 4359424C 		.ascii	"CYBLE_EVT_L2CAP_CBFC_TX_CREDIT_IND\000"
 988      455F4556 
 988      545F4C32 
 988      4341505F 
 988      43424643 
 989              	.LASF99:
 990 081b 443A5C57 		.ascii	"D:\\Work\\Projects\\Accelerometer_Controlled_Car\\P"
 990      6F726B5C 
 990      50726F6A 
 990      65637473 
 990      5C416363 
 991 084a 536F435F 		.ascii	"SoC_4_BLE_CAR.cydsn\000"
 991      345F424C 
 991      455F4341 
 991      522E6379 
 991      64736E00 
 992              	.LASF71:
ARM GAS  C:\Users\Midori\AppData\Local\Temp\cclTnShk.s 			page 25


 993 085e 4359424C 		.ascii	"CYBLE_EVT_L2CAP_CBFC_CONN_IND\000"
 993      455F4556 
 993      545F4C32 
 993      4341505F 
 993      43424643 
 994              	.LASF85:
 995 087c 424C455F 		.ascii	"BLE_CAR_CLIENT_STATE_NOT_READY\000"
 995      4341525F 
 995      434C4945 
 995      4E545F53 
 995      54415445 
 996              	.LASF98:
 997 089b 2E5C6D61 		.ascii	".\\main.c\000"
 997      696E2E63 
 997      00
 998              	.LASF19:
 999 08a4 4359424C 		.ascii	"CYBLE_EVT_HARDWARE_ERROR\000"
 999      455F4556 
 999      545F4841 
 999      52445741 
 999      52455F45 
 1000              	.LASF75:
 1001 08bd 4359424C 		.ascii	"CYBLE_EVT_L2CAP_CBFC_DATA_READ\000"
 1001      455F4556 
 1001      545F4C32 
 1001      4341505F 
 1001      43424643 
 1002              	.LASF69:
 1003 08dc 4359424C 		.ascii	"CYBLE_EVT_L2CAP_CONN_PARAM_UPDATE_RSP\000"
 1003      455F4556 
 1003      545F4C32 
 1003      4341505F 
 1003      434F4E4E 
 1004              	.LASF23:
 1005 0902 4359424C 		.ascii	"CYBLE_EVT_GAPC_SCAN_PROGRESS_RESULT\000"
 1005      455F4556 
 1005      545F4741 
 1005      50435F53 
 1005      43414E5F 
 1006              	.LASF48:
 1007 0926 4359424C 		.ascii	"CYBLE_EVT_GATTC_READ_BY_GROUP_TYPE_RSP\000"
 1007      455F4556 
 1007      545F4741 
 1007      5454435F 
 1007      52454144 
 1008              	.LASF57:
 1009 094d 4359424C 		.ascii	"CYBLE_EVT_GATTS_WRITE_CMD_REQ\000"
 1009      455F4556 
 1009      545F4741 
 1009      5454535F 
 1009      57524954 
 1010              	.LASF47:
 1011 096b 4359424C 		.ascii	"CYBLE_EVT_GATTC_XCHNG_MTU_RSP\000"
 1011      455F4556 
 1011      545F4741 
 1011      5454435F 
 1011      5843484E 
ARM GAS  C:\Users\Midori\AppData\Local\Temp\cclTnShk.s 			page 26


 1012              	.LASF18:
 1013 0989 4359424C 		.ascii	"CYBLE_EVT_TIMEOUT\000"
 1013      455F4556 
 1013      545F5449 
 1013      4D454F55 
 1013      5400
 1014              	.LASF78:
 1015 099b 4359424C 		.ascii	"CYBLE_EVT_L2CAP_CBFC_DATA_WRITE_IND\000"
 1015      455F4556 
 1015      545F4C32 
 1015      4341505F 
 1015      43424643 
 1016              	.LASF34:
 1017 09bf 4359424C 		.ascii	"CYBLE_EVT_GAPC_SCAN_START_STOP\000"
 1017      455F4556 
 1017      545F4741 
 1017      50435F53 
 1017      43414E5F 
 1018              	.LASF81:
 1019 09de 4359424C 		.ascii	"CYBLE_EVT_MAX\000"
 1019      455F4556 
 1019      545F4D41 
 1019      5800
 1020              	.LASF66:
 1021 09ec 4359424C 		.ascii	"CYBLE_EVT_GATTS_READ_CHAR_VAL_ACCESS_REQ\000"
 1021      455F4556 
 1021      545F4741 
 1021      5454535F 
 1021      52454144 
 1022              	.LASF65:
 1023 0a15 4359424C 		.ascii	"CYBLE_EVT_GATTC_STOP_CMD_COMPLETE\000"
 1023      455F4556 
 1023      545F4741 
 1023      5454435F 
 1023      53544F50 
 1024              	.LASF59:
 1025 0a37 4359424C 		.ascii	"CYBLE_EVT_GATTS_EXEC_WRITE_REQ\000"
 1025      455F4556 
 1025      545F4741 
 1025      5454535F 
 1025      45584543 
 1026              	.LASF31:
 1027 0a56 4359424C 		.ascii	"CYBLE_EVT_GAP_DEVICE_DISCONNECTED\000"
 1027      455F4556 
 1027      545F4741 
 1027      505F4445 
 1027      56494345 
 1028              	.LASF6:
 1029 0a78 6C6F6E67 		.ascii	"long long int\000"
 1029      206C6F6E 
 1029      6720696E 
 1029      7400
 1030              	.LASF45:
 1031 0a86 4359424C 		.ascii	"CYBLE_EVT_GATT_DISCONNECT_IND\000"
 1031      455F4556 
 1031      545F4741 
 1031      54545F44 
ARM GAS  C:\Users\Midori\AppData\Local\Temp\cclTnShk.s 			page 27


 1031      4953434F 
 1032              	.LASF38:
 1033 0aa4 4359424C 		.ascii	"CYBLE_EVT_GAP_OOB_GENERATED_NOTIFICATION\000"
 1033      455F4556 
 1033      545F4741 
 1033      505F4F4F 
 1033      425F4745 
 1034              		.ident	"GCC: (GNU Tools for ARM Embedded Processors) 4.9.3 20150303 (release) [ARM/embedded-4_9-br
